/root/anaconda3/envs/origin/lib/python3.7/site-packages/torch/distributed/launch.py:186: FutureWarning: The module torch.distributed.launch is deprecated
and will be removed in future. Use torch.distributed.run.
Note that --use_env is set by default in torch.distributed.run.
If your script expects `--local_rank` argument to be set, please
change it to read from `os.environ['LOCAL_RANK']` instead. See 
https://pytorch.org/docs/stable/distributed.html#launch-utility for 
further instructions

  FutureWarning,
WARNING:torch.distributed.run:*****************************************
Setting OMP_NUM_THREADS environment variable for each process to be 1 in default, to avoid your system being overloaded, please further tune the variable for optimal performance in your application as needed. 
*****************************************
2021-11-12 03:08:56,957 - mmdet - INFO - Environment info:
------------------------------------------------------------
sys.platform: linux
Python: 3.7.11 (default, Jul 27 2021, 14:32:16) [GCC 7.5.0]
CUDA available: True
GPU 0,1,2,3: GeForce GTX 1080 Ti
GPU 4,5: GeForce GTX 1080
CUDA_HOME: /usr/local/cuda
NVCC: Cuda compilation tools, release 10.1, V10.1.243
GCC: gcc (Ubuntu 7.4.0-1ubuntu1~18.04.1) 7.4.0
PyTorch: 1.9.1
PyTorch compiling details: PyTorch built with:
  - GCC 7.3
  - C++ Version: 201402
  - Intel(R) oneAPI Math Kernel Library Version 2021.3-Product Build 20210617 for Intel(R) 64 architecture applications
  - Intel(R) MKL-DNN v2.1.2 (Git Hash 98be7e8afa711dc9b66c8ff3504129cb82013cdb)
  - OpenMP 201511 (a.k.a. OpenMP 4.5)
  - NNPACK is enabled
  - CPU capability usage: AVX2
  - CUDA Runtime 10.2
  - NVCC architecture flags: -gencode;arch=compute_37,code=sm_37;-gencode;arch=compute_50,code=sm_50;-gencode;arch=compute_60,code=sm_60;-gencode;arch=compute_61,code=sm_61;-gencode;arch=compute_70,code=sm_70;-gencode;arch=compute_75,code=sm_75;-gencode;arch=compute_37,code=compute_37
  - CuDNN 7.6.5
  - Magma 2.5.2
  - Build settings: BLAS_INFO=mkl, BUILD_TYPE=Release, CUDA_VERSION=10.2, CUDNN_VERSION=7.6.5, CXX_COMPILER=/opt/rh/devtoolset-7/root/usr/bin/c++, CXX_FLAGS= -Wno-deprecated -fvisibility-inlines-hidden -DUSE_PTHREADPOOL -fopenmp -DNDEBUG -DUSE_KINETO -DUSE_FBGEMM -DUSE_QNNPACK -DUSE_PYTORCH_QNNPACK -DUSE_XNNPACK -DSYMBOLICATE_MOBILE_DEBUG_HANDLE -O2 -fPIC -Wno-narrowing -Wall -Wextra -Werror=return-type -Wno-missing-field-initializers -Wno-type-limits -Wno-array-bounds -Wno-unknown-pragmas -Wno-sign-compare -Wno-unused-parameter -Wno-unused-variable -Wno-unused-function -Wno-unused-result -Wno-unused-local-typedefs -Wno-strict-overflow -Wno-strict-aliasing -Wno-error=deprecated-declarations -Wno-stringop-overflow -Wno-psabi -Wno-error=pedantic -Wno-error=redundant-decls -Wno-error=old-style-cast -fdiagnostics-color=always -faligned-new -Wno-unused-but-set-variable -Wno-maybe-uninitialized -fno-math-errno -fno-trapping-math -Werror=format -Wno-stringop-overflow, LAPACK_INFO=mkl, PERF_WITH_AVX=1, PERF_WITH_AVX2=1, PERF_WITH_AVX512=1, TORCH_VERSION=1.9.1, USE_CUDA=ON, USE_CUDNN=ON, USE_EXCEPTION_PTR=1, USE_GFLAGS=OFF, USE_GLOG=OFF, USE_MKL=ON, USE_MKLDNN=ON, USE_MPI=OFF, USE_NCCL=ON, USE_NNPACK=ON, USE_OPENMP=ON, 

TorchVision: 0.10.1
OpenCV: 4.5.4-dev
MMCV: 1.3.9
MMCV Compiler: GCC 7.3
MMCV CUDA Compiler: 10.2
MMDetection: 2.16.0+unknown
------------------------------------------------------------

2021-11-12 03:08:57,744 - mmdet - INFO - Distributed training: True
2021-11-12 03:08:58,521 - mmdet - INFO - Config:
dataset_type = 'CocoDataset'
data_root = '/ayb/UVM_Datasets/'
img_norm_cfg = dict(
    mean=[123.675, 116.28, 103.53], std=[58.395, 57.12, 57.375], to_rgb=True)
train_pipeline = [
    dict(type='LoadImageFromFile'),
    dict(type='LoadAnnotations', with_bbox=True),
    dict(type='Resize', img_scale=(1333, 800), keep_ratio=True),
    dict(type='RandomFlip', flip_ratio=0.5),
    dict(
        type='Normalize',
        mean=[123.675, 116.28, 103.53],
        std=[58.395, 57.12, 57.375],
        to_rgb=True),
    dict(type='Pad', size_divisor=32),
    dict(type='DefaultFormatBundle'),
    dict(type='Collect', keys=['img', 'gt_bboxes', 'gt_labels'])
]
test_pipeline = [
    dict(type='LoadImageFromFile'),
    dict(
        type='MultiScaleFlipAug',
        img_scale=(1333, 800),
        flip=False,
        transforms=[
            dict(type='Resize', keep_ratio=True),
            dict(type='RandomFlip'),
            dict(
                type='Normalize',
                mean=[123.675, 116.28, 103.53],
                std=[58.395, 57.12, 57.375],
                to_rgb=True),
            dict(type='Pad', size_divisor=32),
            dict(type='ImageToTensor', keys=['img']),
            dict(type='Collect', keys=['img'])
        ])
]
data = dict(
    samples_per_gpu=1,
    workers_per_gpu=2,
    train=dict(
        type='CocoDataset',
        ann_file='/ayb/UVM_Datasets/voc_train3.json',
        img_prefix='/ayb/UVM_Datasets/voc8/VOCdevkit/VOC2007/JPEGImages',
        pipeline=[
            dict(type='LoadImageFromFile'),
            dict(type='LoadAnnotations', with_bbox=True),
            dict(type='Resize', img_scale=(1333, 800), keep_ratio=True),
            dict(type='RandomFlip', flip_ratio=0.5),
            dict(
                type='Normalize',
                mean=[123.675, 116.28, 103.53],
                std=[58.395, 57.12, 57.375],
                to_rgb=True),
            dict(type='Pad', size_divisor=32),
            dict(type='DefaultFormatBundle'),
            dict(type='Collect', keys=['img', 'gt_bboxes', 'gt_labels'])
        ]),
    val=dict(
        type='CocoDataset',
        ann_file='/ayb/UVM_Datasets/voc_valid3.json',
        img_prefix='/ayb/UVM_Datasets/voc8/VOCdevkit/VOC2007/JPEGImages',
        pipeline=[
            dict(type='LoadImageFromFile'),
            dict(
                type='MultiScaleFlipAug',
                img_scale=(1333, 800),
                flip=False,
                transforms=[
                    dict(type='Resize', keep_ratio=True),
                    dict(type='RandomFlip'),
                    dict(
                        type='Normalize',
                        mean=[123.675, 116.28, 103.53],
                        std=[58.395, 57.12, 57.375],
                        to_rgb=True),
                    dict(type='Pad', size_divisor=32),
                    dict(type='ImageToTensor', keys=['img']),
                    dict(type='Collect', keys=['img'])
                ])
        ]),
    test=dict(
        type='CocoDataset',
        ann_file='/ayb/UVM_Datasets/voc_test3.json',
        img_prefix='/ayb/UVM_Datasets/voc8/VOCdevkit/VOC2007/JPEGImages',
        pipeline=[
            dict(type='LoadImageFromFile'),
            dict(
                type='MultiScaleFlipAug',
                img_scale=(1333, 800),
                flip=False,
                transforms=[
                    dict(type='Resize', keep_ratio=True),
                    dict(type='RandomFlip'),
                    dict(
                        type='Normalize',
                        mean=[123.675, 116.28, 103.53],
                        std=[58.395, 57.12, 57.375],
                        to_rgb=True),
                    dict(type='Pad', size_divisor=32),
                    dict(type='ImageToTensor', keys=['img']),
                    dict(type='Collect', keys=['img'])
                ])
        ]))
evaluation = dict(interval=10, metric='bbox')
optimizer = dict(type='SGD', lr=0.001, momentum=0.9, weight_decay=0.0001)
optimizer_config = dict(grad_clip=None)
lr_config = dict(
    policy='step',
    warmup='linear',
    warmup_iters=500,
    warmup_ratio=0.001,
    step=[8, 11])
runner = dict(type='EpochBasedRunner', max_epochs=500)
checkpoint_config = dict(interval=1)
log_config = dict(interval=50, hooks=[dict(type='TextLoggerHook')])
custom_hooks = [dict(type='NumClassCheckHook')]
dist_params = dict(backend='nccl')
log_level = 'INFO'
load_from = None
resume_from = None
workflow = [('train', 1)]
model = dict(
    type='ATSS',
    backbone=dict(
        type='LDRNConcat',
        encoder='MobileNetV2',
        lv6=False,
        act='RELU',
        norm='BN',
        rank=0,
        max_depth=1),
    neck=dict(
        type='FPN',
        in_channels=[256, 512, 1024, 2048],
        out_channels=256,
        start_level=1,
        add_extra_convs='on_output',
        num_outs=5),
    bbox_head=dict(
        type='ATSSHead',
        num_classes=10,
        in_channels=256,
        stacked_convs=4,
        feat_channels=256,
        anchor_generator=dict(
            type='AnchorGenerator',
            ratios=[1.0],
            octave_base_scale=8,
            scales_per_octave=1,
            strides=[8, 16, 32, 64, 128]),
        bbox_coder=dict(
            type='DeltaXYWHBBoxCoder',
            target_means=[0.0, 0.0, 0.0, 0.0],
            target_stds=[0.1, 0.1, 0.2, 0.2]),
        loss_cls=dict(
            type='FocalLoss',
            use_sigmoid=True,
            gamma=2.0,
            alpha=0.25,
            loss_weight=1.0),
        loss_bbox=dict(type='GIoULoss', loss_weight=2.0),
        loss_depth=dict(type='DepthLoss', loss_weight=1.0),
        loss_centerness=dict(
            type='CrossEntropyLoss', use_sigmoid=True, loss_weight=1.0)),
    train_cfg=dict(
        assigner=dict(type='ATSSAssigner', topk=9),
        allowed_border=-1,
        pos_weight=-1,
        debug=False),
    test_cfg=dict(
        nms_pre=1000,
        min_bbox_size=0,
        score_thr=0.05,
        nms=dict(type='nms', iou_threshold=0.6),
        max_per_img=100))
work_dir = '/root/origin/work_dirs/atss_r50_depth1333'
gpu_ids = range(0, 6)

==> Norm: BN
==> Norm: BN
==> Norm: BN
==> Norm: BN
==> Norm: BN
==> Norm: BN
/root/origin/mmdet/core/anchor/builder.py:17: UserWarning: ``build_anchor_generator`` would be deprecated soon, please use ``build_prior_generator`` 
  '``build_anchor_generator`` would be deprecated soon, please use '
/root/origin/mmdet/core/anchor/builder.py:17: UserWarning: ``build_anchor_generator`` would be deprecated soon, please use ``build_prior_generator`` 
  '``build_anchor_generator`` would be deprecated soon, please use '
/root/origin/mmdet/core/anchor/builder.py:17: UserWarning: ``build_anchor_generator`` would be deprecated soon, please use ``build_prior_generator`` 
  '``build_anchor_generator`` would be deprecated soon, please use '
/root/origin/mmdet/core/anchor/builder.py:17: UserWarning: ``build_anchor_generator`` would be deprecated soon, please use ``build_prior_generator`` 
  '``build_anchor_generator`` would be deprecated soon, please use '
loading annotations into memory...
/root/origin/mmdet/core/anchor/builder.py:17: UserWarning: ``build_anchor_generator`` would be deprecated soon, please use ``build_prior_generator`` 
  '``build_anchor_generator`` would be deprecated soon, please use '
/root/origin/mmdet/core/anchor/builder.py:17: UserWarning: ``build_anchor_generator`` would be deprecated soon, please use ``build_prior_generator`` 
  '``build_anchor_generator`` would be deprecated soon, please use '
loading annotations into memory...
loading annotations into memory...
loading annotations into memory...
loading annotations into memory...
loading annotations into memory...
Done (t=0.64s)
creating index...
index created!
Done (t=0.63s)
creating index...
Done (t=0.74s)
creating index...
index created!
index created!
Done (t=0.77s)
creating index...
Done (t=0.72s)
creating index...
index created!
index created!
Done (t=0.90s)
creating index...
index created!
loading annotations into memory...
loading annotations into memory...
loading annotations into memory...
loading annotations into memory...
loading annotations into memory...
loading annotations into memory...
Done (t=0.58s)
creating index...
Done (t=0.65s)
creating index...
index created!
Done (t=0.75s)
creating index...
index created!
Done (t=0.76s)
creating index...
Done (t=0.84s)
creating index...
Done (t=0.83s)
creating index...
index created!
index created!
index created!
index created!
2021-11-12 03:09:18,936 - mmdet - INFO - Start running, host: root@4f546d183e26, work_dir: /root/origin/work_dirs/atss_r50_depth1333
2021-11-12 03:09:18,937 - mmdet - INFO - Hooks will be executed in the following order:
before_run:
(VERY_HIGH   ) StepLrUpdaterHook                  
(NORMAL      ) CheckpointHook                     
(LOW         ) DistEvalHook                       
(VERY_LOW    ) TextLoggerHook                     
 -------------------- 
before_train_epoch:
(VERY_HIGH   ) StepLrUpdaterHook                  
(NORMAL      ) DistSamplerSeedHook                
(NORMAL      ) NumClassCheckHook                  
(LOW         ) IterTimerHook                      
(LOW         ) DistEvalHook                       
(VERY_LOW    ) TextLoggerHook                     
 -------------------- 
before_train_iter:
(VERY_HIGH   ) StepLrUpdaterHook                  
(LOW         ) IterTimerHook                      
(LOW         ) DistEvalHook                       
 -------------------- 
after_train_iter:
(ABOVE_NORMAL) OptimizerHook                      
(NORMAL      ) CheckpointHook                     
(LOW         ) IterTimerHook                      
(LOW         ) DistEvalHook                       
(VERY_LOW    ) TextLoggerHook                     
 -------------------- 
after_train_epoch:
(NORMAL      ) CheckpointHook                     
(LOW         ) DistEvalHook                       
(VERY_LOW    ) TextLoggerHook                     
 -------------------- 
before_val_epoch:
(NORMAL      ) DistSamplerSeedHook                
(NORMAL      ) NumClassCheckHook                  
(LOW         ) IterTimerHook                      
(VERY_LOW    ) TextLoggerHook                     
 -------------------- 
before_val_iter:
(LOW         ) IterTimerHook                      
 -------------------- 
after_val_iter:
(LOW         ) IterTimerHook                      
 -------------------- 
after_val_epoch:
(VERY_LOW    ) TextLoggerHook                     
 -------------------- 
2021-11-12 03:09:18,937 - mmdet - INFO - workflow: [('train', 1)], max: 500 epochs
/root/anaconda3/envs/origin/lib/python3.7/site-packages/torch/nn/functional.py:3613: UserWarning: Default upsampling behavior when mode=bilinear is changed to align_corners=False since 0.4.0. Please specify align_corners=True if the old behavior is desired. See the documentation of nn.Upsample for details.
  "See the documentation of nn.Upsample for details.".format(mode)
/root/anaconda3/envs/origin/lib/python3.7/site-packages/torch/nn/functional.py:3658: UserWarning: The default behavior for interpolate/upsample with float scale_factor changed in 1.6.0 to align with other frameworks/libraries, and now uses scale_factor directly, instead of relying on the computed output size. If you wish to restore the old behavior, please set recompute_scale_factor=True. See the documentation of nn.Upsample for details. 
  "The default behavior for interpolate/upsample with float scale_factor changed "
/root/anaconda3/envs/origin/lib/python3.7/site-packages/torch/nn/functional.py:3613: UserWarning: Default upsampling behavior when mode=bilinear is changed to align_corners=False since 0.4.0. Please specify align_corners=True if the old behavior is desired. See the documentation of nn.Upsample for details.
  "See the documentation of nn.Upsample for details.".format(mode)
/root/anaconda3/envs/origin/lib/python3.7/site-packages/torch/nn/functional.py:3658: UserWarning: The default behavior for interpolate/upsample with float scale_factor changed in 1.6.0 to align with other frameworks/libraries, and now uses scale_factor directly, instead of relying on the computed output size. If you wish to restore the old behavior, please set recompute_scale_factor=True. See the documentation of nn.Upsample for details. 
  "The default behavior for interpolate/upsample with float scale_factor changed "
/root/anaconda3/envs/origin/lib/python3.7/site-packages/torch/nn/functional.py:3613: UserWarning: Default upsampling behavior when mode=bilinear is changed to align_corners=False since 0.4.0. Please specify align_corners=True if the old behavior is desired. See the documentation of nn.Upsample for details.
  "See the documentation of nn.Upsample for details.".format(mode)
/root/anaconda3/envs/origin/lib/python3.7/site-packages/torch/nn/functional.py:3658: UserWarning: The default behavior for interpolate/upsample with float scale_factor changed in 1.6.0 to align with other frameworks/libraries, and now uses scale_factor directly, instead of relying on the computed output size. If you wish to restore the old behavior, please set recompute_scale_factor=True. See the documentation of nn.Upsample for details. 
  "The default behavior for interpolate/upsample with float scale_factor changed "
/root/anaconda3/envs/origin/lib/python3.7/site-packages/torch/nn/functional.py:3613: UserWarning: Default upsampling behavior when mode=bilinear is changed to align_corners=False since 0.4.0. Please specify align_corners=True if the old behavior is desired. See the documentation of nn.Upsample for details.
  "See the documentation of nn.Upsample for details.".format(mode)
/root/anaconda3/envs/origin/lib/python3.7/site-packages/torch/nn/functional.py:3658: UserWarning: The default behavior for interpolate/upsample with float scale_factor changed in 1.6.0 to align with other frameworks/libraries, and now uses scale_factor directly, instead of relying on the computed output size. If you wish to restore the old behavior, please set recompute_scale_factor=True. See the documentation of nn.Upsample for details. 
  "The default behavior for interpolate/upsample with float scale_factor changed "
/root/anaconda3/envs/origin/lib/python3.7/site-packages/torch/nn/functional.py:3613: UserWarning: Default upsampling behavior when mode=bilinear is changed to align_corners=False since 0.4.0. Please specify align_corners=True if the old behavior is desired. See the documentation of nn.Upsample for details.
  "See the documentation of nn.Upsample for details.".format(mode)
/root/anaconda3/envs/origin/lib/python3.7/site-packages/torch/nn/functional.py:3658: UserWarning: The default behavior for interpolate/upsample with float scale_factor changed in 1.6.0 to align with other frameworks/libraries, and now uses scale_factor directly, instead of relying on the computed output size. If you wish to restore the old behavior, please set recompute_scale_factor=True. See the documentation of nn.Upsample for details. 
  "The default behavior for interpolate/upsample with float scale_factor changed "
/root/anaconda3/envs/origin/lib/python3.7/site-packages/torch/nn/functional.py:3613: UserWarning: Default upsampling behavior when mode=bilinear is changed to align_corners=False since 0.4.0. Please specify align_corners=True if the old behavior is desired. See the documentation of nn.Upsample for details.
  "See the documentation of nn.Upsample for details.".format(mode)
/root/anaconda3/envs/origin/lib/python3.7/site-packages/torch/nn/functional.py:3658: UserWarning: The default behavior for interpolate/upsample with float scale_factor changed in 1.6.0 to align with other frameworks/libraries, and now uses scale_factor directly, instead of relying on the computed output size. If you wish to restore the old behavior, please set recompute_scale_factor=True. See the documentation of nn.Upsample for details. 
  "The default behavior for interpolate/upsample with float scale_factor changed "
/root/origin/mmdet/core/anchor/anchor_generator.py:324: UserWarning: ``grid_anchors`` would be deprecated soon. Please use ``grid_priors`` 
  warnings.warn('``grid_anchors`` would be deprecated soon. '
/root/origin/mmdet/core/anchor/anchor_generator.py:361: UserWarning: ``single_level_grid_anchors`` would be deprecated soon. Please use ``single_level_grid_priors`` 
  '``single_level_grid_anchors`` would be deprecated soon. '
/root/origin/mmdet/core/anchor/anchor_generator.py:324: UserWarning: ``grid_anchors`` would be deprecated soon. Please use ``grid_priors`` 
  warnings.warn('``grid_anchors`` would be deprecated soon. '
/root/origin/mmdet/core/anchor/anchor_generator.py:361: UserWarning: ``single_level_grid_anchors`` would be deprecated soon. Please use ``single_level_grid_priors`` 
  '``single_level_grid_anchors`` would be deprecated soon. '
/root/origin/mmdet/core/anchor/anchor_generator.py:324: UserWarning: ``grid_anchors`` would be deprecated soon. Please use ``grid_priors`` 
  warnings.warn('``grid_anchors`` would be deprecated soon. '
/root/origin/mmdet/core/anchor/anchor_generator.py:361: UserWarning: ``single_level_grid_anchors`` would be deprecated soon. Please use ``single_level_grid_priors`` 
  '``single_level_grid_anchors`` would be deprecated soon. '
/root/origin/mmdet/core/anchor/anchor_generator.py:324: UserWarning: ``grid_anchors`` would be deprecated soon. Please use ``grid_priors`` 
  warnings.warn('``grid_anchors`` would be deprecated soon. '
/root/origin/mmdet/core/anchor/anchor_generator.py:361: UserWarning: ``single_level_grid_anchors`` would be deprecated soon. Please use ``single_level_grid_priors`` 
  '``single_level_grid_anchors`` would be deprecated soon. '
/root/origin/mmdet/core/anchor/anchor_generator.py:324: UserWarning: ``grid_anchors`` would be deprecated soon. Please use ``grid_priors`` 
  warnings.warn('``grid_anchors`` would be deprecated soon. '
/root/origin/mmdet/core/anchor/anchor_generator.py:361: UserWarning: ``single_level_grid_anchors`` would be deprecated soon. Please use ``single_level_grid_priors`` 
  '``single_level_grid_anchors`` would be deprecated soon. '
/root/origin/mmdet/core/anchor/anchor_generator.py:324: UserWarning: ``grid_anchors`` would be deprecated soon. Please use ``grid_priors`` 
  warnings.warn('``grid_anchors`` would be deprecated soon. '
/root/origin/mmdet/core/anchor/anchor_generator.py:361: UserWarning: ``single_level_grid_anchors`` would be deprecated soon. Please use ``single_level_grid_priors`` 
  '``single_level_grid_anchors`` would be deprecated soon. '
2021-11-12 03:10:39,268 - mmdet - INFO - Epoch [1][50/2442]	lr: 9.890e-05, eta: 22 days, 16:35:35, time: 1.606, data_time: 0.648, memory: 3205, loss_cls: 1.0106, loss_bbox: 0.8057, loss_depth: 1.0385, loss_centerness: 0.6568, loss: 3.5116
2021-11-12 03:11:23,426 - mmdet - INFO - Epoch [1][100/2442]	lr: 1.988e-04, eta: 17 days, 13:58:17, time: 0.883, data_time: 0.016, memory: 3205, loss_cls: 0.5815, loss_bbox: 0.6639, loss_depth: 0.8749, loss_centerness: 0.6148, loss: 2.7351
2021-11-12 03:12:07,488 - mmdet - INFO - Epoch [1][150/2442]	lr: 2.987e-04, eta: 15 days, 20:59:32, time: 0.882, data_time: 0.015, memory: 3205, loss_cls: 0.4375, loss_bbox: 0.6137, loss_depth: 0.6770, loss_centerness: 0.6148, loss: 2.3430
2021-11-12 03:12:50,903 - mmdet - INFO - Epoch [1][200/2442]	lr: 3.986e-04, eta: 14 days, 23:14:55, time: 0.867, data_time: 0.015, memory: 3205, loss_cls: 0.3961, loss_bbox: 0.5693, loss_depth: 0.4808, loss_centerness: 0.6120, loss: 2.0582
2021-11-12 03:13:34,333 - mmdet - INFO - Epoch [1][250/2442]	lr: 4.985e-04, eta: 14 days, 10:22:41, time: 0.870, data_time: 0.016, memory: 3205, loss_cls: 0.3693, loss_bbox: 0.5692, loss_depth: 0.3506, loss_centerness: 0.6117, loss: 1.9007
2021-11-12 03:14:18,278 - mmdet - INFO - Epoch [1][300/2442]	lr: 5.984e-04, eta: 14 days, 2:16:19, time: 0.878, data_time: 0.015, memory: 3205, loss_cls: 0.3441, loss_bbox: 0.5121, loss_depth: 0.2484, loss_centerness: 0.6094, loss: 1.7141
2021-11-12 03:15:02,966 - mmdet - INFO - Epoch [1][350/2442]	lr: 6.983e-04, eta: 13 days, 21:14:19, time: 0.894, data_time: 0.015, memory: 3205, loss_cls: 0.3029, loss_bbox: 0.5056, loss_depth: 0.1860, loss_centerness: 0.6067, loss: 1.6011
2021-11-12 03:15:46,221 - mmdet - INFO - Epoch [1][400/2442]	lr: 7.982e-04, eta: 13 days, 16:15:02, time: 0.865, data_time: 0.015, memory: 3205, loss_cls: 0.3231, loss_bbox: 0.4982, loss_depth: 0.1350, loss_centerness: 0.6074, loss: 1.5637
2021-11-12 03:16:30,387 - mmdet - INFO - Epoch [1][450/2442]	lr: 8.981e-04, eta: 13 days, 13:01:00, time: 0.883, data_time: 0.014, memory: 3205, loss_cls: 0.2925, loss_bbox: 0.4857, loss_depth: 0.1022, loss_centerness: 0.6067, loss: 1.4871
2021-11-12 03:17:13,415 - mmdet - INFO - Epoch [1][500/2442]	lr: 9.980e-04, eta: 13 days, 9:41:52, time: 0.861, data_time: 0.014, memory: 3205, loss_cls: 0.2744, loss_bbox: 0.4663, loss_depth: 0.0846, loss_centerness: 0.6058, loss: 1.4311
2021-11-12 03:17:57,076 - mmdet - INFO - Epoch [1][550/2442]	lr: 1.000e-03, eta: 13 days, 7:20:35, time: 0.873, data_time: 0.014, memory: 3205, loss_cls: 0.2776, loss_bbox: 0.4644, loss_depth: 0.0739, loss_centerness: 0.6043, loss: 1.4202
2021-11-12 03:18:41,462 - mmdet - INFO - Epoch [1][600/2442]	lr: 1.000e-03, eta: 13 days, 5:47:20, time: 0.887, data_time: 0.016, memory: 3205, loss_cls: 0.2627, loss_bbox: 0.4543, loss_depth: 0.0666, loss_centerness: 0.6039, loss: 1.3875
2021-11-12 03:19:25,490 - mmdet - INFO - Epoch [1][650/2442]	lr: 1.000e-03, eta: 13 days, 4:17:44, time: 0.881, data_time: 0.014, memory: 3205, loss_cls: 0.2264, loss_bbox: 0.4389, loss_depth: 0.0617, loss_centerness: 0.6039, loss: 1.3310
2021-11-12 03:20:09,505 - mmdet - INFO - Epoch [1][700/2442]	lr: 1.000e-03, eta: 13 days, 3:00:56, time: 0.881, data_time: 0.016, memory: 3205, loss_cls: 0.2246, loss_bbox: 0.4213, loss_depth: 0.0580, loss_centerness: 0.6019, loss: 1.3058
2021-11-12 03:20:53,501 - mmdet - INFO - Epoch [1][750/2442]	lr: 1.000e-03, eta: 13 days, 1:51:49, time: 0.879, data_time: 0.016, memory: 3205, loss_cls: 0.2112, loss_bbox: 0.4107, loss_depth: 0.0546, loss_centerness: 0.6016, loss: 1.2780
2021-11-12 03:21:35,769 - mmdet - INFO - Epoch [1][800/2442]	lr: 1.000e-03, eta: 13 days, 0:09:35, time: 0.846, data_time: 0.015, memory: 3205, loss_cls: 0.1981, loss_bbox: 0.4044, loss_depth: 0.0519, loss_centerness: 0.5990, loss: 1.2535
2021-11-12 03:22:19,810 - mmdet - INFO - Epoch [1][850/2442]	lr: 1.000e-03, eta: 12 days, 23:21:06, time: 0.881, data_time: 0.015, memory: 3205, loss_cls: 0.2047, loss_bbox: 0.3991, loss_depth: 0.0467, loss_centerness: 0.5998, loss: 1.2502
2021-11-12 03:23:03,514 - mmdet - INFO - Epoch [1][900/2442]	lr: 1.000e-03, eta: 12 days, 22:29:54, time: 0.874, data_time: 0.016, memory: 3205, loss_cls: 0.2073, loss_bbox: 0.4061, loss_depth: 0.0414, loss_centerness: 0.6003, loss: 1.2552
2021-11-12 03:23:47,798 - mmdet - INFO - Epoch [1][950/2442]	lr: 1.000e-03, eta: 12 days, 21:56:24, time: 0.886, data_time: 0.013, memory: 3205, loss_cls: 0.1975, loss_bbox: 0.3863, loss_depth: 0.0376, loss_centerness: 0.6002, loss: 1.2216
2021-11-12 03:24:31,173 - mmdet - INFO - Exp name: atss_r50_fpn_1x_coco.py
2021-11-12 03:24:31,174 - mmdet - INFO - Epoch [1][1000/2442]	lr: 1.000e-03, eta: 12 days, 21:07:37, time: 0.867, data_time: 0.013, memory: 3205, loss_cls: 0.1974, loss_bbox: 0.4006, loss_depth: 0.0353, loss_centerness: 0.6011, loss: 1.2344
2021-11-12 03:25:14,604 - mmdet - INFO - Epoch [1][1050/2442]	lr: 1.000e-03, eta: 12 days, 20:25:01, time: 0.869, data_time: 0.014, memory: 3205, loss_cls: 0.1999, loss_bbox: 0.4032, loss_depth: 0.0334, loss_centerness: 0.6020, loss: 1.2385
2021-11-12 03:25:57,595 - mmdet - INFO - Epoch [1][1100/2442]	lr: 1.000e-03, eta: 12 days, 19:37:08, time: 0.859, data_time: 0.014, memory: 3205, loss_cls: 0.1848, loss_bbox: 0.3794, loss_depth: 0.0320, loss_centerness: 0.5975, loss: 1.1936
2021-11-12 03:26:40,684 - mmdet - INFO - Epoch [1][1150/2442]	lr: 1.000e-03, eta: 12 days, 18:56:16, time: 0.862, data_time: 0.015, memory: 3205, loss_cls: 0.1816, loss_bbox: 0.3735, loss_depth: 0.0308, loss_centerness: 0.5979, loss: 1.1838
2021-11-12 03:27:24,501 - mmdet - INFO - Epoch [1][1200/2442]	lr: 1.000e-03, eta: 12 days, 18:30:30, time: 0.876, data_time: 0.014, memory: 3205, loss_cls: 0.1808, loss_bbox: 0.3697, loss_depth: 0.0296, loss_centerness: 0.5987, loss: 1.1789
2021-11-12 03:28:07,768 - mmdet - INFO - Epoch [1][1250/2442]	lr: 1.000e-03, eta: 12 days, 17:56:45, time: 0.864, data_time: 0.015, memory: 3205, loss_cls: 0.1864, loss_bbox: 0.3731, loss_depth: 0.0291, loss_centerness: 0.6000, loss: 1.1886
2021-11-12 03:28:51,162 - mmdet - INFO - Epoch [1][1300/2442]	lr: 1.000e-03, eta: 12 days, 17:29:36, time: 0.869, data_time: 0.015, memory: 3205, loss_cls: 0.1738, loss_bbox: 0.3689, loss_depth: 0.0283, loss_centerness: 0.5973, loss: 1.1684
2021-11-12 03:29:34,700 - mmdet - INFO - Epoch [1][1350/2442]	lr: 1.000e-03, eta: 12 days, 17:05:29, time: 0.871, data_time: 0.013, memory: 3205, loss_cls: 0.1792, loss_bbox: 0.3606, loss_depth: 0.0279, loss_centerness: 0.5985, loss: 1.1661
2021-11-12 03:30:17,762 - mmdet - INFO - Epoch [1][1400/2442]	lr: 1.000e-03, eta: 12 days, 16:36:16, time: 0.861, data_time: 0.014, memory: 3205, loss_cls: 0.1693, loss_bbox: 0.3668, loss_depth: 0.0274, loss_centerness: 0.5957, loss: 1.1593
2021-11-12 03:31:01,203 - mmdet - INFO - Epoch [1][1450/2442]	lr: 1.000e-03, eta: 12 days, 16:14:15, time: 0.869, data_time: 0.013, memory: 3205, loss_cls: 0.1651, loss_bbox: 0.3533, loss_depth: 0.0270, loss_centerness: 0.5979, loss: 1.1432
2021-11-12 03:31:44,076 - mmdet - INFO - Epoch [1][1500/2442]	lr: 1.000e-03, eta: 12 days, 15:45:43, time: 0.857, data_time: 0.014, memory: 3205, loss_cls: 0.1699, loss_bbox: 0.3569, loss_depth: 0.0267, loss_centerness: 0.5977, loss: 1.1511
2021-11-12 03:32:27,992 - mmdet - INFO - Epoch [1][1550/2442]	lr: 1.000e-03, eta: 12 days, 15:32:39, time: 0.878, data_time: 0.013, memory: 3205, loss_cls: 0.1749, loss_bbox: 0.3479, loss_depth: 0.0263, loss_centerness: 0.5972, loss: 1.1463
2021-11-12 03:33:11,706 - mmdet - INFO - Epoch [1][1600/2442]	lr: 1.000e-03, eta: 12 days, 15:18:26, time: 0.875, data_time: 0.015, memory: 3205, loss_cls: 0.1617, loss_bbox: 0.3536, loss_depth: 0.0260, loss_centerness: 0.5978, loss: 1.1391
2021-11-12 03:33:54,988 - mmdet - INFO - Epoch [1][1650/2442]	lr: 1.000e-03, eta: 12 days, 14:59:18, time: 0.866, data_time: 0.015, memory: 3205, loss_cls: 0.1575, loss_bbox: 0.3439, loss_depth: 0.0255, loss_centerness: 0.5985, loss: 1.1255
2021-11-12 03:34:38,322 - mmdet - INFO - Epoch [1][1700/2442]	lr: 1.000e-03, eta: 12 days, 14:42:00, time: 0.867, data_time: 0.015, memory: 3205, loss_cls: 0.1799, loss_bbox: 0.3608, loss_depth: 0.0252, loss_centerness: 0.5978, loss: 1.1637
2021-11-12 03:35:22,137 - mmdet - INFO - Epoch [1][1750/2442]	lr: 1.000e-03, eta: 12 days, 14:31:08, time: 0.876, data_time: 0.015, memory: 3205, loss_cls: 0.1629, loss_bbox: 0.3532, loss_depth: 0.0248, loss_centerness: 0.5971, loss: 1.1381
2021-11-12 03:36:04,879 - mmdet - INFO - Epoch [1][1800/2442]	lr: 1.000e-03, eta: 12 days, 14:08:43, time: 0.855, data_time: 0.014, memory: 3205, loss_cls: 0.1614, loss_bbox: 0.3404, loss_depth: 0.0245, loss_centerness: 0.5945, loss: 1.1208
2021-11-12 03:36:47,392 - mmdet - INFO - Epoch [1][1850/2442]	lr: 1.000e-03, eta: 12 days, 13:44:50, time: 0.850, data_time: 0.013, memory: 3205, loss_cls: 0.1600, loss_bbox: 0.3392, loss_depth: 0.0243, loss_centerness: 0.5951, loss: 1.1186
2021-11-12 03:37:30,472 - mmdet - INFO - Epoch [1][1900/2442]	lr: 1.000e-03, eta: 12 days, 13:28:12, time: 0.861, data_time: 0.014, memory: 3205, loss_cls: 0.1529, loss_bbox: 0.3410, loss_depth: 0.0240, loss_centerness: 0.5974, loss: 1.1154
2021-11-12 03:38:13,513 - mmdet - INFO - Epoch [1][1950/2442]	lr: 1.000e-03, eta: 12 days, 13:12:12, time: 0.861, data_time: 0.014, memory: 3205, loss_cls: 0.1534, loss_bbox: 0.3329, loss_depth: 0.0237, loss_centerness: 0.5962, loss: 1.1063
2021-11-12 03:38:56,163 - mmdet - INFO - Exp name: atss_r50_fpn_1x_coco.py
2021-11-12 03:38:56,163 - mmdet - INFO - Epoch [1][2000/2442]	lr: 1.000e-03, eta: 12 days, 12:52:38, time: 0.852, data_time: 0.015, memory: 3205, loss_cls: 0.1517, loss_bbox: 0.3276, loss_depth: 0.0234, loss_centerness: 0.5953, loss: 1.0980
2021-11-12 03:39:38,487 - mmdet - INFO - Epoch [1][2050/2442]	lr: 1.000e-03, eta: 12 days, 12:31:25, time: 0.847, data_time: 0.015, memory: 3205, loss_cls: 0.1660, loss_bbox: 0.3332, loss_depth: 0.0233, loss_centerness: 0.5970, loss: 1.1196
2021-11-12 03:40:21,667 - mmdet - INFO - Epoch [1][2100/2442]	lr: 1.000e-03, eta: 12 days, 12:19:01, time: 0.863, data_time: 0.015, memory: 3205, loss_cls: 0.1506, loss_bbox: 0.3342, loss_depth: 0.0231, loss_centerness: 0.5957, loss: 1.1035
2021-11-12 03:41:05,472 - mmdet - INFO - Epoch [1][2150/2442]	lr: 1.000e-03, eta: 12 days, 12:12:53, time: 0.876, data_time: 0.013, memory: 3205, loss_cls: 0.1552, loss_bbox: 0.3365, loss_depth: 0.0229, loss_centerness: 0.5955, loss: 1.1100
2021-11-12 03:41:48,549 - mmdet - INFO - Epoch [1][2200/2442]	lr: 1.000e-03, eta: 12 days, 12:00:38, time: 0.862, data_time: 0.014, memory: 3205, loss_cls: 0.1414, loss_bbox: 0.3205, loss_depth: 0.0228, loss_centerness: 0.5938, loss: 1.0785
2021-11-12 03:42:30,688 - mmdet - INFO - Epoch [1][2250/2442]	lr: 1.000e-03, eta: 12 days, 11:40:27, time: 0.843, data_time: 0.013, memory: 3205, loss_cls: 0.1450, loss_bbox: 0.3301, loss_depth: 0.0228, loss_centerness: 0.5962, loss: 1.0941
2021-11-12 03:43:13,911 - mmdet - INFO - Epoch [1][2300/2442]	lr: 1.000e-03, eta: 12 days, 11:30:26, time: 0.864, data_time: 0.013, memory: 3205, loss_cls: 0.1489, loss_bbox: 0.3405, loss_depth: 0.0227, loss_centerness: 0.5970, loss: 1.1091
2021-11-12 03:43:56,896 - mmdet - INFO - Epoch [1][2350/2442]	lr: 1.000e-03, eta: 12 days, 11:18:59, time: 0.860, data_time: 0.015, memory: 3205, loss_cls: 0.1470, loss_bbox: 0.3234, loss_depth: 0.0226, loss_centerness: 0.5947, loss: 1.0877
2021-11-12 03:44:39,857 - mmdet - INFO - Epoch [1][2400/2442]	lr: 1.000e-03, eta: 12 days, 11:07:22, time: 0.858, data_time: 0.013, memory: 3205, loss_cls: 0.1497, loss_bbox: 0.3178, loss_depth: 0.0223, loss_centerness: 0.5949, loss: 1.0847
2021-11-12 03:45:17,055 - mmdet - INFO - Saving checkpoint at 1 epochs
2021-11-12 03:46:34,760 - mmdet - INFO - Epoch [2][50/2442]	lr: 1.000e-03, eta: 12 days, 10:18:10, time: 1.509, data_time: 0.717, memory: 3205, loss_cls: 0.1481, loss_bbox: 0.3213, loss_depth: 0.0221, loss_centerness: 0.5966, loss: 1.0881
2021-11-12 03:47:14,599 - mmdet - INFO - Epoch [2][100/2442]	lr: 1.000e-03, eta: 12 days, 9:43:23, time: 0.796, data_time: 0.014, memory: 3205, loss_cls: 0.1459, loss_bbox: 0.3237, loss_depth: 0.0220, loss_centerness: 0.5942, loss: 1.0858
2021-11-12 03:47:54,701 - mmdet - INFO - Epoch [2][150/2442]	lr: 1.000e-03, eta: 12 days, 9:12:24, time: 0.802, data_time: 0.013, memory: 3205, loss_cls: 0.1501, loss_bbox: 0.3248, loss_depth: 0.0219, loss_centerness: 0.5946, loss: 1.0915
2021-11-12 03:48:37,146 - mmdet - INFO - Epoch [2][200/2442]	lr: 1.000e-03, eta: 12 days, 9:00:22, time: 0.849, data_time: 0.015, memory: 3205, loss_cls: 0.1422, loss_bbox: 0.3397, loss_depth: 0.0218, loss_centerness: 0.5971, loss: 1.1008
2021-11-12 03:49:20,789 - mmdet - INFO - Epoch [2][250/2442]	lr: 1.000e-03, eta: 12 days, 8:57:54, time: 0.873, data_time: 0.014, memory: 3205, loss_cls: 0.1397, loss_bbox: 0.3173, loss_depth: 0.0217, loss_centerness: 0.5951, loss: 1.0738
2021-11-12 03:50:04,157 - mmdet - INFO - Epoch [2][300/2442]	lr: 1.000e-03, eta: 12 days, 8:53:28, time: 0.867, data_time: 0.018, memory: 3205, loss_cls: 0.1469, loss_bbox: 0.3172, loss_depth: 0.0217, loss_centerness: 0.5960, loss: 1.0818
2021-11-12 03:50:49,444 - mmdet - INFO - Epoch [2][350/2442]	lr: 1.000e-03, eta: 12 days, 9:02:57, time: 0.905, data_time: 0.016, memory: 3205, loss_cls: 0.1447, loss_bbox: 0.3245, loss_depth: 0.0216, loss_centerness: 0.5954, loss: 1.0862
2021-11-12 03:51:33,409 - mmdet - INFO - Epoch [2][400/2442]	lr: 1.000e-03, eta: 12 days, 9:02:40, time: 0.879, data_time: 0.015, memory: 3205, loss_cls: 0.1382, loss_bbox: 0.3103, loss_depth: 0.0216, loss_centerness: 0.5949, loss: 1.0651
2021-11-12 03:52:16,771 - mmdet - INFO - Epoch [2][450/2442]	lr: 1.000e-03, eta: 12 days, 8:58:26, time: 0.868, data_time: 0.015, memory: 3205, loss_cls: 0.1394, loss_bbox: 0.3053, loss_depth: 0.0215, loss_centerness: 0.5936, loss: 1.0598
2021-11-12 03:53:02,351 - mmdet - INFO - Epoch [2][500/2442]	lr: 1.000e-03, eta: 12 days, 9:09:17, time: 0.911, data_time: 0.016, memory: 3205, loss_cls: 0.1466, loss_bbox: 0.3123, loss_depth: 0.0215, loss_centerness: 0.5937, loss: 1.0741
2021-11-12 03:53:45,980 - mmdet - INFO - Epoch [2][550/2442]	lr: 1.000e-03, eta: 12 days, 9:06:26, time: 0.872, data_time: 0.014, memory: 3205, loss_cls: 0.1512, loss_bbox: 0.3298, loss_depth: 0.0215, loss_centerness: 0.5956, loss: 1.0980
2021-11-12 03:54:29,685 - mmdet - INFO - Epoch [2][600/2442]	lr: 1.000e-03, eta: 12 days, 9:04:36, time: 0.875, data_time: 0.016, memory: 3205, loss_cls: 0.1436, loss_bbox: 0.3185, loss_depth: 0.0214, loss_centerness: 0.5945, loss: 1.0781
2021-11-12 03:55:13,320 - mmdet - INFO - Epoch [2][650/2442]	lr: 1.000e-03, eta: 12 days, 9:01:49, time: 0.872, data_time: 0.015, memory: 3205, loss_cls: 0.1442, loss_bbox: 0.3280, loss_depth: 0.0213, loss_centerness: 0.5956, loss: 1.0891
2021-11-12 03:55:57,913 - mmdet - INFO - Epoch [2][700/2442]	lr: 1.000e-03, eta: 12 days, 9:05:52, time: 0.893, data_time: 0.015, memory: 3205, loss_cls: 0.1389, loss_bbox: 0.3209, loss_depth: 0.0213, loss_centerness: 0.5949, loss: 1.0760
2021-11-12 03:56:41,622 - mmdet - INFO - Epoch [2][750/2442]	lr: 1.000e-03, eta: 12 days, 9:03:51, time: 0.874, data_time: 0.017, memory: 3205, loss_cls: 0.1347, loss_bbox: 0.3108, loss_depth: 0.0212, loss_centerness: 0.5933, loss: 1.0600
2021-11-12 03:57:26,264 - mmdet - INFO - Epoch [2][800/2442]	lr: 1.000e-03, eta: 12 days, 9:07:33, time: 0.892, data_time: 0.016, memory: 3205, loss_cls: 0.1382, loss_bbox: 0.3057, loss_depth: 0.0212, loss_centerness: 0.5938, loss: 1.0589
2021-11-12 03:58:10,093 - mmdet - INFO - Epoch [2][850/2442]	lr: 1.000e-03, eta: 12 days, 9:06:22, time: 0.877, data_time: 0.015, memory: 3205, loss_cls: 0.1350, loss_bbox: 0.3067, loss_depth: 0.0212, loss_centerness: 0.5933, loss: 1.0562
2021-11-12 03:58:54,583 - mmdet - INFO - Epoch [2][900/2442]	lr: 1.000e-03, eta: 12 days, 9:08:53, time: 0.889, data_time: 0.016, memory: 3205, loss_cls: 0.1368, loss_bbox: 0.3016, loss_depth: 0.0212, loss_centerness: 0.5941, loss: 1.0536
2021-11-12 03:59:38,937 - mmdet - INFO - Epoch [2][950/2442]	lr: 1.000e-03, eta: 12 days, 9:10:54, time: 0.888, data_time: 0.015, memory: 3205, loss_cls: 0.1342, loss_bbox: 0.3157, loss_depth: 0.0211, loss_centerness: 0.5963, loss: 1.0673
2021-11-12 04:00:21,906 - mmdet - INFO - Epoch [2][1000/2442]	lr: 1.000e-03, eta: 12 days, 9:04:20, time: 0.859, data_time: 0.014, memory: 3205, loss_cls: 0.1347, loss_bbox: 0.3123, loss_depth: 0.0211, loss_centerness: 0.5968, loss: 1.0649
2021-11-12 04:01:05,103 - mmdet - INFO - Epoch [2][1050/2442]	lr: 1.000e-03, eta: 12 days, 8:59:26, time: 0.864, data_time: 0.016, memory: 3205, loss_cls: 0.1298, loss_bbox: 0.3129, loss_depth: 0.0211, loss_centerness: 0.5959, loss: 1.0597
2021-11-12 04:01:48,840 - mmdet - INFO - Epoch [2][1100/2442]	lr: 1.000e-03, eta: 12 days, 8:57:54, time: 0.875, data_time: 0.015, memory: 3205, loss_cls: 0.1371, loss_bbox: 0.3108, loss_depth: 0.0210, loss_centerness: 0.5949, loss: 1.0639
2021-11-12 04:02:33,050 - mmdet - INFO - Epoch [2][1150/2442]	lr: 1.000e-03, eta: 12 days, 8:58:48, time: 0.884, data_time: 0.016, memory: 3205, loss_cls: 0.1328, loss_bbox: 0.3029, loss_depth: 0.0210, loss_centerness: 0.5928, loss: 1.0495
2021-11-12 04:03:16,457 - mmdet - INFO - Epoch [2][1200/2442]	lr: 1.000e-03, eta: 12 days, 8:55:17, time: 0.868, data_time: 0.014, memory: 3205, loss_cls: 0.1370, loss_bbox: 0.3153, loss_depth: 0.0210, loss_centerness: 0.5940, loss: 1.0673
2021-11-12 04:04:00,066 - mmdet - INFO - Epoch [2][1250/2442]	lr: 1.000e-03, eta: 12 days, 8:52:55, time: 0.872, data_time: 0.016, memory: 3205, loss_cls: 0.1351, loss_bbox: 0.3110, loss_depth: 0.0209, loss_centerness: 0.5955, loss: 1.0626
2021-11-12 04:04:45,342 - mmdet - INFO - Epoch [2][1300/2442]	lr: 1.000e-03, eta: 12 days, 8:59:35, time: 0.905, data_time: 0.013, memory: 3205, loss_cls: 0.1325, loss_bbox: 0.2931, loss_depth: 0.0209, loss_centerness: 0.5937, loss: 1.0401
2021-11-12 04:05:28,466 - mmdet - INFO - Epoch [2][1350/2442]	lr: 1.000e-03, eta: 12 days, 8:54:42, time: 0.863, data_time: 0.015, memory: 3205, loss_cls: 0.1301, loss_bbox: 0.3052, loss_depth: 0.0209, loss_centerness: 0.5939, loss: 1.0501
2021-11-12 04:06:11,835 - mmdet - INFO - Epoch [2][1400/2442]	lr: 1.000e-03, eta: 12 days, 8:51:09, time: 0.867, data_time: 0.014, memory: 3205, loss_cls: 0.1296, loss_bbox: 0.3043, loss_depth: 0.0209, loss_centerness: 0.5943, loss: 1.0491
2021-11-12 04:06:55,108 - mmdet - INFO - Epoch [2][1450/2442]	lr: 1.000e-03, eta: 12 days, 8:46:57, time: 0.865, data_time: 0.012, memory: 3205, loss_cls: 0.1290, loss_bbox: 0.3011, loss_depth: 0.0208, loss_centerness: 0.5932, loss: 1.0441
2021-11-12 04:07:37,622 - mmdet - INFO - Epoch [2][1500/2442]	lr: 1.000e-03, eta: 12 days, 8:39:19, time: 0.851, data_time: 0.015, memory: 3205, loss_cls: 0.1247, loss_bbox: 0.2960, loss_depth: 0.0208, loss_centerness: 0.5919, loss: 1.0335
2021-11-12 04:08:20,906 - mmdet - INFO - Epoch [2][1550/2442]	lr: 1.000e-03, eta: 12 days, 8:35:36, time: 0.866, data_time: 0.013, memory: 3205, loss_cls: 0.1300, loss_bbox: 0.2992, loss_depth: 0.0208, loss_centerness: 0.5923, loss: 1.0423
2021-11-12 04:09:05,336 - mmdet - INFO - Epoch [2][1600/2442]	lr: 1.000e-03, eta: 12 days, 8:37:37, time: 0.888, data_time: 0.013, memory: 3205, loss_cls: 0.1300, loss_bbox: 0.2971, loss_depth: 0.0208, loss_centerness: 0.5924, loss: 1.0403
2021-11-12 04:09:49,228 - mmdet - INFO - Epoch [2][1650/2442]	lr: 1.000e-03, eta: 12 days, 8:36:56, time: 0.878, data_time: 0.013, memory: 3205, loss_cls: 0.1312, loss_bbox: 0.2957, loss_depth: 0.0208, loss_centerness: 0.5921, loss: 1.0398
2021-11-12 04:10:32,135 - mmdet - INFO - Epoch [2][1700/2442]	lr: 1.000e-03, eta: 12 days, 8:31:17, time: 0.857, data_time: 0.014, memory: 3205, loss_cls: 0.1300, loss_bbox: 0.2940, loss_depth: 0.0208, loss_centerness: 0.5939, loss: 1.0387
2021-11-12 04:11:16,273 - mmdet - INFO - Epoch [2][1750/2442]	lr: 1.000e-03, eta: 12 days, 8:32:08, time: 0.884, data_time: 0.014, memory: 3205, loss_cls: 0.1300, loss_bbox: 0.2970, loss_depth: 0.0208, loss_centerness: 0.5938, loss: 1.0417
2021-11-12 04:11:58,947 - mmdet - INFO - Epoch [2][1800/2442]	lr: 1.000e-03, eta: 12 days, 8:25:35, time: 0.853, data_time: 0.013, memory: 3205, loss_cls: 0.1218, loss_bbox: 0.2911, loss_depth: 0.0207, loss_centerness: 0.5934, loss: 1.0269
2021-11-12 04:12:41,883 - mmdet - INFO - Epoch [2][1850/2442]	lr: 1.000e-03, eta: 12 days, 8:20:37, time: 0.859, data_time: 0.013, memory: 3205, loss_cls: 0.1299, loss_bbox: 0.3010, loss_depth: 0.0207, loss_centerness: 0.5946, loss: 1.0463
2021-11-12 04:13:25,724 - mmdet - INFO - Epoch [2][1900/2442]	lr: 1.000e-03, eta: 12 days, 8:19:52, time: 0.877, data_time: 0.013, memory: 3205, loss_cls: 0.1289, loss_bbox: 0.3000, loss_depth: 0.0207, loss_centerness: 0.5939, loss: 1.0436
2021-11-12 04:14:08,108 - mmdet - INFO - Epoch [2][1950/2442]	lr: 1.000e-03, eta: 12 days, 8:12:20, time: 0.847, data_time: 0.012, memory: 3205, loss_cls: 0.1330, loss_bbox: 0.2974, loss_depth: 0.0207, loss_centerness: 0.5918, loss: 1.0430
2021-11-12 04:14:50,841 - mmdet - INFO - Epoch [2][2000/2442]	lr: 1.000e-03, eta: 12 days, 8:06:38, time: 0.855, data_time: 0.013, memory: 3205, loss_cls: 0.1273, loss_bbox: 0.2964, loss_depth: 0.0207, loss_centerness: 0.5932, loss: 1.0377
2021-11-12 04:15:33,608 - mmdet - INFO - Epoch [2][2050/2442]	lr: 1.000e-03, eta: 12 days, 8:01:17, time: 0.856, data_time: 0.013, memory: 3205, loss_cls: 0.1318, loss_bbox: 0.3056, loss_depth: 0.0207, loss_centerness: 0.5943, loss: 1.0524
2021-11-12 04:16:16,482 - mmdet - INFO - Epoch [2][2100/2442]	lr: 1.000e-03, eta: 12 days, 7:56:25, time: 0.858, data_time: 0.014, memory: 3205, loss_cls: 0.1238, loss_bbox: 0.2924, loss_depth: 0.0207, loss_centerness: 0.5940, loss: 1.0309
2021-11-12 04:16:59,532 - mmdet - INFO - Epoch [2][2150/2442]	lr: 1.000e-03, eta: 12 days, 7:52:22, time: 0.861, data_time: 0.014, memory: 3205, loss_cls: 0.1250, loss_bbox: 0.2879, loss_depth: 0.0207, loss_centerness: 0.5945, loss: 1.0280
2021-11-12 04:17:43,394 - mmdet - INFO - Epoch [2][2200/2442]	lr: 1.000e-03, eta: 12 days, 7:51:58, time: 0.877, data_time: 0.014, memory: 3205, loss_cls: 0.1283, loss_bbox: 0.2942, loss_depth: 0.0207, loss_centerness: 0.5917, loss: 1.0348
2021-11-12 04:18:26,637 - mmdet - INFO - Epoch [2][2250/2442]	lr: 1.000e-03, eta: 12 days, 7:48:55, time: 0.865, data_time: 0.014, memory: 3205, loss_cls: 0.1268, loss_bbox: 0.2998, loss_depth: 0.0206, loss_centerness: 0.5949, loss: 1.0423
2021-11-12 04:19:10,144 - mmdet - INFO - Epoch [2][2300/2442]	lr: 1.000e-03, eta: 12 days, 7:47:02, time: 0.870, data_time: 0.014, memory: 3205, loss_cls: 0.1359, loss_bbox: 0.3039, loss_depth: 0.0206, loss_centerness: 0.5960, loss: 1.0564
2021-11-12 04:19:53,642 - mmdet - INFO - Epoch [2][2350/2442]	lr: 1.000e-03, eta: 12 days, 7:45:09, time: 0.870, data_time: 0.013, memory: 3205, loss_cls: 0.1234, loss_bbox: 0.2879, loss_depth: 0.0206, loss_centerness: 0.5938, loss: 1.0258
2021-11-12 04:20:36,610 - mmdet - INFO - Epoch [2][2400/2442]	lr: 1.000e-03, eta: 12 days, 7:41:03, time: 0.859, data_time: 0.015, memory: 3205, loss_cls: 0.1234, loss_bbox: 0.2956, loss_depth: 0.0206, loss_centerness: 0.5932, loss: 1.0329
2021-11-12 04:21:14,741 - mmdet - INFO - Saving checkpoint at 2 epochs
2021-11-12 04:22:28,971 - mmdet - INFO - Epoch [3][50/2442]	lr: 1.000e-03, eta: 12 days, 7:09:53, time: 1.465, data_time: 0.625, memory: 3205, loss_cls: 0.1226, loss_bbox: 0.2962, loss_depth: 0.0206, loss_centerness: 0.5935, loss: 1.0330
2021-11-12 04:23:11,903 - mmdet - INFO - Epoch [3][100/2442]	lr: 1.000e-03, eta: 12 days, 7:05:59, time: 0.858, data_time: 0.017, memory: 3205, loss_cls: 0.1238, loss_bbox: 0.2897, loss_depth: 0.0206, loss_centerness: 0.5905, loss: 1.0246
2021-11-12 04:23:54,718 - mmdet - INFO - Epoch [3][150/2442]	lr: 1.000e-03, eta: 12 days, 7:01:48, time: 0.857, data_time: 0.016, memory: 3205, loss_cls: 0.1188, loss_bbox: 0.2828, loss_depth: 0.0206, loss_centerness: 0.5940, loss: 1.0162
2021-11-12 04:24:37,216 - mmdet - INFO - Epoch [3][200/2442]	lr: 1.000e-03, eta: 12 days, 6:56:27, time: 0.850, data_time: 0.016, memory: 3205, loss_cls: 0.1201, loss_bbox: 0.2897, loss_depth: 0.0205, loss_centerness: 0.5939, loss: 1.0242
2021-11-12 04:25:19,176 - mmdet - INFO - Epoch [3][250/2442]	lr: 1.000e-03, eta: 12 days, 6:48:58, time: 0.839, data_time: 0.015, memory: 3205, loss_cls: 0.1256, loss_bbox: 0.2836, loss_depth: 0.0205, loss_centerness: 0.5915, loss: 1.0214
2021-11-12 04:26:01,314 - mmdet - INFO - Epoch [3][300/2442]	lr: 1.000e-03, eta: 12 days, 6:42:19, time: 0.843, data_time: 0.017, memory: 3205, loss_cls: 0.1225, loss_bbox: 0.2850, loss_depth: 0.0205, loss_centerness: 0.5948, loss: 1.0228
2021-11-12 04:26:43,933 - mmdet - INFO - Epoch [3][350/2442]	lr: 1.000e-03, eta: 12 days, 6:37:44, time: 0.853, data_time: 0.014, memory: 3205, loss_cls: 0.1172, loss_bbox: 0.2788, loss_depth: 0.0205, loss_centerness: 0.5915, loss: 1.0081
2021-11-12 04:27:26,795 - mmdet - INFO - Epoch [3][400/2442]	lr: 1.000e-03, eta: 12 days, 6:34:05, time: 0.857, data_time: 0.016, memory: 3205, loss_cls: 0.1192, loss_bbox: 0.2901, loss_depth: 0.0205, loss_centerness: 0.5923, loss: 1.0221
2021-11-12 04:28:09,537 - mmdet - INFO - Epoch [3][450/2442]	lr: 1.000e-03, eta: 12 days, 6:30:00, time: 0.855, data_time: 0.015, memory: 3205, loss_cls: 0.1232, loss_bbox: 0.2859, loss_depth: 0.0205, loss_centerness: 0.5928, loss: 1.0224
2021-11-12 04:28:51,234 - mmdet - INFO - Epoch [3][500/2442]	lr: 1.000e-03, eta: 12 days, 6:22:08, time: 0.834, data_time: 0.014, memory: 3205, loss_cls: 0.1325, loss_bbox: 0.2943, loss_depth: 0.0205, loss_centerness: 0.5939, loss: 1.0412
2021-11-12 04:29:33,680 - mmdet - INFO - Epoch [3][550/2442]	lr: 1.000e-03, eta: 12 days, 6:17:09, time: 0.849, data_time: 0.013, memory: 3205, loss_cls: 0.1216, loss_bbox: 0.2896, loss_depth: 0.0205, loss_centerness: 0.5930, loss: 1.0246
2021-11-12 04:30:16,518 - mmdet - INFO - Epoch [3][600/2442]	lr: 1.000e-03, eta: 12 days, 6:13:29, time: 0.856, data_time: 0.013, memory: 3205, loss_cls: 0.1201, loss_bbox: 0.2831, loss_depth: 0.0204, loss_centerness: 0.5916, loss: 1.0152
2021-11-12 04:30:58,877 - mmdet - INFO - Epoch [3][650/2442]	lr: 1.000e-03, eta: 12 days, 6:08:31, time: 0.848, data_time: 0.016, memory: 3205, loss_cls: 0.1198, loss_bbox: 0.2821, loss_depth: 0.0204, loss_centerness: 0.5927, loss: 1.0150
2021-11-12 04:31:41,436 - mmdet - INFO - Epoch [3][700/2442]	lr: 1.000e-03, eta: 12 days, 6:04:03, time: 0.851, data_time: 0.014, memory: 3205, loss_cls: 0.1262, loss_bbox: 0.2950, loss_depth: 0.0204, loss_centerness: 0.5934, loss: 1.0350
2021-11-12 04:32:23,225 - mmdet - INFO - Epoch [3][750/2442]	lr: 1.000e-03, eta: 12 days, 5:57:03, time: 0.836, data_time: 0.014, memory: 3205, loss_cls: 0.1175, loss_bbox: 0.2782, loss_depth: 0.0204, loss_centerness: 0.5928, loss: 1.0089
2021-11-12 04:33:05,690 - mmdet - INFO - Epoch [3][800/2442]	lr: 1.000e-03, eta: 12 days, 5:52:33, time: 0.850, data_time: 0.013, memory: 3205, loss_cls: 0.1224, loss_bbox: 0.2846, loss_depth: 0.0203, loss_centerness: 0.5936, loss: 1.0210
2021-11-12 04:33:48,634 - mmdet - INFO - Epoch [3][850/2442]	lr: 1.000e-03, eta: 12 days, 5:49:43, time: 0.859, data_time: 0.013, memory: 3205, loss_cls: 0.1181, loss_bbox: 0.2840, loss_depth: 0.0203, loss_centerness: 0.5916, loss: 1.0140
2021-11-12 04:34:31,331 - mmdet - INFO - Epoch [3][900/2442]	lr: 1.000e-03, eta: 12 days, 5:46:10, time: 0.854, data_time: 0.015, memory: 3205, loss_cls: 0.1220, loss_bbox: 0.2874, loss_depth: 0.0203, loss_centerness: 0.5925, loss: 1.0221
2021-11-12 04:35:13,450 - mmdet - INFO - Epoch [3][950/2442]	lr: 1.000e-03, eta: 12 days, 5:40:31, time: 0.842, data_time: 0.016, memory: 3205, loss_cls: 0.1185, loss_bbox: 0.2910, loss_depth: 0.0202, loss_centerness: 0.5936, loss: 1.0233
2021-11-12 04:35:55,862 - mmdet - INFO - Epoch [3][1000/2442]	lr: 1.000e-03, eta: 12 days, 5:36:07, time: 0.849, data_time: 0.014, memory: 3205, loss_cls: 0.1186, loss_bbox: 0.2800, loss_depth: 0.0202, loss_centerness: 0.5925, loss: 1.0113
2021-11-12 04:36:38,388 - mmdet - INFO - Epoch [3][1050/2442]	lr: 1.000e-03, eta: 12 days, 5:32:03, time: 0.850, data_time: 0.013, memory: 3205, loss_cls: 0.1254, loss_bbox: 0.2909, loss_depth: 0.0202, loss_centerness: 0.5946, loss: 1.0311
2021-11-12 04:37:20,788 - mmdet - INFO - Epoch [3][1100/2442]	lr: 1.000e-03, eta: 12 days, 5:27:40, time: 0.848, data_time: 0.014, memory: 3205, loss_cls: 0.1184, loss_bbox: 0.2760, loss_depth: 0.0202, loss_centerness: 0.5916, loss: 1.0062
2021-11-12 04:38:03,442 - mmdet - INFO - Epoch [3][1150/2442]	lr: 1.000e-03, eta: 12 days, 5:24:04, time: 0.852, data_time: 0.015, memory: 3205, loss_cls: 0.1243, loss_bbox: 0.2792, loss_depth: 0.0201, loss_centerness: 0.5917, loss: 1.0153
2021-11-12 04:38:46,528 - mmdet - INFO - Epoch [3][1200/2442]	lr: 1.000e-03, eta: 12 days, 5:22:12, time: 0.863, data_time: 0.015, memory: 3205, loss_cls: 0.1220, loss_bbox: 0.2842, loss_depth: 0.0201, loss_centerness: 0.5935, loss: 1.0198
2021-11-12 04:39:29,204 - mmdet - INFO - Epoch [3][1250/2442]	lr: 1.000e-03, eta: 12 days, 5:18:49, time: 0.853, data_time: 0.013, memory: 3205, loss_cls: 0.1194, loss_bbox: 0.2805, loss_depth: 0.0196, loss_centerness: 0.5942, loss: 1.0137
2021-11-12 04:40:11,045 - mmdet - INFO - Epoch [3][1300/2442]	lr: 1.000e-03, eta: 12 days, 5:12:52, time: 0.837, data_time: 0.014, memory: 3205, loss_cls: 0.1199, loss_bbox: 0.2795, loss_depth: 0.0195, loss_centerness: 0.5951, loss: 1.0140
2021-11-12 04:40:53,378 - mmdet - INFO - Epoch [3][1350/2442]	lr: 1.000e-03, eta: 12 days, 5:08:31, time: 0.847, data_time: 0.015, memory: 3205, loss_cls: 0.1154, loss_bbox: 0.2761, loss_depth: 0.0194, loss_centerness: 0.5939, loss: 1.0049
2021-11-12 04:41:36,249 - mmdet - INFO - Epoch [3][1400/2442]	lr: 1.000e-03, eta: 12 days, 5:05:58, time: 0.857, data_time: 0.016, memory: 3205, loss_cls: 0.1177, loss_bbox: 0.2837, loss_depth: 0.0195, loss_centerness: 0.5945, loss: 1.0154
2021-11-12 04:42:19,357 - mmdet - INFO - Epoch [3][1450/2442]	lr: 1.000e-03, eta: 12 days, 5:04:06, time: 0.861, data_time: 0.017, memory: 3205, loss_cls: 0.1220, loss_bbox: 0.2783, loss_depth: 0.0194, loss_centerness: 0.5910, loss: 1.0107
2021-11-12 04:43:02,795 - mmdet - INFO - Epoch [3][1500/2442]	lr: 1.000e-03, eta: 12 days, 5:03:27, time: 0.869, data_time: 0.016, memory: 3205, loss_cls: 0.1193, loss_bbox: 0.2821, loss_depth: 0.0194, loss_centerness: 0.5975, loss: 1.0183
2021-11-12 04:43:45,054 - mmdet - INFO - Epoch [3][1550/2442]	lr: 1.000e-03, eta: 12 days, 4:59:04, time: 0.845, data_time: 0.015, memory: 3205, loss_cls: 0.1223, loss_bbox: 0.2820, loss_depth: 0.0194, loss_centerness: 0.5917, loss: 1.0154
2021-11-12 04:44:27,160 - mmdet - INFO - Epoch [3][1600/2442]	lr: 1.000e-03, eta: 12 days, 4:54:12, time: 0.842, data_time: 0.015, memory: 3205, loss_cls: 0.1142, loss_bbox: 0.2903, loss_depth: 0.0194, loss_centerness: 0.5929, loss: 1.0167
2021-11-12 04:45:09,608 - mmdet - INFO - Epoch [3][1650/2442]	lr: 1.000e-03, eta: 12 days, 4:50:31, time: 0.849, data_time: 0.017, memory: 3205, loss_cls: 0.1178, loss_bbox: 0.2700, loss_depth: 0.0193, loss_centerness: 0.5927, loss: 0.9999
2021-11-12 04:45:51,363 - mmdet - INFO - Epoch [3][1700/2442]	lr: 1.000e-03, eta: 12 days, 4:44:36, time: 0.834, data_time: 0.016, memory: 3205, loss_cls: 0.1208, loss_bbox: 0.2823, loss_depth: 0.0193, loss_centerness: 0.5928, loss: 1.0153
2021-11-12 04:46:31,648 - mmdet - INFO - Epoch [3][1750/2442]	lr: 1.000e-03, eta: 12 days, 4:34:31, time: 0.806, data_time: 0.014, memory: 3205, loss_cls: 0.1182, loss_bbox: 0.2724, loss_depth: 0.0193, loss_centerness: 0.5919, loss: 1.0018
2021-11-12 04:47:13,491 - mmdet - INFO - Epoch [3][1800/2442]	lr: 1.000e-03, eta: 12 days, 4:29:11, time: 0.837, data_time: 0.015, memory: 3205, loss_cls: 0.1259, loss_bbox: 0.2825, loss_depth: 0.0193, loss_centerness: 0.5943, loss: 1.0220
2021-11-12 04:47:55,584 - mmdet - INFO - Epoch [3][1850/2442]	lr: 1.000e-03, eta: 12 days, 4:24:40, time: 0.842, data_time: 0.014, memory: 3205, loss_cls: 0.1190, loss_bbox: 0.2762, loss_depth: 0.0193, loss_centerness: 0.5912, loss: 1.0057
2021-11-12 04:48:36,791 - mmdet - INFO - Epoch [3][1900/2442]	lr: 1.000e-03, eta: 12 days, 4:17:33, time: 0.824, data_time: 0.014, memory: 3205, loss_cls: 0.1170, loss_bbox: 0.2770, loss_depth: 0.0193, loss_centerness: 0.5939, loss: 1.0072
2021-11-12 04:49:17,809 - mmdet - INFO - Epoch [3][1950/2442]	lr: 1.000e-03, eta: 12 days, 4:09:59, time: 0.820, data_time: 0.013, memory: 3205, loss_cls: 0.1176, loss_bbox: 0.2731, loss_depth: 0.0193, loss_centerness: 0.5932, loss: 1.0032
2021-11-12 04:49:59,860 - mmdet - INFO - Epoch [3][2000/2442]	lr: 1.000e-03, eta: 12 days, 4:05:30, time: 0.841, data_time: 0.015, memory: 3205, loss_cls: 0.1138, loss_bbox: 0.2720, loss_depth: 0.0193, loss_centerness: 0.5911, loss: 0.9961
2021-11-12 04:50:39,956 - mmdet - INFO - Epoch [3][2050/2442]	lr: 1.000e-03, eta: 12 days, 3:55:29, time: 0.802, data_time: 0.015, memory: 3205, loss_cls: 0.1097, loss_bbox: 0.2671, loss_depth: 0.0192, loss_centerness: 0.5923, loss: 0.9884
2021-11-12 04:51:21,154 - mmdet - INFO - Epoch [3][2100/2442]	lr: 1.000e-03, eta: 12 days, 3:48:44, time: 0.824, data_time: 0.014, memory: 3205, loss_cls: 0.1138, loss_bbox: 0.2734, loss_depth: 0.0192, loss_centerness: 0.5920, loss: 0.9984
2021-11-12 04:52:02,419 - mmdet - INFO - Epoch [3][2150/2442]	lr: 1.000e-03, eta: 12 days, 3:42:16, time: 0.825, data_time: 0.014, memory: 3205, loss_cls: 0.1192, loss_bbox: 0.2756, loss_depth: 0.0192, loss_centerness: 0.5909, loss: 1.0049
2021-11-12 04:52:44,643 - mmdet - INFO - Epoch [3][2200/2442]	lr: 1.000e-03, eta: 12 days, 3:38:33, time: 0.844, data_time: 0.013, memory: 3205, loss_cls: 0.1189, loss_bbox: 0.2677, loss_depth: 0.0192, loss_centerness: 0.5922, loss: 0.9981
2021-11-12 04:53:25,582 - mmdet - INFO - Epoch [3][2250/2442]	lr: 1.000e-03, eta: 12 days, 3:31:19, time: 0.819, data_time: 0.014, memory: 3205, loss_cls: 0.1123, loss_bbox: 0.2732, loss_depth: 0.0192, loss_centerness: 0.5934, loss: 0.9982
2021-11-12 04:54:06,433 - mmdet - INFO - Epoch [3][2300/2442]	lr: 1.000e-03, eta: 12 days, 3:23:55, time: 0.817, data_time: 0.014, memory: 3205, loss_cls: 0.1136, loss_bbox: 0.2719, loss_depth: 0.0192, loss_centerness: 0.5906, loss: 0.9953
2021-11-12 04:54:47,635 - mmdet - INFO - Epoch [3][2350/2442]	lr: 1.000e-03, eta: 12 days, 3:17:33, time: 0.824, data_time: 0.014, memory: 3205, loss_cls: 0.1126, loss_bbox: 0.2763, loss_depth: 0.0192, loss_centerness: 0.5927, loss: 1.0009
2021-11-12 04:55:28,451 - mmdet - INFO - Epoch [3][2400/2442]	lr: 1.000e-03, eta: 12 days, 3:10:15, time: 0.817, data_time: 0.012, memory: 3205, loss_cls: 0.1129, loss_bbox: 0.2701, loss_depth: 0.0192, loss_centerness: 0.5904, loss: 0.9926
2021-11-12 04:56:04,787 - mmdet - INFO - Saving checkpoint at 3 epochs
2021-11-12 04:57:17,384 - mmdet - INFO - Epoch [4][50/2442]	lr: 1.000e-03, eta: 12 days, 2:47:29, time: 1.433, data_time: 0.607, memory: 3205, loss_cls: 0.1171, loss_bbox: 0.2668, loss_depth: 0.0192, loss_centerness: 0.5912, loss: 0.9943
2021-11-12 04:57:58,036 - mmdet - INFO - Epoch [4][100/2442]	lr: 1.000e-03, eta: 12 days, 2:40:01, time: 0.813, data_time: 0.014, memory: 3205, loss_cls: 0.1148, loss_bbox: 0.2717, loss_depth: 0.0192, loss_centerness: 0.5918, loss: 0.9975
2021-11-12 04:58:39,715 - mmdet - INFO - Epoch [4][150/2442]	lr: 1.000e-03, eta: 12 days, 2:35:19, time: 0.833, data_time: 0.014, memory: 3205, loss_cls: 0.1126, loss_bbox: 0.2623, loss_depth: 0.0192, loss_centerness: 0.5918, loss: 0.9859
2021-11-12 04:59:19,689 - mmdet - INFO - Epoch [4][200/2442]	lr: 1.000e-03, eta: 12 days, 2:26:17, time: 0.800, data_time: 0.015, memory: 3205, loss_cls: 0.1049, loss_bbox: 0.2555, loss_depth: 0.0192, loss_centerness: 0.5922, loss: 0.9717
2021-11-12 05:00:00,867 - mmdet - INFO - Epoch [4][250/2442]	lr: 1.000e-03, eta: 12 days, 2:20:28, time: 0.823, data_time: 0.015, memory: 3205, loss_cls: 0.1122, loss_bbox: 0.2766, loss_depth: 0.0192, loss_centerness: 0.5916, loss: 0.9996
2021-11-12 05:00:42,500 - mmdet - INFO - Epoch [4][300/2442]	lr: 1.000e-03, eta: 12 days, 2:15:55, time: 0.833, data_time: 0.017, memory: 3205, loss_cls: 0.1151, loss_bbox: 0.2718, loss_depth: 0.0192, loss_centerness: 0.5930, loss: 0.9990
2021-11-12 05:01:23,177 - mmdet - INFO - Epoch [4][350/2442]	lr: 1.000e-03, eta: 12 days, 2:08:58, time: 0.814, data_time: 0.015, memory: 3205, loss_cls: 0.1231, loss_bbox: 0.2739, loss_depth: 0.0191, loss_centerness: 0.5914, loss: 1.0076
2021-11-12 05:02:04,597 - mmdet - INFO - Epoch [4][400/2442]	lr: 1.000e-03, eta: 12 days, 2:04:00, time: 0.828, data_time: 0.015, memory: 3205, loss_cls: 0.1163, loss_bbox: 0.2708, loss_depth: 0.0191, loss_centerness: 0.5927, loss: 0.9990
2021-11-12 05:02:46,158 - mmdet - INFO - Epoch [4][450/2442]	lr: 1.000e-03, eta: 12 days, 1:59:23, time: 0.831, data_time: 0.015, memory: 3205, loss_cls: 0.1200, loss_bbox: 0.2762, loss_depth: 0.0191, loss_centerness: 0.5922, loss: 1.0075
2021-11-12 05:03:26,202 - mmdet - INFO - Epoch [4][500/2442]	lr: 1.000e-03, eta: 12 days, 1:51:00, time: 0.801, data_time: 0.014, memory: 3205, loss_cls: 0.1151, loss_bbox: 0.2815, loss_depth: 0.0191, loss_centerness: 0.5933, loss: 1.0090
2021-11-12 05:04:06,880 - mmdet - INFO - Epoch [4][550/2442]	lr: 1.000e-03, eta: 12 days, 1:44:18, time: 0.814, data_time: 0.016, memory: 3205, loss_cls: 0.1130, loss_bbox: 0.2679, loss_depth: 0.0191, loss_centerness: 0.5896, loss: 0.9896
2021-11-12 05:04:45,367 - mmdet - INFO - Epoch [4][600/2442]	lr: 1.000e-03, eta: 12 days, 1:32:07, time: 0.770, data_time: 0.015, memory: 3205, loss_cls: 0.1123, loss_bbox: 0.2729, loss_depth: 0.0191, loss_centerness: 0.5914, loss: 0.9958
2021-11-12 05:05:24,676 - mmdet - INFO - Epoch [4][650/2442]	lr: 1.000e-03, eta: 12 days, 1:22:07, time: 0.786, data_time: 0.085, memory: 3205, loss_cls: 0.1133, loss_bbox: 0.2744, loss_depth: 0.0191, loss_centerness: 0.5912, loss: 0.9980
2021-11-12 05:05:56,637 - mmdet - INFO - Epoch [4][700/2442]	lr: 1.000e-03, eta: 12 days, 0:53:46, time: 0.639, data_time: 0.016, memory: 3205, loss_cls: 0.1093, loss_bbox: 0.2614, loss_depth: 0.0191, loss_centerness: 0.5912, loss: 0.9810
2021-11-12 05:06:28,500 - mmdet - INFO - Epoch [4][750/2442]	lr: 1.000e-03, eta: 12 days, 0:25:29, time: 0.637, data_time: 0.017, memory: 3205, loss_cls: 0.1111, loss_bbox: 0.2680, loss_depth: 0.0191, loss_centerness: 0.5923, loss: 0.9906
2021-11-12 05:06:59,966 - mmdet - INFO - Epoch [4][800/2442]	lr: 1.000e-03, eta: 11 days, 23:56:34, time: 0.629, data_time: 0.016, memory: 3205, loss_cls: 0.1147, loss_bbox: 0.2620, loss_depth: 0.0191, loss_centerness: 0.5909, loss: 0.9866
2021-11-12 05:07:32,064 - mmdet - INFO - Epoch [4][850/2442]	lr: 1.000e-03, eta: 11 days, 23:29:35, time: 0.642, data_time: 0.015, memory: 3205, loss_cls: 0.1078, loss_bbox: 0.2653, loss_depth: 0.0191, loss_centerness: 0.5923, loss: 0.9845
2021-11-12 05:08:03,726 - mmdet - INFO - Epoch [4][900/2442]	lr: 1.000e-03, eta: 11 days, 23:01:49, time: 0.633, data_time: 0.015, memory: 3205, loss_cls: 0.1129, loss_bbox: 0.2698, loss_depth: 0.0191, loss_centerness: 0.5926, loss: 0.9944
2021-11-12 05:08:40,537 - mmdet - INFO - Epoch [4][950/2442]	lr: 1.000e-03, eta: 11 days, 22:46:59, time: 0.736, data_time: 0.018, memory: 3205, loss_cls: 0.1102, loss_bbox: 0.2691, loss_depth: 0.0191, loss_centerness: 0.5923, loss: 0.9906
2021-11-12 05:09:19,180 - mmdet - INFO - Epoch [4][1000/2442]	lr: 1.000e-03, eta: 11 days, 22:36:42, time: 0.772, data_time: 0.017, memory: 3205, loss_cls: 0.1150, loss_bbox: 0.2699, loss_depth: 0.0191, loss_centerness: 0.5914, loss: 0.9954
2021-11-12 05:09:57,209 - mmdet - INFO - Epoch [4][1050/2442]	lr: 1.000e-03, eta: 11 days, 22:25:07, time: 0.761, data_time: 0.014, memory: 3205, loss_cls: 0.1061, loss_bbox: 0.2691, loss_depth: 0.0191, loss_centerness: 0.5946, loss: 0.9889
2021-11-12 05:10:35,085 - mmdet - INFO - Epoch [4][1100/2442]	lr: 1.000e-03, eta: 11 days, 22:13:17, time: 0.757, data_time: 0.015, memory: 3205, loss_cls: 0.1135, loss_bbox: 0.2645, loss_depth: 0.0191, loss_centerness: 0.5930, loss: 0.9902
2021-11-12 05:11:12,257 - mmdet - INFO - Epoch [4][1150/2442]	lr: 1.000e-03, eta: 11 days, 21:59:52, time: 0.743, data_time: 0.015, memory: 3205, loss_cls: 0.1161, loss_bbox: 0.2637, loss_depth: 0.0191, loss_centerness: 0.5916, loss: 0.9905
2021-11-12 05:11:49,733 - mmdet - INFO - Epoch [4][1200/2442]	lr: 1.000e-03, eta: 11 days, 21:47:22, time: 0.750, data_time: 0.015, memory: 3205, loss_cls: 0.1085, loss_bbox: 0.2674, loss_depth: 0.0191, loss_centerness: 0.5918, loss: 0.9867
2021-11-12 05:12:27,466 - mmdet - INFO - Epoch [4][1250/2442]	lr: 1.000e-03, eta: 11 days, 21:35:36, time: 0.755, data_time: 0.015, memory: 3205, loss_cls: 0.1161, loss_bbox: 0.2696, loss_depth: 0.0191, loss_centerness: 0.5930, loss: 0.9977
2021-11-12 05:13:04,664 - mmdet - INFO - Epoch [4][1300/2442]	lr: 1.000e-03, eta: 11 days, 21:22:43, time: 0.744, data_time: 0.016, memory: 3205, loss_cls: 0.1092, loss_bbox: 0.2608, loss_depth: 0.0191, loss_centerness: 0.5914, loss: 0.9805
2021-11-12 05:13:42,428 - mmdet - INFO - Epoch [4][1350/2442]	lr: 1.000e-03, eta: 11 days, 21:11:16, time: 0.755, data_time: 0.016, memory: 3205, loss_cls: 0.1111, loss_bbox: 0.2654, loss_depth: 0.0191, loss_centerness: 0.5905, loss: 0.9861
2021-11-12 05:14:20,083 - mmdet - INFO - Epoch [4][1400/2442]	lr: 1.000e-03, eta: 11 days, 20:59:43, time: 0.753, data_time: 0.014, memory: 3205, loss_cls: 0.1121, loss_bbox: 0.2703, loss_depth: 0.0191, loss_centerness: 0.5928, loss: 0.9943
2021-11-12 05:14:57,462 - mmdet - INFO - Epoch [4][1450/2442]	lr: 1.000e-03, eta: 11 days, 20:47:38, time: 0.748, data_time: 0.012, memory: 3205, loss_cls: 0.1085, loss_bbox: 0.2659, loss_depth: 0.0191, loss_centerness: 0.5919, loss: 0.9853
2021-11-12 05:15:35,795 - mmdet - INFO - Epoch [4][1500/2442]	lr: 1.000e-03, eta: 11 days, 20:37:54, time: 0.767, data_time: 0.013, memory: 3205, loss_cls: 0.1042, loss_bbox: 0.2617, loss_depth: 0.0191, loss_centerness: 0.5920, loss: 0.9769
2021-11-12 05:16:13,545 - mmdet - INFO - Epoch [4][1550/2442]	lr: 1.000e-03, eta: 11 days, 20:26:56, time: 0.755, data_time: 0.011, memory: 3205, loss_cls: 0.1105, loss_bbox: 0.2620, loss_depth: 0.0190, loss_centerness: 0.5922, loss: 0.9837
2021-11-12 05:16:51,226 - mmdet - INFO - Epoch [4][1600/2442]	lr: 1.000e-03, eta: 11 days, 20:15:54, time: 0.753, data_time: 0.012, memory: 3205, loss_cls: 0.1090, loss_bbox: 0.2608, loss_depth: 0.0190, loss_centerness: 0.5904, loss: 0.9793
2021-11-12 05:17:28,793 - mmdet - INFO - Epoch [4][1650/2442]	lr: 1.000e-03, eta: 11 days, 20:04:41, time: 0.751, data_time: 0.014, memory: 3205, loss_cls: 0.1066, loss_bbox: 0.2649, loss_depth: 0.0190, loss_centerness: 0.5925, loss: 0.9830
2021-11-12 05:18:06,340 - mmdet - INFO - Epoch [4][1700/2442]	lr: 1.000e-03, eta: 11 days, 19:53:38, time: 0.751, data_time: 0.012, memory: 3205, loss_cls: 0.1109, loss_bbox: 0.2673, loss_depth: 0.0191, loss_centerness: 0.5915, loss: 0.9888
2021-11-12 05:18:43,990 - mmdet - INFO - Epoch [4][1750/2442]	lr: 1.000e-03, eta: 11 days, 19:42:52, time: 0.753, data_time: 0.014, memory: 3205, loss_cls: 0.1112, loss_bbox: 0.2648, loss_depth: 0.0190, loss_centerness: 0.5919, loss: 0.9869
2021-11-12 05:19:21,999 - mmdet - INFO - Epoch [4][1800/2442]	lr: 1.000e-03, eta: 11 days, 19:33:03, time: 0.760, data_time: 0.015, memory: 3205, loss_cls: 0.1083, loss_bbox: 0.2713, loss_depth: 0.0190, loss_centerness: 0.5930, loss: 0.9916
2021-11-12 05:19:59,679 - mmdet - INFO - Epoch [4][1850/2442]	lr: 1.000e-03, eta: 11 days, 19:22:34, time: 0.753, data_time: 0.014, memory: 3205, loss_cls: 0.1104, loss_bbox: 0.2613, loss_depth: 0.0190, loss_centerness: 0.5922, loss: 0.9830
2021-11-12 05:20:36,143 - mmdet - INFO - Epoch [4][1900/2442]	lr: 1.000e-03, eta: 11 days, 19:09:33, time: 0.729, data_time: 0.014, memory: 3205, loss_cls: 0.1083, loss_bbox: 0.2624, loss_depth: 0.0190, loss_centerness: 0.5888, loss: 0.9785
2021-11-12 05:21:13,557 - mmdet - INFO - Epoch [4][1950/2442]	lr: 1.000e-03, eta: 11 days, 18:58:44, time: 0.748, data_time: 0.016, memory: 3205, loss_cls: 0.1093, loss_bbox: 0.2668, loss_depth: 0.0190, loss_centerness: 0.5918, loss: 0.9869
2021-11-12 05:21:51,329 - mmdet - INFO - Epoch [4][2000/2442]	lr: 1.000e-03, eta: 11 days, 18:48:48, time: 0.756, data_time: 0.015, memory: 3205, loss_cls: 0.1092, loss_bbox: 0.2632, loss_depth: 0.0190, loss_centerness: 0.5898, loss: 0.9813
2021-11-12 05:22:29,232 - mmdet - INFO - Epoch [4][2050/2442]	lr: 1.000e-03, eta: 11 days, 18:39:15, time: 0.758, data_time: 0.015, memory: 3205, loss_cls: 0.1102, loss_bbox: 0.2647, loss_depth: 0.0190, loss_centerness: 0.5905, loss: 0.9844
2021-11-12 05:23:06,805 - mmdet - INFO - Epoch [4][2100/2442]	lr: 1.000e-03, eta: 11 days, 18:29:03, time: 0.751, data_time: 0.014, memory: 3205, loss_cls: 0.1058, loss_bbox: 0.2635, loss_depth: 0.0190, loss_centerness: 0.5903, loss: 0.9786
2021-11-12 05:23:44,783 - mmdet - INFO - Epoch [4][2150/2442]	lr: 1.000e-03, eta: 11 days, 18:19:49, time: 0.759, data_time: 0.015, memory: 3205, loss_cls: 0.1106, loss_bbox: 0.2558, loss_depth: 0.0190, loss_centerness: 0.5925, loss: 0.9779
2021-11-12 05:24:22,994 - mmdet - INFO - Epoch [4][2200/2442]	lr: 1.000e-03, eta: 11 days, 18:11:16, time: 0.765, data_time: 0.017, memory: 3205, loss_cls: 0.1076, loss_bbox: 0.2595, loss_depth: 0.0190, loss_centerness: 0.5915, loss: 0.9776
2021-11-12 05:25:00,247 - mmdet - INFO - Epoch [4][2250/2442]	lr: 1.000e-03, eta: 11 days, 18:00:41, time: 0.745, data_time: 0.016, memory: 3205, loss_cls: 0.1053, loss_bbox: 0.2591, loss_depth: 0.0190, loss_centerness: 0.5912, loss: 0.9746
2021-11-12 05:25:37,615 - mmdet - INFO - Epoch [4][2300/2442]	lr: 1.000e-03, eta: 11 days, 17:50:29, time: 0.747, data_time: 0.013, memory: 3205, loss_cls: 0.1113, loss_bbox: 0.2606, loss_depth: 0.0190, loss_centerness: 0.5901, loss: 0.9809
2021-11-12 05:26:14,719 - mmdet - INFO - Epoch [4][2350/2442]	lr: 1.000e-03, eta: 11 days, 17:39:49, time: 0.742, data_time: 0.013, memory: 3205, loss_cls: 0.1027, loss_bbox: 0.2530, loss_depth: 0.0190, loss_centerness: 0.5915, loss: 0.9662
2021-11-12 05:26:52,755 - mmdet - INFO - Epoch [4][2400/2442]	lr: 1.000e-03, eta: 11 days, 17:31:11, time: 0.761, data_time: 0.016, memory: 3205, loss_cls: 0.1029, loss_bbox: 0.2558, loss_depth: 0.0190, loss_centerness: 0.5918, loss: 0.9695
2021-11-12 05:27:25,164 - mmdet - INFO - Saving checkpoint at 4 epochs
2021-11-12 05:28:35,357 - mmdet - INFO - Epoch [5][50/2442]	lr: 1.000e-03, eta: 11 days, 17:13:48, time: 1.383, data_time: 0.598, memory: 3205, loss_cls: 0.1096, loss_bbox: 0.2532, loss_depth: 0.0190, loss_centerness: 0.5908, loss: 0.9726
2021-11-12 05:29:14,868 - mmdet - INFO - Epoch [5][100/2442]	lr: 1.000e-03, eta: 11 days, 17:08:25, time: 0.790, data_time: 0.014, memory: 3205, loss_cls: 0.1102, loss_bbox: 0.2622, loss_depth: 0.0190, loss_centerness: 0.5915, loss: 0.9830
2021-11-12 05:29:54,562 - mmdet - INFO - Epoch [5][150/2442]	lr: 1.000e-03, eta: 11 days, 17:03:29, time: 0.794, data_time: 0.015, memory: 3205, loss_cls: 0.1070, loss_bbox: 0.2554, loss_depth: 0.0190, loss_centerness: 0.5892, loss: 0.9707
2021-11-12 05:30:34,947 - mmdet - INFO - Epoch [5][200/2442]	lr: 1.000e-03, eta: 11 days, 16:59:56, time: 0.807, data_time: 0.017, memory: 3205, loss_cls: 0.1042, loss_bbox: 0.2542, loss_depth: 0.0190, loss_centerness: 0.5918, loss: 0.9691
2021-11-12 05:31:15,034 - mmdet - INFO - Epoch [5][250/2442]	lr: 1.000e-03, eta: 11 days, 16:55:54, time: 0.802, data_time: 0.018, memory: 3205, loss_cls: 0.1004, loss_bbox: 0.2582, loss_depth: 0.0190, loss_centerness: 0.5920, loss: 0.9696
2021-11-12 05:31:54,590 - mmdet - INFO - Epoch [5][300/2442]	lr: 1.000e-03, eta: 11 days, 16:50:47, time: 0.791, data_time: 0.015, memory: 3205, loss_cls: 0.1095, loss_bbox: 0.2646, loss_depth: 0.0190, loss_centerness: 0.5922, loss: 0.9852
2021-11-12 05:32:34,376 - mmdet - INFO - Epoch [5][350/2442]	lr: 1.000e-03, eta: 11 days, 16:46:10, time: 0.796, data_time: 0.014, memory: 3205, loss_cls: 0.1059, loss_bbox: 0.2588, loss_depth: 0.0190, loss_centerness: 0.5908, loss: 0.9745
2021-11-12 05:33:14,253 - mmdet - INFO - Epoch [5][400/2442]	lr: 1.000e-03, eta: 11 days, 16:41:46, time: 0.797, data_time: 0.015, memory: 3205, loss_cls: 0.1091, loss_bbox: 0.2595, loss_depth: 0.0190, loss_centerness: 0.5924, loss: 0.9799
2021-11-12 05:33:53,489 - mmdet - INFO - Epoch [5][450/2442]	lr: 1.000e-03, eta: 11 days, 16:36:10, time: 0.785, data_time: 0.015, memory: 3205, loss_cls: 0.1033, loss_bbox: 0.2581, loss_depth: 0.0190, loss_centerness: 0.5908, loss: 0.9712
2021-11-12 05:34:33,372 - mmdet - INFO - Epoch [5][500/2442]	lr: 1.000e-03, eta: 11 days, 16:31:51, time: 0.797, data_time: 0.015, memory: 3205, loss_cls: 0.1010, loss_bbox: 0.2637, loss_depth: 0.0190, loss_centerness: 0.5930, loss: 0.9766
2021-11-12 05:35:13,771 - mmdet - INFO - Epoch [5][550/2442]	lr: 1.000e-03, eta: 11 days, 16:28:35, time: 0.808, data_time: 0.014, memory: 3205, loss_cls: 0.1008, loss_bbox: 0.2534, loss_depth: 0.0190, loss_centerness: 0.5917, loss: 0.9649
2021-11-12 05:35:54,057 - mmdet - INFO - Epoch [5][600/2442]	lr: 1.000e-03, eta: 11 days, 16:25:09, time: 0.806, data_time: 0.017, memory: 3205, loss_cls: 0.1043, loss_bbox: 0.2579, loss_depth: 0.0190, loss_centerness: 0.5912, loss: 0.9723
2021-11-12 05:36:33,686 - mmdet - INFO - Epoch [5][650/2442]	lr: 1.000e-03, eta: 11 days, 16:20:28, time: 0.793, data_time: 0.017, memory: 3205, loss_cls: 0.1030, loss_bbox: 0.2517, loss_depth: 0.0190, loss_centerness: 0.5916, loss: 0.9652
2021-11-12 05:37:12,331 - mmdet - INFO - Epoch [5][700/2442]	lr: 1.000e-03, eta: 11 days, 16:13:55, time: 0.773, data_time: 0.013, memory: 3205, loss_cls: 0.1070, loss_bbox: 0.2591, loss_depth: 0.0190, loss_centerness: 0.5893, loss: 0.9744
2021-11-12 05:37:52,275 - mmdet - INFO - Epoch [5][750/2442]	lr: 1.000e-03, eta: 11 days, 16:09:54, time: 0.799, data_time: 0.014, memory: 3205, loss_cls: 0.1060, loss_bbox: 0.2544, loss_depth: 0.0190, loss_centerness: 0.5906, loss: 0.9699
2021-11-12 05:38:32,584 - mmdet - INFO - Epoch [5][800/2442]	lr: 1.000e-03, eta: 11 days, 16:06:39, time: 0.806, data_time: 0.015, memory: 3205, loss_cls: 0.1079, loss_bbox: 0.2534, loss_depth: 0.0190, loss_centerness: 0.5901, loss: 0.9705
2021-11-12 05:39:11,918 - mmdet - INFO - Epoch [5][850/2442]	lr: 1.000e-03, eta: 11 days, 16:01:31, time: 0.786, data_time: 0.015, memory: 3205, loss_cls: 0.1073, loss_bbox: 0.2654, loss_depth: 0.0190, loss_centerness: 0.5918, loss: 0.9835
2021-11-12 05:39:51,665 - mmdet - INFO - Epoch [5][900/2442]	lr: 1.000e-03, eta: 11 days, 15:57:15, time: 0.795, data_time: 0.015, memory: 3205, loss_cls: 0.1048, loss_bbox: 0.2535, loss_depth: 0.0190, loss_centerness: 0.5911, loss: 0.9684
2021-11-12 05:40:30,630 - mmdet - INFO - Epoch [5][950/2442]	lr: 1.000e-03, eta: 11 days, 15:51:32, time: 0.779, data_time: 0.013, memory: 3205, loss_cls: 0.1032, loss_bbox: 0.2540, loss_depth: 0.0190, loss_centerness: 0.5923, loss: 0.9685
2021-11-12 05:41:09,738 - mmdet - INFO - Epoch [5][1000/2442]	lr: 1.000e-03, eta: 11 days, 15:46:07, time: 0.782, data_time: 0.013, memory: 3205, loss_cls: 0.1083, loss_bbox: 0.2581, loss_depth: 0.0190, loss_centerness: 0.5935, loss: 0.9789
2021-11-12 05:41:49,782 - mmdet - INFO - Epoch [5][1050/2442]	lr: 1.000e-03, eta: 11 days, 15:42:30, time: 0.801, data_time: 0.014, memory: 3205, loss_cls: 0.1082, loss_bbox: 0.2534, loss_depth: 0.0190, loss_centerness: 0.5921, loss: 0.9726
2021-11-12 05:42:29,815 - mmdet - INFO - Epoch [5][1100/2442]	lr: 1.000e-03, eta: 11 days, 15:38:54, time: 0.801, data_time: 0.015, memory: 3205, loss_cls: 0.1073, loss_bbox: 0.2582, loss_depth: 0.0190, loss_centerness: 0.5926, loss: 0.9770
2021-11-12 05:43:09,540 - mmdet - INFO - Epoch [5][1150/2442]	lr: 1.000e-03, eta: 11 days, 15:34:46, time: 0.795, data_time: 0.013, memory: 3205, loss_cls: 0.1091, loss_bbox: 0.2595, loss_depth: 0.0190, loss_centerness: 0.5912, loss: 0.9787
2021-11-12 05:43:49,661 - mmdet - INFO - Epoch [5][1200/2442]	lr: 1.000e-03, eta: 11 days, 15:31:17, time: 0.801, data_time: 0.016, memory: 3205, loss_cls: 0.1033, loss_bbox: 0.2537, loss_depth: 0.0190, loss_centerness: 0.5921, loss: 0.9681
2021-11-12 05:44:29,023 - mmdet - INFO - Epoch [5][1250/2442]	lr: 1.000e-03, eta: 11 days, 15:26:33, time: 0.787, data_time: 0.017, memory: 3205, loss_cls: 0.1071, loss_bbox: 0.2545, loss_depth: 0.0190, loss_centerness: 0.5909, loss: 0.9714
2021-11-12 05:45:10,711 - mmdet - INFO - Epoch [5][1300/2442]	lr: 1.000e-03, eta: 11 days, 15:26:07, time: 0.834, data_time: 0.015, memory: 3205, loss_cls: 0.1039, loss_bbox: 0.2467, loss_depth: 0.0190, loss_centerness: 0.5884, loss: 0.9580
2021-11-12 05:45:52,982 - mmdet - INFO - Epoch [5][1350/2442]	lr: 1.000e-03, eta: 11 days, 15:26:40, time: 0.845, data_time: 0.014, memory: 3205, loss_cls: 0.1046, loss_bbox: 0.2547, loss_depth: 0.0190, loss_centerness: 0.5881, loss: 0.9663
2021-11-12 05:46:34,857 - mmdet - INFO - Epoch [5][1400/2442]	lr: 1.000e-03, eta: 11 days, 15:26:32, time: 0.838, data_time: 0.014, memory: 3205, loss_cls: 0.1027, loss_bbox: 0.2620, loss_depth: 0.0190, loss_centerness: 0.5917, loss: 0.9754
2021-11-12 05:47:16,565 - mmdet - INFO - Epoch [5][1450/2442]	lr: 1.000e-03, eta: 11 days, 15:26:04, time: 0.834, data_time: 0.013, memory: 3205, loss_cls: 0.1059, loss_bbox: 0.2555, loss_depth: 0.0189, loss_centerness: 0.5908, loss: 0.9712
2021-11-12 05:47:58,956 - mmdet - INFO - Epoch [5][1500/2442]	lr: 1.000e-03, eta: 11 days, 15:26:52, time: 0.848, data_time: 0.016, memory: 3205, loss_cls: 0.1037, loss_bbox: 0.2555, loss_depth: 0.0190, loss_centerness: 0.5913, loss: 0.9695
2021-11-12 05:48:40,926 - mmdet - INFO - Epoch [5][1550/2442]	lr: 1.000e-03, eta: 11 days, 15:26:50, time: 0.839, data_time: 0.016, memory: 3205, loss_cls: 0.1059, loss_bbox: 0.2518, loss_depth: 0.0190, loss_centerness: 0.5902, loss: 0.9668
2021-11-12 05:49:22,662 - mmdet - INFO - Epoch [5][1600/2442]	lr: 1.000e-03, eta: 11 days, 15:26:24, time: 0.835, data_time: 0.015, memory: 3205, loss_cls: 0.1038, loss_bbox: 0.2554, loss_depth: 0.0190, loss_centerness: 0.5894, loss: 0.9676
2021-11-12 05:50:05,010 - mmdet - INFO - Epoch [5][1650/2442]	lr: 1.000e-03, eta: 11 days, 15:27:04, time: 0.847, data_time: 0.016, memory: 3205, loss_cls: 0.1067, loss_bbox: 0.2560, loss_depth: 0.0190, loss_centerness: 0.5920, loss: 0.9737
2021-11-12 05:50:47,216 - mmdet - INFO - Epoch [5][1700/2442]	lr: 1.000e-03, eta: 11 days, 15:27:29, time: 0.844, data_time: 0.014, memory: 3205, loss_cls: 0.1062, loss_bbox: 0.2509, loss_depth: 0.0189, loss_centerness: 0.5911, loss: 0.9671
2021-11-12 05:51:29,809 - mmdet - INFO - Epoch [5][1750/2442]	lr: 1.000e-03, eta: 11 days, 15:28:32, time: 0.852, data_time: 0.014, memory: 3205, loss_cls: 0.1020, loss_bbox: 0.2536, loss_depth: 0.0189, loss_centerness: 0.5905, loss: 0.9650
2021-11-12 05:52:11,658 - mmdet - INFO - Epoch [5][1800/2442]	lr: 1.000e-03, eta: 11 days, 15:28:18, time: 0.837, data_time: 0.012, memory: 3205, loss_cls: 0.1061, loss_bbox: 0.2586, loss_depth: 0.0190, loss_centerness: 0.5921, loss: 0.9757
2021-11-12 05:52:54,106 - mmdet - INFO - Epoch [5][1850/2442]	lr: 1.000e-03, eta: 11 days, 15:29:06, time: 0.849, data_time: 0.016, memory: 3205, loss_cls: 0.1064, loss_bbox: 0.2515, loss_depth: 0.0190, loss_centerness: 0.5911, loss: 0.9680
2021-11-12 05:53:36,288 - mmdet - INFO - Epoch [5][1900/2442]	lr: 1.000e-03, eta: 11 days, 15:29:24, time: 0.844, data_time: 0.011, memory: 3205, loss_cls: 0.1024, loss_bbox: 0.2497, loss_depth: 0.0189, loss_centerness: 0.5897, loss: 0.9608
2021-11-12 05:54:18,440 - mmdet - INFO - Epoch [5][1950/2442]	lr: 1.000e-03, eta: 11 days, 15:29:40, time: 0.843, data_time: 0.015, memory: 3205, loss_cls: 0.1034, loss_bbox: 0.2501, loss_depth: 0.0189, loss_centerness: 0.5897, loss: 0.9622
2021-11-12 05:55:00,790 - mmdet - INFO - Epoch [5][2000/2442]	lr: 1.000e-03, eta: 11 days, 15:30:15, time: 0.847, data_time: 0.013, memory: 3205, loss_cls: 0.1120, loss_bbox: 0.2533, loss_depth: 0.0189, loss_centerness: 0.5914, loss: 0.9756
2021-11-12 05:55:43,200 - mmdet - INFO - Epoch [5][2050/2442]	lr: 1.000e-03, eta: 11 days, 15:30:54, time: 0.848, data_time: 0.014, memory: 3205, loss_cls: 0.1056, loss_bbox: 0.2538, loss_depth: 0.0189, loss_centerness: 0.5910, loss: 0.9693
2021-11-12 05:56:25,114 - mmdet - INFO - Epoch [5][2100/2442]	lr: 1.000e-03, eta: 11 days, 15:30:44, time: 0.838, data_time: 0.017, memory: 3205, loss_cls: 0.0993, loss_bbox: 0.2530, loss_depth: 0.0189, loss_centerness: 0.5930, loss: 0.9643
2021-11-12 05:57:06,746 - mmdet - INFO - Epoch [5][2150/2442]	lr: 1.000e-03, eta: 11 days, 15:30:06, time: 0.833, data_time: 0.015, memory: 3205, loss_cls: 0.1091, loss_bbox: 0.2493, loss_depth: 0.0189, loss_centerness: 0.5919, loss: 0.9692
2021-11-12 05:57:48,623 - mmdet - INFO - Epoch [5][2200/2442]	lr: 1.000e-03, eta: 11 days, 15:29:46, time: 0.836, data_time: 0.014, memory: 3205, loss_cls: 0.1008, loss_bbox: 0.2494, loss_depth: 0.0189, loss_centerness: 0.5882, loss: 0.9573
2021-11-12 05:58:31,279 - mmdet - INFO - Epoch [5][2250/2442]	lr: 1.000e-03, eta: 11 days, 15:30:52, time: 0.854, data_time: 0.015, memory: 3205, loss_cls: 0.1025, loss_bbox: 0.2600, loss_depth: 0.0189, loss_centerness: 0.5918, loss: 0.9733
2021-11-12 05:59:13,984 - mmdet - INFO - Epoch [5][2300/2442]	lr: 1.000e-03, eta: 11 days, 15:32:01, time: 0.854, data_time: 0.018, memory: 3205, loss_cls: 0.1062, loss_bbox: 0.2458, loss_depth: 0.0189, loss_centerness: 0.5905, loss: 0.9614
2021-11-12 05:59:55,924 - mmdet - INFO - Epoch [5][2350/2442]	lr: 1.000e-03, eta: 11 days, 15:31:52, time: 0.839, data_time: 0.014, memory: 3205, loss_cls: 0.1039, loss_bbox: 0.2568, loss_depth: 0.0189, loss_centerness: 0.5929, loss: 0.9725
2021-11-12 06:00:38,369 - mmdet - INFO - Epoch [5][2400/2442]	lr: 1.000e-03, eta: 11 days, 15:32:32, time: 0.849, data_time: 0.015, memory: 3205, loss_cls: 0.1010, loss_bbox: 0.2558, loss_depth: 0.0189, loss_centerness: 0.5913, loss: 0.9670
2021-11-12 06:01:14,527 - mmdet - INFO - Saving checkpoint at 5 epochs
2021-11-12 06:02:28,856 - mmdet - INFO - Epoch [6][50/2442]	lr: 1.000e-03, eta: 11 days, 15:25:57, time: 1.467, data_time: 0.633, memory: 3205, loss_cls: 0.1019, loss_bbox: 0.2460, loss_depth: 0.0189, loss_centerness: 0.5877, loss: 0.9545
2021-11-12 06:03:11,137 - mmdet - INFO - Epoch [6][100/2442]	lr: 1.000e-03, eta: 11 days, 15:26:21, time: 0.846, data_time: 0.016, memory: 3205, loss_cls: 0.0978, loss_bbox: 0.2446, loss_depth: 0.0189, loss_centerness: 0.5917, loss: 0.9530
2021-11-12 06:03:52,176 - mmdet - INFO - Epoch [6][150/2442]	lr: 1.000e-03, eta: 11 days, 15:24:43, time: 0.821, data_time: 0.016, memory: 3205, loss_cls: 0.0995, loss_bbox: 0.2457, loss_depth: 0.0189, loss_centerness: 0.5916, loss: 0.9556
2021-11-12 06:04:34,267 - mmdet - INFO - Epoch [6][200/2442]	lr: 1.000e-03, eta: 11 days, 15:24:48, time: 0.842, data_time: 0.015, memory: 3205, loss_cls: 0.1062, loss_bbox: 0.2620, loss_depth: 0.0189, loss_centerness: 0.5925, loss: 0.9796
2021-11-12 06:05:16,149 - mmdet - INFO - Epoch [6][250/2442]	lr: 1.000e-03, eta: 11 days, 15:24:32, time: 0.837, data_time: 0.013, memory: 3205, loss_cls: 0.0985, loss_bbox: 0.2536, loss_depth: 0.0189, loss_centerness: 0.5893, loss: 0.9604
2021-11-12 06:05:57,738 - mmdet - INFO - Epoch [6][300/2442]	lr: 1.000e-03, eta: 11 days, 15:23:47, time: 0.832, data_time: 0.013, memory: 3205, loss_cls: 0.1026, loss_bbox: 0.2612, loss_depth: 0.0189, loss_centerness: 0.5925, loss: 0.9752
2021-11-12 06:06:39,438 - mmdet - INFO - Epoch [6][350/2442]	lr: 1.000e-03, eta: 11 days, 15:23:15, time: 0.834, data_time: 0.014, memory: 3205, loss_cls: 0.0993, loss_bbox: 0.2418, loss_depth: 0.0189, loss_centerness: 0.5926, loss: 0.9526
2021-11-12 06:07:21,494 - mmdet - INFO - Epoch [6][400/2442]	lr: 1.000e-03, eta: 11 days, 15:23:15, time: 0.841, data_time: 0.011, memory: 3205, loss_cls: 0.0990, loss_bbox: 0.2416, loss_depth: 0.0189, loss_centerness: 0.5892, loss: 0.9487
2021-11-12 06:08:04,340 - mmdet - INFO - Epoch [6][450/2442]	lr: 1.000e-03, eta: 11 days, 15:24:28, time: 0.856, data_time: 0.014, memory: 3205, loss_cls: 0.1040, loss_bbox: 0.2463, loss_depth: 0.0189, loss_centerness: 0.5904, loss: 0.9597
2021-11-12 06:08:46,236 - mmdet - INFO - Epoch [6][500/2442]	lr: 1.000e-03, eta: 11 days, 15:24:14, time: 0.838, data_time: 0.013, memory: 3205, loss_cls: 0.0982, loss_bbox: 0.2445, loss_depth: 0.0189, loss_centerness: 0.5897, loss: 0.9512
2021-11-12 06:09:27,828 - mmdet - INFO - Epoch [6][550/2442]	lr: 1.000e-03, eta: 11 days, 15:23:31, time: 0.832, data_time: 0.011, memory: 3205, loss_cls: 0.1037, loss_bbox: 0.2523, loss_depth: 0.0189, loss_centerness: 0.5892, loss: 0.9641
2021-11-12 06:10:10,149 - mmdet - INFO - Epoch [6][600/2442]	lr: 1.000e-03, eta: 11 days, 15:23:54, time: 0.846, data_time: 0.014, memory: 3205, loss_cls: 0.1050, loss_bbox: 0.2418, loss_depth: 0.0189, loss_centerness: 0.5921, loss: 0.9578
2021-11-12 06:10:52,158 - mmdet - INFO - Epoch [6][650/2442]	lr: 1.000e-03, eta: 11 days, 15:23:48, time: 0.840, data_time: 0.016, memory: 3205, loss_cls: 0.1026, loss_bbox: 0.2481, loss_depth: 0.0189, loss_centerness: 0.5897, loss: 0.9593
2021-11-12 06:11:33,583 - mmdet - INFO - Epoch [6][700/2442]	lr: 1.000e-03, eta: 11 days, 15:22:47, time: 0.828, data_time: 0.015, memory: 3205, loss_cls: 0.1010, loss_bbox: 0.2510, loss_depth: 0.0189, loss_centerness: 0.5905, loss: 0.9615
2021-11-12 06:12:15,800 - mmdet - INFO - Epoch [6][750/2442]	lr: 1.000e-03, eta: 11 days, 15:23:02, time: 0.845, data_time: 0.014, memory: 3205, loss_cls: 0.1039, loss_bbox: 0.2486, loss_depth: 0.0189, loss_centerness: 0.5902, loss: 0.9617
2021-11-12 06:12:57,715 - mmdet - INFO - Epoch [6][800/2442]	lr: 1.000e-03, eta: 11 days, 15:22:47, time: 0.838, data_time: 0.014, memory: 3205, loss_cls: 0.1037, loss_bbox: 0.2511, loss_depth: 0.0189, loss_centerness: 0.5919, loss: 0.9657
2021-11-12 06:13:40,303 - mmdet - INFO - Epoch [6][850/2442]	lr: 1.000e-03, eta: 11 days, 15:23:34, time: 0.852, data_time: 0.014, memory: 3205, loss_cls: 0.0980, loss_bbox: 0.2464, loss_depth: 0.0189, loss_centerness: 0.5903, loss: 0.9536
2021-11-12 06:14:22,897 - mmdet - INFO - Epoch [6][900/2442]	lr: 1.000e-03, eta: 11 days, 15:24:19, time: 0.852, data_time: 0.013, memory: 3205, loss_cls: 0.1015, loss_bbox: 0.2532, loss_depth: 0.0189, loss_centerness: 0.5930, loss: 0.9666
2021-11-12 06:15:04,812 - mmdet - INFO - Epoch [6][950/2442]	lr: 1.000e-03, eta: 11 days, 15:24:03, time: 0.838, data_time: 0.013, memory: 3205, loss_cls: 0.1035, loss_bbox: 0.2519, loss_depth: 0.0189, loss_centerness: 0.5916, loss: 0.9659
2021-11-12 06:15:46,763 - mmdet - INFO - Epoch [6][1000/2442]	lr: 1.000e-03, eta: 11 days, 15:23:47, time: 0.838, data_time: 0.014, memory: 3205, loss_cls: 0.1021, loss_bbox: 0.2463, loss_depth: 0.0189, loss_centerness: 0.5894, loss: 0.9567
2021-11-12 06:16:28,785 - mmdet - INFO - Epoch [6][1050/2442]	lr: 1.000e-03, eta: 11 days, 15:23:45, time: 0.841, data_time: 0.012, memory: 3205, loss_cls: 0.1043, loss_bbox: 0.2469, loss_depth: 0.0189, loss_centerness: 0.5919, loss: 0.9619
2021-11-12 06:17:10,816 - mmdet - INFO - Epoch [6][1100/2442]	lr: 1.000e-03, eta: 11 days, 15:23:37, time: 0.840, data_time: 0.014, memory: 3205, loss_cls: 0.1045, loss_bbox: 0.2479, loss_depth: 0.0189, loss_centerness: 0.5902, loss: 0.9615
2021-11-12 06:17:52,539 - mmdet - INFO - Epoch [6][1150/2442]	lr: 1.000e-03, eta: 11 days, 15:23:00, time: 0.834, data_time: 0.014, memory: 3205, loss_cls: 0.1000, loss_bbox: 0.2478, loss_depth: 0.0189, loss_centerness: 0.5886, loss: 0.9553
2021-11-12 06:18:34,346 - mmdet - INFO - Epoch [6][1200/2442]	lr: 1.000e-03, eta: 11 days, 15:22:37, time: 0.837, data_time: 0.015, memory: 3205, loss_cls: 0.0994, loss_bbox: 0.2485, loss_depth: 0.0189, loss_centerness: 0.5912, loss: 0.9580
2021-11-12 06:19:16,621 - mmdet - INFO - Epoch [6][1250/2442]	lr: 1.000e-03, eta: 11 days, 15:22:52, time: 0.845, data_time: 0.015, memory: 3205, loss_cls: 0.1003, loss_bbox: 0.2475, loss_depth: 0.0189, loss_centerness: 0.5897, loss: 0.9564
2021-11-12 06:19:58,121 - mmdet - INFO - Epoch [6][1300/2442]	lr: 1.000e-03, eta: 11 days, 15:21:57, time: 0.830, data_time: 0.015, memory: 3205, loss_cls: 0.0988, loss_bbox: 0.2451, loss_depth: 0.0189, loss_centerness: 0.5909, loss: 0.9537
2021-11-12 06:20:39,505 - mmdet - INFO - Epoch [6][1350/2442]	lr: 1.000e-03, eta: 11 days, 15:20:51, time: 0.827, data_time: 0.014, memory: 3205, loss_cls: 0.1004, loss_bbox: 0.2494, loss_depth: 0.0189, loss_centerness: 0.5907, loss: 0.9595
2021-11-12 06:21:21,941 - mmdet - INFO - Epoch [6][1400/2442]	lr: 1.000e-03, eta: 11 days, 15:21:19, time: 0.848, data_time: 0.011, memory: 3205, loss_cls: 0.1077, loss_bbox: 0.2406, loss_depth: 0.0189, loss_centerness: 0.5918, loss: 0.9591
2021-11-12 06:22:03,909 - mmdet - INFO - Epoch [6][1450/2442]	lr: 1.000e-03, eta: 11 days, 15:21:05, time: 0.839, data_time: 0.014, memory: 3205, loss_cls: 0.1001, loss_bbox: 0.2496, loss_depth: 0.0189, loss_centerness: 0.5906, loss: 0.9592
2021-11-12 06:22:45,795 - mmdet - INFO - Epoch [6][1500/2442]	lr: 1.000e-03, eta: 11 days, 15:20:45, time: 0.838, data_time: 0.013, memory: 3205, loss_cls: 0.1000, loss_bbox: 0.2376, loss_depth: 0.0189, loss_centerness: 0.5905, loss: 0.9470
2021-11-12 06:23:27,205 - mmdet - INFO - Epoch [6][1550/2442]	lr: 1.000e-03, eta: 11 days, 15:19:44, time: 0.829, data_time: 0.011, memory: 3205, loss_cls: 0.0979, loss_bbox: 0.2432, loss_depth: 0.0189, loss_centerness: 0.5929, loss: 0.9529
2021-11-12 06:24:09,110 - mmdet - INFO - Epoch [6][1600/2442]	lr: 1.000e-03, eta: 11 days, 15:19:24, time: 0.838, data_time: 0.013, memory: 3205, loss_cls: 0.1012, loss_bbox: 0.2446, loss_depth: 0.0189, loss_centerness: 0.5908, loss: 0.9555
2021-11-12 06:24:51,625 - mmdet - INFO - Epoch [6][1650/2442]	lr: 1.000e-03, eta: 11 days, 15:19:59, time: 0.850, data_time: 0.012, memory: 3205, loss_cls: 0.1005, loss_bbox: 0.2450, loss_depth: 0.0189, loss_centerness: 0.5906, loss: 0.9550
2021-11-12 06:25:33,278 - mmdet - INFO - Epoch [6][1700/2442]	lr: 1.000e-03, eta: 11 days, 15:19:16, time: 0.833, data_time: 0.013, memory: 3205, loss_cls: 0.1063, loss_bbox: 0.2412, loss_depth: 0.0189, loss_centerness: 0.5900, loss: 0.9564
2021-11-12 06:26:14,771 - mmdet - INFO - Epoch [6][1750/2442]	lr: 1.000e-03, eta: 11 days, 15:18:20, time: 0.830, data_time: 0.074, memory: 3205, loss_cls: 0.1068, loss_bbox: 0.2473, loss_depth: 0.0189, loss_centerness: 0.5908, loss: 0.9637
2021-11-12 06:26:53,547 - mmdet - INFO - Epoch [6][1800/2442]	lr: 1.000e-03, eta: 11 days, 15:13:31, time: 0.776, data_time: 0.017, memory: 3205, loss_cls: 0.0990, loss_bbox: 0.2398, loss_depth: 0.0189, loss_centerness: 0.5890, loss: 0.9467
2021-11-12 06:27:32,159 - mmdet - INFO - Epoch [6][1850/2442]	lr: 1.000e-03, eta: 11 days, 15:08:30, time: 0.772, data_time: 0.017, memory: 3205, loss_cls: 0.0998, loss_bbox: 0.2481, loss_depth: 0.0189, loss_centerness: 0.5914, loss: 0.9583
2021-11-12 06:28:11,546 - mmdet - INFO - Epoch [6][1900/2442]	lr: 1.000e-03, eta: 11 days, 15:04:37, time: 0.788, data_time: 0.017, memory: 3205, loss_cls: 0.0992, loss_bbox: 0.2581, loss_depth: 0.0189, loss_centerness: 0.5915, loss: 0.9676
2021-11-12 06:28:51,595 - mmdet - INFO - Epoch [6][1950/2442]	lr: 1.000e-03, eta: 11 days, 15:01:41, time: 0.801, data_time: 0.014, memory: 3205, loss_cls: 0.1002, loss_bbox: 0.2494, loss_depth: 0.0189, loss_centerness: 0.5893, loss: 0.9578
2021-11-12 06:29:33,224 - mmdet - INFO - Epoch [6][2000/2442]	lr: 1.000e-03, eta: 11 days, 15:00:59, time: 0.832, data_time: 0.016, memory: 3205, loss_cls: 0.0977, loss_bbox: 0.2429, loss_depth: 0.0189, loss_centerness: 0.5895, loss: 0.9490
2021-11-12 06:30:14,921 - mmdet - INFO - Epoch [6][2050/2442]	lr: 1.000e-03, eta: 11 days, 15:00:26, time: 0.834, data_time: 0.019, memory: 3205, loss_cls: 0.1011, loss_bbox: 0.2403, loss_depth: 0.0189, loss_centerness: 0.5906, loss: 0.9510
2021-11-12 06:30:56,910 - mmdet - INFO - Epoch [6][2100/2442]	lr: 1.000e-03, eta: 11 days, 15:00:15, time: 0.840, data_time: 0.013, memory: 3205, loss_cls: 0.0973, loss_bbox: 0.2372, loss_depth: 0.0189, loss_centerness: 0.5900, loss: 0.9434
2021-11-12 06:31:39,234 - mmdet - INFO - Epoch [6][2150/2442]	lr: 1.000e-03, eta: 11 days, 15:00:32, time: 0.846, data_time: 0.012, memory: 3205, loss_cls: 0.1011, loss_bbox: 0.2477, loss_depth: 0.0189, loss_centerness: 0.5915, loss: 0.9592
2021-11-12 06:32:21,637 - mmdet - INFO - Epoch [6][2200/2442]	lr: 1.000e-03, eta: 11 days, 15:00:55, time: 0.848, data_time: 0.013, memory: 3205, loss_cls: 0.0983, loss_bbox: 0.2450, loss_depth: 0.0189, loss_centerness: 0.5901, loss: 0.9523
2021-11-12 06:33:03,729 - mmdet - INFO - Epoch [6][2250/2442]	lr: 1.000e-03, eta: 11 days, 15:00:51, time: 0.842, data_time: 0.013, memory: 3205, loss_cls: 0.0969, loss_bbox: 0.2438, loss_depth: 0.0189, loss_centerness: 0.5909, loss: 0.9505
2021-11-12 06:33:45,583 - mmdet - INFO - Epoch [6][2300/2442]	lr: 1.000e-03, eta: 11 days, 15:00:32, time: 0.838, data_time: 0.012, memory: 3205, loss_cls: 0.0980, loss_bbox: 0.2419, loss_depth: 0.0189, loss_centerness: 0.5894, loss: 0.9481
2021-11-12 06:34:27,962 - mmdet - INFO - Epoch [6][2350/2442]	lr: 1.000e-03, eta: 11 days, 15:00:52, time: 0.847, data_time: 0.011, memory: 3205, loss_cls: 0.1063, loss_bbox: 0.2428, loss_depth: 0.0189, loss_centerness: 0.5893, loss: 0.9574
2021-11-12 06:35:10,414 - mmdet - INFO - Epoch [6][2400/2442]	lr: 1.000e-03, eta: 11 days, 15:01:17, time: 0.849, data_time: 0.015, memory: 3205, loss_cls: 0.0996, loss_bbox: 0.2439, loss_depth: 0.0189, loss_centerness: 0.5918, loss: 0.9542
2021-11-12 06:35:47,331 - mmdet - INFO - Saving checkpoint at 6 epochs
2021-11-12 06:37:00,434 - mmdet - INFO - Epoch [7][50/2442]	lr: 1.000e-03, eta: 11 days, 14:54:00, time: 1.444, data_time: 0.624, memory: 3205, loss_cls: 0.0951, loss_bbox: 0.2363, loss_depth: 0.0189, loss_centerness: 0.5906, loss: 0.9409
2021-11-12 06:37:42,143 - mmdet - INFO - Epoch [7][100/2442]	lr: 1.000e-03, eta: 11 days, 14:53:25, time: 0.834, data_time: 0.014, memory: 3205, loss_cls: 0.0984, loss_bbox: 0.2472, loss_depth: 0.0189, loss_centerness: 0.5901, loss: 0.9545
2021-11-12 06:38:24,622 - mmdet - INFO - Epoch [7][150/2442]	lr: 1.000e-03, eta: 11 days, 14:53:52, time: 0.849, data_time: 0.015, memory: 3205, loss_cls: 0.0984, loss_bbox: 0.2445, loss_depth: 0.0189, loss_centerness: 0.5898, loss: 0.9515
2021-11-12 06:39:06,085 - mmdet - INFO - Epoch [7][200/2442]	lr: 1.000e-03, eta: 11 days, 14:52:59, time: 0.830, data_time: 0.016, memory: 3205, loss_cls: 0.0953, loss_bbox: 0.2394, loss_depth: 0.0189, loss_centerness: 0.5901, loss: 0.9436
2021-11-12 06:39:48,246 - mmdet - INFO - Epoch [7][250/2442]	lr: 1.000e-03, eta: 11 days, 14:53:01, time: 0.843, data_time: 0.016, memory: 3205, loss_cls: 0.1031, loss_bbox: 0.2404, loss_depth: 0.0189, loss_centerness: 0.5901, loss: 0.9525
2021-11-12 06:40:29,893 - mmdet - INFO - Epoch [7][300/2442]	lr: 1.000e-03, eta: 11 days, 14:52:22, time: 0.833, data_time: 0.016, memory: 3205, loss_cls: 0.0964, loss_bbox: 0.2456, loss_depth: 0.0189, loss_centerness: 0.5913, loss: 0.9521
2021-11-12 06:41:12,026 - mmdet - INFO - Epoch [7][350/2442]	lr: 1.000e-03, eta: 11 days, 14:52:22, time: 0.843, data_time: 0.015, memory: 3205, loss_cls: 0.0963, loss_bbox: 0.2502, loss_depth: 0.0189, loss_centerness: 0.5913, loss: 0.9567
2021-11-12 06:41:54,324 - mmdet - INFO - Epoch [7][400/2442]	lr: 1.000e-03, eta: 11 days, 14:52:35, time: 0.846, data_time: 0.018, memory: 3205, loss_cls: 0.1008, loss_bbox: 0.2431, loss_depth: 0.0189, loss_centerness: 0.5915, loss: 0.9543
2021-11-12 06:42:36,078 - mmdet - INFO - Epoch [7][450/2442]	lr: 1.000e-03, eta: 11 days, 14:52:03, time: 0.835, data_time: 0.015, memory: 3205, loss_cls: 0.0969, loss_bbox: 0.2391, loss_depth: 0.0189, loss_centerness: 0.5895, loss: 0.9444
2021-11-12 06:43:18,384 - mmdet - INFO - Epoch [7][500/2442]	lr: 1.000e-03, eta: 11 days, 14:52:15, time: 0.846, data_time: 0.018, memory: 3205, loss_cls: 0.0961, loss_bbox: 0.2390, loss_depth: 0.0189, loss_centerness: 0.5888, loss: 0.9428
2021-11-12 06:44:00,799 - mmdet - INFO - Epoch [7][550/2442]	lr: 1.000e-03, eta: 11 days, 14:52:33, time: 0.848, data_time: 0.013, memory: 3205, loss_cls: 0.0957, loss_bbox: 0.2427, loss_depth: 0.0189, loss_centerness: 0.5920, loss: 0.9493
2021-11-12 06:44:42,637 - mmdet - INFO - Epoch [7][600/2442]	lr: 1.000e-03, eta: 11 days, 14:52:10, time: 0.837, data_time: 0.015, memory: 3205, loss_cls: 0.0970, loss_bbox: 0.2446, loss_depth: 0.0189, loss_centerness: 0.5920, loss: 0.9525
2021-11-12 06:45:25,318 - mmdet - INFO - Epoch [7][650/2442]	lr: 1.000e-03, eta: 11 days, 14:52:52, time: 0.854, data_time: 0.014, memory: 3205, loss_cls: 0.0972, loss_bbox: 0.2424, loss_depth: 0.0189, loss_centerness: 0.5913, loss: 0.9498
2021-11-12 06:46:07,681 - mmdet - INFO - Epoch [7][700/2442]	lr: 1.000e-03, eta: 11 days, 14:53:08, time: 0.847, data_time: 0.012, memory: 3205, loss_cls: 0.1076, loss_bbox: 0.2358, loss_depth: 0.0189, loss_centerness: 0.5894, loss: 0.9516
2021-11-12 06:46:50,165 - mmdet - INFO - Epoch [7][750/2442]	lr: 1.000e-03, eta: 11 days, 14:53:32, time: 0.850, data_time: 0.014, memory: 3205, loss_cls: 0.0995, loss_bbox: 0.2358, loss_depth: 0.0189, loss_centerness: 0.5892, loss: 0.9433
2021-11-12 06:47:32,364 - mmdet - INFO - Epoch [7][800/2442]	lr: 1.000e-03, eta: 11 days, 14:53:35, time: 0.844, data_time: 0.013, memory: 3205, loss_cls: 0.0951, loss_bbox: 0.2407, loss_depth: 0.0189, loss_centerness: 0.5918, loss: 0.9465
2021-11-12 06:48:13,807 - mmdet - INFO - Epoch [7][850/2442]	lr: 1.000e-03, eta: 11 days, 14:52:36, time: 0.828, data_time: 0.014, memory: 3205, loss_cls: 0.1001, loss_bbox: 0.2439, loss_depth: 0.0189, loss_centerness: 0.5905, loss: 0.9533
2021-11-12 06:48:56,223 - mmdet - INFO - Epoch [7][900/2442]	lr: 1.000e-03, eta: 11 days, 14:52:55, time: 0.848, data_time: 0.015, memory: 3205, loss_cls: 0.0974, loss_bbox: 0.2401, loss_depth: 0.0189, loss_centerness: 0.5896, loss: 0.9459
2021-11-12 06:49:38,671 - mmdet - INFO - Epoch [7][950/2442]	lr: 1.000e-03, eta: 11 days, 14:53:16, time: 0.849, data_time: 0.016, memory: 3205, loss_cls: 0.1022, loss_bbox: 0.2423, loss_depth: 0.0188, loss_centerness: 0.5907, loss: 0.9540
2021-11-12 06:50:20,810 - mmdet - INFO - Epoch [7][1000/2442]	lr: 1.000e-03, eta: 11 days, 14:53:11, time: 0.842, data_time: 0.012, memory: 3205, loss_cls: 0.0961, loss_bbox: 0.2415, loss_depth: 0.0189, loss_centerness: 0.5884, loss: 0.9448
2021-11-12 06:51:03,054 - mmdet - INFO - Epoch [7][1050/2442]	lr: 1.000e-03, eta: 11 days, 14:53:16, time: 0.845, data_time: 0.014, memory: 3205, loss_cls: 0.0913, loss_bbox: 0.2386, loss_depth: 0.0188, loss_centerness: 0.5878, loss: 0.9366
2021-11-12 06:51:45,413 - mmdet - INFO - Epoch [7][1100/2442]	lr: 1.000e-03, eta: 11 days, 14:53:29, time: 0.847, data_time: 0.013, memory: 3205, loss_cls: 0.0962, loss_bbox: 0.2385, loss_depth: 0.0188, loss_centerness: 0.5897, loss: 0.9432
2021-11-12 06:52:27,079 - mmdet - INFO - Epoch [7][1150/2442]	lr: 1.000e-03, eta: 11 days, 14:52:49, time: 0.833, data_time: 0.011, memory: 3205, loss_cls: 0.0950, loss_bbox: 0.2376, loss_depth: 0.0188, loss_centerness: 0.5898, loss: 0.9413
2021-11-12 06:53:08,999 - mmdet - INFO - Epoch [7][1200/2442]	lr: 1.000e-03, eta: 11 days, 14:52:27, time: 0.838, data_time: 0.012, memory: 3205, loss_cls: 0.0965, loss_bbox: 0.2408, loss_depth: 0.0189, loss_centerness: 0.5900, loss: 0.9462
2021-11-12 06:53:51,069 - mmdet - INFO - Epoch [7][1250/2442]	lr: 1.000e-03, eta: 11 days, 14:52:17, time: 0.842, data_time: 0.012, memory: 3205, loss_cls: 0.1022, loss_bbox: 0.2490, loss_depth: 0.0189, loss_centerness: 0.5922, loss: 0.9622
2021-11-12 06:54:32,971 - mmdet - INFO - Epoch [7][1300/2442]	lr: 1.000e-03, eta: 11 days, 14:51:54, time: 0.838, data_time: 0.012, memory: 3205, loss_cls: 0.0975, loss_bbox: 0.2399, loss_depth: 0.0189, loss_centerness: 0.5898, loss: 0.9460
2021-11-12 06:55:14,865 - mmdet - INFO - Epoch [7][1350/2442]	lr: 1.000e-03, eta: 11 days, 14:51:31, time: 0.838, data_time: 0.014, memory: 3205, loss_cls: 0.0969, loss_bbox: 0.2443, loss_depth: 0.0188, loss_centerness: 0.5911, loss: 0.9511
2021-11-12 06:55:57,063 - mmdet - INFO - Epoch [7][1400/2442]	lr: 1.000e-03, eta: 11 days, 14:51:28, time: 0.844, data_time: 0.016, memory: 3205, loss_cls: 0.0946, loss_bbox: 0.2355, loss_depth: 0.0188, loss_centerness: 0.5893, loss: 0.9381
2021-11-12 06:56:39,017 - mmdet - INFO - Epoch [7][1450/2442]	lr: 1.000e-03, eta: 11 days, 14:51:10, time: 0.839, data_time: 0.014, memory: 3205, loss_cls: 0.0938, loss_bbox: 0.2373, loss_depth: 0.0188, loss_centerness: 0.5903, loss: 0.9402
2021-11-12 06:57:21,633 - mmdet - INFO - Epoch [7][1500/2442]	lr: 1.000e-03, eta: 11 days, 14:51:40, time: 0.852, data_time: 0.015, memory: 3205, loss_cls: 0.0953, loss_bbox: 0.2378, loss_depth: 0.0188, loss_centerness: 0.5929, loss: 0.9448
2021-11-12 06:58:04,098 - mmdet - INFO - Epoch [7][1550/2442]	lr: 1.000e-03, eta: 11 days, 14:51:55, time: 0.849, data_time: 0.017, memory: 3205, loss_cls: 0.0997, loss_bbox: 0.2425, loss_depth: 0.0188, loss_centerness: 0.5899, loss: 0.9510
