fatal: not a git repository (or any of the parent directories): .git
2021-09-25 18:57:45,602 - mmdet - INFO - Environment info:
------------------------------------------------------------
sys.platform: linux
Python: 3.7.11 (default, Jul 27 2021, 14:32:16) [GCC 7.5.0]
CUDA available: True
GPU 0,1,2,3,4,5: GeForce GTX 1080 Ti
GPU 6,7: GeForce GTX 1080
CUDA_HOME: /usr/local/cuda
NVCC: Cuda compilation tools, release 10.1, V10.1.243
GCC: gcc (Ubuntu 7.5.0-3ubuntu1~18.04) 7.5.0
PyTorch: 1.9.1
PyTorch compiling details: PyTorch built with:
  - GCC 7.3
  - C++ Version: 201402
  - Intel(R) oneAPI Math Kernel Library Version 2021.3-Product Build 20210617 for Intel(R) 64 architecture applications
  - Intel(R) MKL-DNN v2.1.2 (Git Hash 98be7e8afa711dc9b66c8ff3504129cb82013cdb)
  - OpenMP 201511 (a.k.a. OpenMP 4.5)
  - NNPACK is enabled
  - CPU capability usage: AVX2
  - CUDA Runtime 10.2
  - NVCC architecture flags: -gencode;arch=compute_37,code=sm_37;-gencode;arch=compute_50,code=sm_50;-gencode;arch=compute_60,code=sm_60;-gencode;arch=compute_61,code=sm_61;-gencode;arch=compute_70,code=sm_70;-gencode;arch=compute_75,code=sm_75;-gencode;arch=compute_37,code=compute_37
  - CuDNN 7.6.5
  - Magma 2.5.2
  - Build settings: BLAS_INFO=mkl, BUILD_TYPE=Release, CUDA_VERSION=10.2, CUDNN_VERSION=7.6.5, CXX_COMPILER=/opt/rh/devtoolset-7/root/usr/bin/c++, CXX_FLAGS= -Wno-deprecated -fvisibility-inlines-hidden -DUSE_PTHREADPOOL -fopenmp -DNDEBUG -DUSE_KINETO -DUSE_FBGEMM -DUSE_QNNPACK -DUSE_PYTORCH_QNNPACK -DUSE_XNNPACK -DSYMBOLICATE_MOBILE_DEBUG_HANDLE -O2 -fPIC -Wno-narrowing -Wall -Wextra -Werror=return-type -Wno-missing-field-initializers -Wno-type-limits -Wno-array-bounds -Wno-unknown-pragmas -Wno-sign-compare -Wno-unused-parameter -Wno-unused-variable -Wno-unused-function -Wno-unused-result -Wno-unused-local-typedefs -Wno-strict-overflow -Wno-strict-aliasing -Wno-error=deprecated-declarations -Wno-stringop-overflow -Wno-psabi -Wno-error=pedantic -Wno-error=redundant-decls -Wno-error=old-style-cast -fdiagnostics-color=always -faligned-new -Wno-unused-but-set-variable -Wno-maybe-uninitialized -fno-math-errno -fno-trapping-math -Werror=format -Wno-stringop-overflow, LAPACK_INFO=mkl, PERF_WITH_AVX=1, PERF_WITH_AVX2=1, PERF_WITH_AVX512=1, TORCH_VERSION=1.9.1, USE_CUDA=ON, USE_CUDNN=ON, USE_EXCEPTION_PTR=1, USE_GFLAGS=OFF, USE_GLOG=OFF, USE_MKL=ON, USE_MKLDNN=ON, USE_MPI=OFF, USE_NCCL=ON, USE_NNPACK=ON, USE_OPENMP=ON, 

TorchVision: 0.10.1
OpenCV: 4.5.3
MMCV: 1.3.8
MMCV Compiler: GCC 7.5
MMCV CUDA Compiler: 10.1
MMDetection: 2.16.0+
------------------------------------------------------------

2021-09-25 18:57:46,344 - mmdet - INFO - Distributed training: False
2021-09-25 18:57:47,006 - mmdet - INFO - Config:
optimizer = dict(
    type='SGD',
    lr=0.001,
    momentum=0.9,
    weight_decay=0.0005,
    nesterov=True,
    paramwise_cfg=dict(norm_decay_mult=0.0, bias_decay_mult=0.0))
optimizer_config = dict(grad_clip=None)
lr_config = dict(
    policy='YOLOX',
    warmup='exp',
    by_epoch=False,
    warmup_by_epoch=True,
    warmup_ratio=1,
    warmup_iters=5,
    num_last_epochs=15,
    min_lr_ratio=0.05)
runner = dict(type='EpochBasedRunner', max_epochs=300)
checkpoint_config = dict(interval=1)
log_config = dict(interval=50, hooks=[dict(type='TextLoggerHook')])
custom_hooks = [
    dict(type='YOLOXModeSwitchHook', num_last_epochs=15, priority=48),
    dict(
        type='SyncRandomSizeHook',
        ratio_range=(14, 26),
        img_scale=(640, 640),
        priority=48),
    dict(type='SyncNormHook', num_last_epochs=15, interval=10, priority=48),
    dict(type='ExpMomentumEMAHook', resume_from=None, priority=49)
]
dist_params = dict(backend='nccl')
log_level = 'INFO'
load_from = None
resume_from = '/root/mmdetection/work_dirs/yolox_s_8x8_300e_coco/epoch_4.pth'
workflow = [('train', 1)]
model = dict(
    type='YOLOX',
    backbone=dict(type='CSPDarknet', deepen_factor=0.33, widen_factor=0.5),
    neck=dict(
        type='YOLOXPAFPN',
        in_channels=[128, 256, 512],
        out_channels=128,
        num_csp_blocks=1),
    bbox_head=dict(
        type='YOLOXHead', num_classes=10, in_channels=128, feat_channels=128),
    train_cfg=dict(assigner=dict(type='SimOTAAssigner', center_radius=2.5)),
    test_cfg=dict(score_thr=0.01, nms=dict(type='nms', iou_threshold=0.65)))
data_root = '/ayb/UVM_Datasets/'
dataset_type = 'CocoDataset'
img_norm_cfg = dict(
    mean=[123.675, 116.28, 103.53], std=[58.395, 57.12, 57.375], to_rgb=True)
img_scale = (640, 640)
train_pipeline = [
    dict(type='Mosaic', img_scale=(640, 640), pad_val=114.0),
    dict(
        type='RandomAffine', scaling_ratio_range=(0.1, 2),
        border=(-320, -320)),
    dict(
        type='MixUp',
        img_scale=(640, 640),
        ratio_range=(0.8, 1.6),
        pad_val=114.0),
    dict(
        type='PhotoMetricDistortion',
        brightness_delta=32,
        contrast_range=(0.5, 1.5),
        saturation_range=(0.5, 1.5),
        hue_delta=18),
    dict(type='RandomFlip', flip_ratio=0.5),
    dict(type='Resize', keep_ratio=True),
    dict(type='Pad', pad_to_square=True, pad_val=114.0),
    dict(
        type='Normalize',
        mean=[123.675, 116.28, 103.53],
        std=[58.395, 57.12, 57.375],
        to_rgb=True),
    dict(type='DefaultFormatBundle'),
    dict(type='Collect', keys=['img', 'gt_bboxes', 'gt_labels'])
]
train_dataset = dict(
    type='MultiImageMixDataset',
    dataset=dict(
        type='CocoDataset',
        ann_file='/ayb/UVM_Datasets/voc_train3.json',
        img_prefix='/ayb/UVM_Datasets/voc8/VOCdevkit/VOC2007/JPEGImages',
        pipeline=[
            dict(type='LoadImageFromFile', to_float32=True),
            dict(type='LoadAnnotations', with_bbox=True)
        ],
        filter_empty_gt=False),
    pipeline=[
        dict(type='Mosaic', img_scale=(640, 640), pad_val=114.0),
        dict(
            type='RandomAffine',
            scaling_ratio_range=(0.1, 2),
            border=(-320, -320)),
        dict(
            type='MixUp',
            img_scale=(640, 640),
            ratio_range=(0.8, 1.6),
            pad_val=114.0),
        dict(
            type='PhotoMetricDistortion',
            brightness_delta=32,
            contrast_range=(0.5, 1.5),
            saturation_range=(0.5, 1.5),
            hue_delta=18),
        dict(type='RandomFlip', flip_ratio=0.5),
        dict(type='Resize', keep_ratio=True),
        dict(type='Pad', pad_to_square=True, pad_val=114.0),
        dict(
            type='Normalize',
            mean=[123.675, 116.28, 103.53],
            std=[58.395, 57.12, 57.375],
            to_rgb=True),
        dict(type='DefaultFormatBundle'),
        dict(type='Collect', keys=['img', 'gt_bboxes', 'gt_labels'])
    ],
    dynamic_scale=(640, 640))
test_pipeline = [
    dict(type='LoadImageFromFile'),
    dict(
        type='MultiScaleFlipAug',
        img_scale=(640, 640),
        flip=False,
        transforms=[
            dict(type='Resize', keep_ratio=True),
            dict(type='RandomFlip'),
            dict(type='Pad', size=(640, 640), pad_val=114.0),
            dict(
                type='Normalize',
                mean=[123.675, 116.28, 103.53],
                std=[58.395, 57.12, 57.375],
                to_rgb=True),
            dict(type='DefaultFormatBundle'),
            dict(type='Collect', keys=['img'])
        ])
]
data = dict(
    samples_per_gpu=6,
    workers_per_gpu=1,
    train=dict(
        type='MultiImageMixDataset',
        dataset=dict(
            type='CocoDataset',
            ann_file='/ayb/UVM_Datasets/voc_train3.json',
            img_prefix='/ayb/UVM_Datasets/voc8/VOCdevkit/VOC2007/JPEGImages',
            pipeline=[
                dict(type='LoadImageFromFile', to_float32=True),
                dict(type='LoadAnnotations', with_bbox=True)
            ],
            filter_empty_gt=False),
        pipeline=[
            dict(type='Mosaic', img_scale=(640, 640), pad_val=114.0),
            dict(
                type='RandomAffine',
                scaling_ratio_range=(0.1, 2),
                border=(-320, -320)),
            dict(
                type='MixUp',
                img_scale=(640, 640),
                ratio_range=(0.8, 1.6),
                pad_val=114.0),
            dict(
                type='PhotoMetricDistortion',
                brightness_delta=32,
                contrast_range=(0.5, 1.5),
                saturation_range=(0.5, 1.5),
                hue_delta=18),
            dict(type='RandomFlip', flip_ratio=0.5),
            dict(type='Resize', keep_ratio=True),
            dict(type='Pad', pad_to_square=True, pad_val=114.0),
            dict(
                type='Normalize',
                mean=[123.675, 116.28, 103.53],
                std=[58.395, 57.12, 57.375],
                to_rgb=True),
            dict(type='DefaultFormatBundle'),
            dict(type='Collect', keys=['img', 'gt_bboxes', 'gt_labels'])
        ],
        dynamic_scale=(640, 640)),
    val=dict(
        type='CocoDataset',
        ann_file='/ayb/UVM_Datasets/voc_valid3.json',
        img_prefix='/ayb/UVM_Datasets/voc8/VOCdevkit/VOC2007/JPEGImages',
        pipeline=[
            dict(type='LoadImageFromFile'),
            dict(
                type='MultiScaleFlipAug',
                img_scale=(640, 640),
                flip=False,
                transforms=[
                    dict(type='Resize', keep_ratio=True),
                    dict(type='RandomFlip'),
                    dict(type='Pad', size=(640, 640), pad_val=114.0),
                    dict(
                        type='Normalize',
                        mean=[123.675, 116.28, 103.53],
                        std=[58.395, 57.12, 57.375],
                        to_rgb=True),
                    dict(type='DefaultFormatBundle'),
                    dict(type='Collect', keys=['img'])
                ])
        ]),
    test=dict(
        type='CocoDataset',
        ann_file='/ayb/UVM_Datasets/voc_test3.json',
        img_prefix='/ayb/UVM_Datasets/voc8/VOCdevkit/VOC2007/JPEGImages',
        pipeline=[
            dict(type='LoadImageFromFile'),
            dict(
                type='MultiScaleFlipAug',
                img_scale=(640, 640),
                flip=False,
                transforms=[
                    dict(type='Resize', keep_ratio=True),
                    dict(type='RandomFlip'),
                    dict(type='Pad', size=(640, 640), pad_val=114.0),
                    dict(
                        type='Normalize',
                        mean=[123.675, 116.28, 103.53],
                        std=[58.395, 57.12, 57.375],
                        to_rgb=True),
                    dict(type='DefaultFormatBundle'),
                    dict(type='Collect', keys=['img'])
                ])
        ]))
interval = 10
evaluation = dict(interval=10, metric='bbox')
work_dir = './work_dirs/yolox_s_8x8_300e_coco'
gpu_ids = [5]

fatal: not a git repository (or any of the parent directories): .git
/root/mmdetection/mmdet/core/hook/sync_random_size_hook.py:38: UserWarning: DeprecationWarning: SyncRandomSizeHook is deprecated. Please use Resize pipeline to achieve similar functions. Due to the multi-process dataloader, its behavior is different from YOLOX's official implementation, the official is to change the size every fixed iteration interval and what we achieved is a fixed epoch interval.
  warnings.warn('DeprecationWarning: SyncRandomSizeHook is deprecated. '
2021-09-25 18:57:52,830 - mmdet - INFO - load checkpoint from /root/mmdetection/work_dirs/yolox_s_8x8_300e_coco/epoch_4.pth
2021-09-25 18:57:52,831 - mmdet - INFO - Use load_from_local loader
2021-09-25 18:57:58,620 - mmdet - WARNING - The model and loaded state dict do not match exactly

unexpected key in source state_dict: ema_backbone_stem_conv_conv_weight, ema_backbone_stem_conv_bn_weight, ema_backbone_stem_conv_bn_bias, ema_backbone_stem_conv_bn_running_mean, ema_backbone_stem_conv_bn_running_var, ema_backbone_stem_conv_bn_num_batches_tracked, ema_backbone_stage1_0_conv_weight, ema_backbone_stage1_0_bn_weight, ema_backbone_stage1_0_bn_bias, ema_backbone_stage1_0_bn_running_mean, ema_backbone_stage1_0_bn_running_var, ema_backbone_stage1_0_bn_num_batches_tracked, ema_backbone_stage1_1_main_conv_conv_weight, ema_backbone_stage1_1_main_conv_bn_weight, ema_backbone_stage1_1_main_conv_bn_bias, ema_backbone_stage1_1_main_conv_bn_running_mean, ema_backbone_stage1_1_main_conv_bn_running_var, ema_backbone_stage1_1_main_conv_bn_num_batches_tracked, ema_backbone_stage1_1_short_conv_conv_weight, ema_backbone_stage1_1_short_conv_bn_weight, ema_backbone_stage1_1_short_conv_bn_bias, ema_backbone_stage1_1_short_conv_bn_running_mean, ema_backbone_stage1_1_short_conv_bn_running_var, ema_backbone_stage1_1_short_conv_bn_num_batches_tracked, ema_backbone_stage1_1_final_conv_conv_weight, ema_backbone_stage1_1_final_conv_bn_weight, ema_backbone_stage1_1_final_conv_bn_bias, ema_backbone_stage1_1_final_conv_bn_running_mean, ema_backbone_stage1_1_final_conv_bn_running_var, ema_backbone_stage1_1_final_conv_bn_num_batches_tracked, ema_backbone_stage1_1_blocks_0_conv1_conv_weight, ema_backbone_stage1_1_blocks_0_conv1_bn_weight, ema_backbone_stage1_1_blocks_0_conv1_bn_bias, ema_backbone_stage1_1_blocks_0_conv1_bn_running_mean, ema_backbone_stage1_1_blocks_0_conv1_bn_running_var, ema_backbone_stage1_1_blocks_0_conv1_bn_num_batches_tracked, ema_backbone_stage1_1_blocks_0_conv2_conv_weight, ema_backbone_stage1_1_blocks_0_conv2_bn_weight, ema_backbone_stage1_1_blocks_0_conv2_bn_bias, ema_backbone_stage1_1_blocks_0_conv2_bn_running_mean, ema_backbone_stage1_1_blocks_0_conv2_bn_running_var, ema_backbone_stage1_1_blocks_0_conv2_bn_num_batches_tracked, ema_backbone_stage2_0_conv_weight, ema_backbone_stage2_0_bn_weight, ema_backbone_stage2_0_bn_bias, ema_backbone_stage2_0_bn_running_mean, ema_backbone_stage2_0_bn_running_var, ema_backbone_stage2_0_bn_num_batches_tracked, ema_backbone_stage2_1_main_conv_conv_weight, ema_backbone_stage2_1_main_conv_bn_weight, ema_backbone_stage2_1_main_conv_bn_bias, ema_backbone_stage2_1_main_conv_bn_running_mean, ema_backbone_stage2_1_main_conv_bn_running_var, ema_backbone_stage2_1_main_conv_bn_num_batches_tracked, ema_backbone_stage2_1_short_conv_conv_weight, ema_backbone_stage2_1_short_conv_bn_weight, ema_backbone_stage2_1_short_conv_bn_bias, ema_backbone_stage2_1_short_conv_bn_running_mean, ema_backbone_stage2_1_short_conv_bn_running_var, ema_backbone_stage2_1_short_conv_bn_num_batches_tracked, ema_backbone_stage2_1_final_conv_conv_weight, ema_backbone_stage2_1_final_conv_bn_weight, ema_backbone_stage2_1_final_conv_bn_bias, ema_backbone_stage2_1_final_conv_bn_running_mean, ema_backbone_stage2_1_final_conv_bn_running_var, ema_backbone_stage2_1_final_conv_bn_num_batches_tracked, ema_backbone_stage2_1_blocks_0_conv1_conv_weight, ema_backbone_stage2_1_blocks_0_conv1_bn_weight, ema_backbone_stage2_1_blocks_0_conv1_bn_bias, ema_backbone_stage2_1_blocks_0_conv1_bn_running_mean, ema_backbone_stage2_1_blocks_0_conv1_bn_running_var, ema_backbone_stage2_1_blocks_0_conv1_bn_num_batches_tracked, ema_backbone_stage2_1_blocks_0_conv2_conv_weight, ema_backbone_stage2_1_blocks_0_conv2_bn_weight, ema_backbone_stage2_1_blocks_0_conv2_bn_bias, ema_backbone_stage2_1_blocks_0_conv2_bn_running_mean, ema_backbone_stage2_1_blocks_0_conv2_bn_running_var, ema_backbone_stage2_1_blocks_0_conv2_bn_num_batches_tracked, ema_backbone_stage2_1_blocks_1_conv1_conv_weight, ema_backbone_stage2_1_blocks_1_conv1_bn_weight, ema_backbone_stage2_1_blocks_1_conv1_bn_bias, ema_backbone_stage2_1_blocks_1_conv1_bn_running_mean, ema_backbone_stage2_1_blocks_1_conv1_bn_running_var, ema_backbone_stage2_1_blocks_1_conv1_bn_num_batches_tracked, ema_backbone_stage2_1_blocks_1_conv2_conv_weight, ema_backbone_stage2_1_blocks_1_conv2_bn_weight, ema_backbone_stage2_1_blocks_1_conv2_bn_bias, ema_backbone_stage2_1_blocks_1_conv2_bn_running_mean, ema_backbone_stage2_1_blocks_1_conv2_bn_running_var, ema_backbone_stage2_1_blocks_1_conv2_bn_num_batches_tracked, ema_backbone_stage2_1_blocks_2_conv1_conv_weight, ema_backbone_stage2_1_blocks_2_conv1_bn_weight, ema_backbone_stage2_1_blocks_2_conv1_bn_bias, ema_backbone_stage2_1_blocks_2_conv1_bn_running_mean, ema_backbone_stage2_1_blocks_2_conv1_bn_running_var, ema_backbone_stage2_1_blocks_2_conv1_bn_num_batches_tracked, ema_backbone_stage2_1_blocks_2_conv2_conv_weight, ema_backbone_stage2_1_blocks_2_conv2_bn_weight, ema_backbone_stage2_1_blocks_2_conv2_bn_bias, ema_backbone_stage2_1_blocks_2_conv2_bn_running_mean, ema_backbone_stage2_1_blocks_2_conv2_bn_running_var, ema_backbone_stage2_1_blocks_2_conv2_bn_num_batches_tracked, ema_backbone_stage3_0_conv_weight, ema_backbone_stage3_0_bn_weight, ema_backbone_stage3_0_bn_bias, ema_backbone_stage3_0_bn_running_mean, ema_backbone_stage3_0_bn_running_var, ema_backbone_stage3_0_bn_num_batches_tracked, ema_backbone_stage3_1_main_conv_conv_weight, ema_backbone_stage3_1_main_conv_bn_weight, ema_backbone_stage3_1_main_conv_bn_bias, ema_backbone_stage3_1_main_conv_bn_running_mean, ema_backbone_stage3_1_main_conv_bn_running_var, ema_backbone_stage3_1_main_conv_bn_num_batches_tracked, ema_backbone_stage3_1_short_conv_conv_weight, ema_backbone_stage3_1_short_conv_bn_weight, ema_backbone_stage3_1_short_conv_bn_bias, ema_backbone_stage3_1_short_conv_bn_running_mean, ema_backbone_stage3_1_short_conv_bn_running_var, ema_backbone_stage3_1_short_conv_bn_num_batches_tracked, ema_backbone_stage3_1_final_conv_conv_weight, ema_backbone_stage3_1_final_conv_bn_weight, ema_backbone_stage3_1_final_conv_bn_bias, ema_backbone_stage3_1_final_conv_bn_running_mean, ema_backbone_stage3_1_final_conv_bn_running_var, ema_backbone_stage3_1_final_conv_bn_num_batches_tracked, ema_backbone_stage3_1_blocks_0_conv1_conv_weight, ema_backbone_stage3_1_blocks_0_conv1_bn_weight, ema_backbone_stage3_1_blocks_0_conv1_bn_bias, ema_backbone_stage3_1_blocks_0_conv1_bn_running_mean, ema_backbone_stage3_1_blocks_0_conv1_bn_running_var, ema_backbone_stage3_1_blocks_0_conv1_bn_num_batches_tracked, ema_backbone_stage3_1_blocks_0_conv2_conv_weight, ema_backbone_stage3_1_blocks_0_conv2_bn_weight, ema_backbone_stage3_1_blocks_0_conv2_bn_bias, ema_backbone_stage3_1_blocks_0_conv2_bn_running_mean, ema_backbone_stage3_1_blocks_0_conv2_bn_running_var, ema_backbone_stage3_1_blocks_0_conv2_bn_num_batches_tracked, ema_backbone_stage3_1_blocks_1_conv1_conv_weight, ema_backbone_stage3_1_blocks_1_conv1_bn_weight, ema_backbone_stage3_1_blocks_1_conv1_bn_bias, ema_backbone_stage3_1_blocks_1_conv1_bn_running_mean, ema_backbone_stage3_1_blocks_1_conv1_bn_running_var, ema_backbone_stage3_1_blocks_1_conv1_bn_num_batches_tracked, ema_backbone_stage3_1_blocks_1_conv2_conv_weight, ema_backbone_stage3_1_blocks_1_conv2_bn_weight, ema_backbone_stage3_1_blocks_1_conv2_bn_bias, ema_backbone_stage3_1_blocks_1_conv2_bn_running_mean, ema_backbone_stage3_1_blocks_1_conv2_bn_running_var, ema_backbone_stage3_1_blocks_1_conv2_bn_num_batches_tracked, ema_backbone_stage3_1_blocks_2_conv1_conv_weight, ema_backbone_stage3_1_blocks_2_conv1_bn_weight, ema_backbone_stage3_1_blocks_2_conv1_bn_bias, ema_backbone_stage3_1_blocks_2_conv1_bn_running_mean, ema_backbone_stage3_1_blocks_2_conv1_bn_running_var, ema_backbone_stage3_1_blocks_2_conv1_bn_num_batches_tracked, ema_backbone_stage3_1_blocks_2_conv2_conv_weight, ema_backbone_stage3_1_blocks_2_conv2_bn_weight, ema_backbone_stage3_1_blocks_2_conv2_bn_bias, ema_backbone_stage3_1_blocks_2_conv2_bn_running_mean, ema_backbone_stage3_1_blocks_2_conv2_bn_running_var, ema_backbone_stage3_1_blocks_2_conv2_bn_num_batches_tracked, ema_backbone_stage4_0_conv_weight, ema_backbone_stage4_0_bn_weight, ema_backbone_stage4_0_bn_bias, ema_backbone_stage4_0_bn_running_mean, ema_backbone_stage4_0_bn_running_var, ema_backbone_stage4_0_bn_num_batches_tracked, ema_backbone_stage4_1_conv1_conv_weight, ema_backbone_stage4_1_conv1_bn_weight, ema_backbone_stage4_1_conv1_bn_bias, ema_backbone_stage4_1_conv1_bn_running_mean, ema_backbone_stage4_1_conv1_bn_running_var, ema_backbone_stage4_1_conv1_bn_num_batches_tracked, ema_backbone_stage4_1_conv2_conv_weight, ema_backbone_stage4_1_conv2_bn_weight, ema_backbone_stage4_1_conv2_bn_bias, ema_backbone_stage4_1_conv2_bn_running_mean, ema_backbone_stage4_1_conv2_bn_running_var, ema_backbone_stage4_1_conv2_bn_num_batches_tracked, ema_backbone_stage4_2_main_conv_conv_weight, ema_backbone_stage4_2_main_conv_bn_weight, ema_backbone_stage4_2_main_conv_bn_bias, ema_backbone_stage4_2_main_conv_bn_running_mean, ema_backbone_stage4_2_main_conv_bn_running_var, ema_backbone_stage4_2_main_conv_bn_num_batches_tracked, ema_backbone_stage4_2_short_conv_conv_weight, ema_backbone_stage4_2_short_conv_bn_weight, ema_backbone_stage4_2_short_conv_bn_bias, ema_backbone_stage4_2_short_conv_bn_running_mean, ema_backbone_stage4_2_short_conv_bn_running_var, ema_backbone_stage4_2_short_conv_bn_num_batches_tracked, ema_backbone_stage4_2_final_conv_conv_weight, ema_backbone_stage4_2_final_conv_bn_weight, ema_backbone_stage4_2_final_conv_bn_bias, ema_backbone_stage4_2_final_conv_bn_running_mean, ema_backbone_stage4_2_final_conv_bn_running_var, ema_backbone_stage4_2_final_conv_bn_num_batches_tracked, ema_backbone_stage4_2_blocks_0_conv1_conv_weight, ema_backbone_stage4_2_blocks_0_conv1_bn_weight, ema_backbone_stage4_2_blocks_0_conv1_bn_bias, ema_backbone_stage4_2_blocks_0_conv1_bn_running_mean, ema_backbone_stage4_2_blocks_0_conv1_bn_running_var, ema_backbone_stage4_2_blocks_0_conv1_bn_num_batches_tracked, ema_backbone_stage4_2_blocks_0_conv2_conv_weight, ema_backbone_stage4_2_blocks_0_conv2_bn_weight, ema_backbone_stage4_2_blocks_0_conv2_bn_bias, ema_backbone_stage4_2_blocks_0_conv2_bn_running_mean, ema_backbone_stage4_2_blocks_0_conv2_bn_running_var, ema_backbone_stage4_2_blocks_0_conv2_bn_num_batches_tracked, ema_neck_reduce_layers_0_conv_weight, ema_neck_reduce_layers_0_bn_weight, ema_neck_reduce_layers_0_bn_bias, ema_neck_reduce_layers_0_bn_running_mean, ema_neck_reduce_layers_0_bn_running_var, ema_neck_reduce_layers_0_bn_num_batches_tracked, ema_neck_reduce_layers_1_conv_weight, ema_neck_reduce_layers_1_bn_weight, ema_neck_reduce_layers_1_bn_bias, ema_neck_reduce_layers_1_bn_running_mean, ema_neck_reduce_layers_1_bn_running_var, ema_neck_reduce_layers_1_bn_num_batches_tracked, ema_neck_top_down_blocks_0_main_conv_conv_weight, ema_neck_top_down_blocks_0_main_conv_bn_weight, ema_neck_top_down_blocks_0_main_conv_bn_bias, ema_neck_top_down_blocks_0_main_conv_bn_running_mean, ema_neck_top_down_blocks_0_main_conv_bn_running_var, ema_neck_top_down_blocks_0_main_conv_bn_num_batches_tracked, ema_neck_top_down_blocks_0_short_conv_conv_weight, ema_neck_top_down_blocks_0_short_conv_bn_weight, ema_neck_top_down_blocks_0_short_conv_bn_bias, ema_neck_top_down_blocks_0_short_conv_bn_running_mean, ema_neck_top_down_blocks_0_short_conv_bn_running_var, ema_neck_top_down_blocks_0_short_conv_bn_num_batches_tracked, ema_neck_top_down_blocks_0_final_conv_conv_weight, ema_neck_top_down_blocks_0_final_conv_bn_weight, ema_neck_top_down_blocks_0_final_conv_bn_bias, ema_neck_top_down_blocks_0_final_conv_bn_running_mean, ema_neck_top_down_blocks_0_final_conv_bn_running_var, ema_neck_top_down_blocks_0_final_conv_bn_num_batches_tracked, ema_neck_top_down_blocks_0_blocks_0_conv1_conv_weight, ema_neck_top_down_blocks_0_blocks_0_conv1_bn_weight, ema_neck_top_down_blocks_0_blocks_0_conv1_bn_bias, ema_neck_top_down_blocks_0_blocks_0_conv1_bn_running_mean, ema_neck_top_down_blocks_0_blocks_0_conv1_bn_running_var, ema_neck_top_down_blocks_0_blocks_0_conv1_bn_num_batches_tracked, ema_neck_top_down_blocks_0_blocks_0_conv2_conv_weight, ema_neck_top_down_blocks_0_blocks_0_conv2_bn_weight, ema_neck_top_down_blocks_0_blocks_0_conv2_bn_bias, ema_neck_top_down_blocks_0_blocks_0_conv2_bn_running_mean, ema_neck_top_down_blocks_0_blocks_0_conv2_bn_running_var, ema_neck_top_down_blocks_0_blocks_0_conv2_bn_num_batches_tracked, ema_neck_top_down_blocks_1_main_conv_conv_weight, ema_neck_top_down_blocks_1_main_conv_bn_weight, ema_neck_top_down_blocks_1_main_conv_bn_bias, ema_neck_top_down_blocks_1_main_conv_bn_running_mean, ema_neck_top_down_blocks_1_main_conv_bn_running_var, ema_neck_top_down_blocks_1_main_conv_bn_num_batches_tracked, ema_neck_top_down_blocks_1_short_conv_conv_weight, ema_neck_top_down_blocks_1_short_conv_bn_weight, ema_neck_top_down_blocks_1_short_conv_bn_bias, ema_neck_top_down_blocks_1_short_conv_bn_running_mean, ema_neck_top_down_blocks_1_short_conv_bn_running_var, ema_neck_top_down_blocks_1_short_conv_bn_num_batches_tracked, ema_neck_top_down_blocks_1_final_conv_conv_weight, ema_neck_top_down_blocks_1_final_conv_bn_weight, ema_neck_top_down_blocks_1_final_conv_bn_bias, ema_neck_top_down_blocks_1_final_conv_bn_running_mean, ema_neck_top_down_blocks_1_final_conv_bn_running_var, ema_neck_top_down_blocks_1_final_conv_bn_num_batches_tracked, ema_neck_top_down_blocks_1_blocks_0_conv1_conv_weight, ema_neck_top_down_blocks_1_blocks_0_conv1_bn_weight, ema_neck_top_down_blocks_1_blocks_0_conv1_bn_bias, ema_neck_top_down_blocks_1_blocks_0_conv1_bn_running_mean, ema_neck_top_down_blocks_1_blocks_0_conv1_bn_running_var, ema_neck_top_down_blocks_1_blocks_0_conv1_bn_num_batches_tracked, ema_neck_top_down_blocks_1_blocks_0_conv2_conv_weight, ema_neck_top_down_blocks_1_blocks_0_conv2_bn_weight, ema_neck_top_down_blocks_1_blocks_0_conv2_bn_bias, ema_neck_top_down_blocks_1_blocks_0_conv2_bn_running_mean, ema_neck_top_down_blocks_1_blocks_0_conv2_bn_running_var, ema_neck_top_down_blocks_1_blocks_0_conv2_bn_num_batches_tracked, ema_neck_downsamples_0_conv_weight, ema_neck_downsamples_0_bn_weight, ema_neck_downsamples_0_bn_bias, ema_neck_downsamples_0_bn_running_mean, ema_neck_downsamples_0_bn_running_var, ema_neck_downsamples_0_bn_num_batches_tracked, ema_neck_downsamples_1_conv_weight, ema_neck_downsamples_1_bn_weight, ema_neck_downsamples_1_bn_bias, ema_neck_downsamples_1_bn_running_mean, ema_neck_downsamples_1_bn_running_var, ema_neck_downsamples_1_bn_num_batches_tracked, ema_neck_bottom_up_blocks_0_main_conv_conv_weight, ema_neck_bottom_up_blocks_0_main_conv_bn_weight, ema_neck_bottom_up_blocks_0_main_conv_bn_bias, ema_neck_bottom_up_blocks_0_main_conv_bn_running_mean, ema_neck_bottom_up_blocks_0_main_conv_bn_running_var, ema_neck_bottom_up_blocks_0_main_conv_bn_num_batches_tracked, ema_neck_bottom_up_blocks_0_short_conv_conv_weight, ema_neck_bottom_up_blocks_0_short_conv_bn_weight, ema_neck_bottom_up_blocks_0_short_conv_bn_bias, ema_neck_bottom_up_blocks_0_short_conv_bn_running_mean, ema_neck_bottom_up_blocks_0_short_conv_bn_running_var, ema_neck_bottom_up_blocks_0_short_conv_bn_num_batches_tracked, ema_neck_bottom_up_blocks_0_final_conv_conv_weight, ema_neck_bottom_up_blocks_0_final_conv_bn_weight, ema_neck_bottom_up_blocks_0_final_conv_bn_bias, ema_neck_bottom_up_blocks_0_final_conv_bn_running_mean, ema_neck_bottom_up_blocks_0_final_conv_bn_running_var, ema_neck_bottom_up_blocks_0_final_conv_bn_num_batches_tracked, ema_neck_bottom_up_blocks_0_blocks_0_conv1_conv_weight, ema_neck_bottom_up_blocks_0_blocks_0_conv1_bn_weight, ema_neck_bottom_up_blocks_0_blocks_0_conv1_bn_bias, ema_neck_bottom_up_blocks_0_blocks_0_conv1_bn_running_mean, ema_neck_bottom_up_blocks_0_blocks_0_conv1_bn_running_var, ema_neck_bottom_up_blocks_0_blocks_0_conv1_bn_num_batches_tracked, ema_neck_bottom_up_blocks_0_blocks_0_conv2_conv_weight, ema_neck_bottom_up_blocks_0_blocks_0_conv2_bn_weight, ema_neck_bottom_up_blocks_0_blocks_0_conv2_bn_bias, ema_neck_bottom_up_blocks_0_blocks_0_conv2_bn_running_mean, ema_neck_bottom_up_blocks_0_blocks_0_conv2_bn_running_var, ema_neck_bottom_up_blocks_0_blocks_0_conv2_bn_num_batches_tracked, ema_neck_bottom_up_blocks_1_main_conv_conv_weight, ema_neck_bottom_up_blocks_1_main_conv_bn_weight, ema_neck_bottom_up_blocks_1_main_conv_bn_bias, ema_neck_bottom_up_blocks_1_main_conv_bn_running_mean, ema_neck_bottom_up_blocks_1_main_conv_bn_running_var, ema_neck_bottom_up_blocks_1_main_conv_bn_num_batches_tracked, ema_neck_bottom_up_blocks_1_short_conv_conv_weight, ema_neck_bottom_up_blocks_1_short_conv_bn_weight, ema_neck_bottom_up_blocks_1_short_conv_bn_bias, ema_neck_bottom_up_blocks_1_short_conv_bn_running_mean, ema_neck_bottom_up_blocks_1_short_conv_bn_running_var, ema_neck_bottom_up_blocks_1_short_conv_bn_num_batches_tracked, ema_neck_bottom_up_blocks_1_final_conv_conv_weight, ema_neck_bottom_up_blocks_1_final_conv_bn_weight, ema_neck_bottom_up_blocks_1_final_conv_bn_bias, ema_neck_bottom_up_blocks_1_final_conv_bn_running_mean, ema_neck_bottom_up_blocks_1_final_conv_bn_running_var, ema_neck_bottom_up_blocks_1_final_conv_bn_num_batches_tracked, ema_neck_bottom_up_blocks_1_blocks_0_conv1_conv_weight, ema_neck_bottom_up_blocks_1_blocks_0_conv1_bn_weight, ema_neck_bottom_up_blocks_1_blocks_0_conv1_bn_bias, ema_neck_bottom_up_blocks_1_blocks_0_conv1_bn_running_mean, ema_neck_bottom_up_blocks_1_blocks_0_conv1_bn_running_var, ema_neck_bottom_up_blocks_1_blocks_0_conv1_bn_num_batches_tracked, ema_neck_bottom_up_blocks_1_blocks_0_conv2_conv_weight, ema_neck_bottom_up_blocks_1_blocks_0_conv2_bn_weight, ema_neck_bottom_up_blocks_1_blocks_0_conv2_bn_bias, ema_neck_bottom_up_blocks_1_blocks_0_conv2_bn_running_mean, ema_neck_bottom_up_blocks_1_blocks_0_conv2_bn_running_var, ema_neck_bottom_up_blocks_1_blocks_0_conv2_bn_num_batches_tracked, ema_neck_out_convs_0_conv_weight, ema_neck_out_convs_0_bn_weight, ema_neck_out_convs_0_bn_bias, ema_neck_out_convs_0_bn_running_mean, ema_neck_out_convs_0_bn_running_var, ema_neck_out_convs_0_bn_num_batches_tracked, ema_neck_out_convs_1_conv_weight, ema_neck_out_convs_1_bn_weight, ema_neck_out_convs_1_bn_bias, ema_neck_out_convs_1_bn_running_mean, ema_neck_out_convs_1_bn_running_var, ema_neck_out_convs_1_bn_num_batches_tracked, ema_neck_out_convs_2_conv_weight, ema_neck_out_convs_2_bn_weight, ema_neck_out_convs_2_bn_bias, ema_neck_out_convs_2_bn_running_mean, ema_neck_out_convs_2_bn_running_var, ema_neck_out_convs_2_bn_num_batches_tracked, ema_bbox_head_multi_level_cls_convs_0_0_conv_weight, ema_bbox_head_multi_level_cls_convs_0_0_bn_weight, ema_bbox_head_multi_level_cls_convs_0_0_bn_bias, ema_bbox_head_multi_level_cls_convs_0_0_bn_running_mean, ema_bbox_head_multi_level_cls_convs_0_0_bn_running_var, ema_bbox_head_multi_level_cls_convs_0_0_bn_num_batches_tracked, ema_bbox_head_multi_level_cls_convs_0_1_conv_weight, ema_bbox_head_multi_level_cls_convs_0_1_bn_weight, ema_bbox_head_multi_level_cls_convs_0_1_bn_bias, ema_bbox_head_multi_level_cls_convs_0_1_bn_running_mean, ema_bbox_head_multi_level_cls_convs_0_1_bn_running_var, ema_bbox_head_multi_level_cls_convs_0_1_bn_num_batches_tracked, ema_bbox_head_multi_level_cls_convs_1_0_conv_weight, ema_bbox_head_multi_level_cls_convs_1_0_bn_weight, ema_bbox_head_multi_level_cls_convs_1_0_bn_bias, ema_bbox_head_multi_level_cls_convs_1_0_bn_running_mean, ema_bbox_head_multi_level_cls_convs_1_0_bn_running_var, ema_bbox_head_multi_level_cls_convs_1_0_bn_num_batches_tracked, ema_bbox_head_multi_level_cls_convs_1_1_conv_weight, ema_bbox_head_multi_level_cls_convs_1_1_bn_weight, ema_bbox_head_multi_level_cls_convs_1_1_bn_bias, ema_bbox_head_multi_level_cls_convs_1_1_bn_running_mean, ema_bbox_head_multi_level_cls_convs_1_1_bn_running_var, ema_bbox_head_multi_level_cls_convs_1_1_bn_num_batches_tracked, ema_bbox_head_multi_level_cls_convs_2_0_conv_weight, ema_bbox_head_multi_level_cls_convs_2_0_bn_weight, ema_bbox_head_multi_level_cls_convs_2_0_bn_bias, ema_bbox_head_multi_level_cls_convs_2_0_bn_running_mean, ema_bbox_head_multi_level_cls_convs_2_0_bn_running_var, ema_bbox_head_multi_level_cls_convs_2_0_bn_num_batches_tracked, ema_bbox_head_multi_level_cls_convs_2_1_conv_weight, ema_bbox_head_multi_level_cls_convs_2_1_bn_weight, ema_bbox_head_multi_level_cls_convs_2_1_bn_bias, ema_bbox_head_multi_level_cls_convs_2_1_bn_running_mean, ema_bbox_head_multi_level_cls_convs_2_1_bn_running_var, ema_bbox_head_multi_level_cls_convs_2_1_bn_num_batches_tracked, ema_bbox_head_multi_level_reg_convs_0_0_conv_weight, ema_bbox_head_multi_level_reg_convs_0_0_bn_weight, ema_bbox_head_multi_level_reg_convs_0_0_bn_bias, ema_bbox_head_multi_level_reg_convs_0_0_bn_running_mean, ema_bbox_head_multi_level_reg_convs_0_0_bn_running_var, ema_bbox_head_multi_level_reg_convs_0_0_bn_num_batches_tracked, ema_bbox_head_multi_level_reg_convs_0_1_conv_weight, ema_bbox_head_multi_level_reg_convs_0_1_bn_weight, ema_bbox_head_multi_level_reg_convs_0_1_bn_bias, ema_bbox_head_multi_level_reg_convs_0_1_bn_running_mean, ema_bbox_head_multi_level_reg_convs_0_1_bn_running_var, ema_bbox_head_multi_level_reg_convs_0_1_bn_num_batches_tracked, ema_bbox_head_multi_level_reg_convs_1_0_conv_weight, ema_bbox_head_multi_level_reg_convs_1_0_bn_weight, ema_bbox_head_multi_level_reg_convs_1_0_bn_bias, ema_bbox_head_multi_level_reg_convs_1_0_bn_running_mean, ema_bbox_head_multi_level_reg_convs_1_0_bn_running_var, ema_bbox_head_multi_level_reg_convs_1_0_bn_num_batches_tracked, ema_bbox_head_multi_level_reg_convs_1_1_conv_weight, ema_bbox_head_multi_level_reg_convs_1_1_bn_weight, ema_bbox_head_multi_level_reg_convs_1_1_bn_bias, ema_bbox_head_multi_level_reg_convs_1_1_bn_running_mean, ema_bbox_head_multi_level_reg_convs_1_1_bn_running_var, ema_bbox_head_multi_level_reg_convs_1_1_bn_num_batches_tracked, ema_bbox_head_multi_level_reg_convs_2_0_conv_weight, ema_bbox_head_multi_level_reg_convs_2_0_bn_weight, ema_bbox_head_multi_level_reg_convs_2_0_bn_bias, ema_bbox_head_multi_level_reg_convs_2_0_bn_running_mean, ema_bbox_head_multi_level_reg_convs_2_0_bn_running_var, ema_bbox_head_multi_level_reg_convs_2_0_bn_num_batches_tracked, ema_bbox_head_multi_level_reg_convs_2_1_conv_weight, ema_bbox_head_multi_level_reg_convs_2_1_bn_weight, ema_bbox_head_multi_level_reg_convs_2_1_bn_bias, ema_bbox_head_multi_level_reg_convs_2_1_bn_running_mean, ema_bbox_head_multi_level_reg_convs_2_1_bn_running_var, ema_bbox_head_multi_level_reg_convs_2_1_bn_num_batches_tracked, ema_bbox_head_multi_level_conv_cls_0_weight, ema_bbox_head_multi_level_conv_cls_0_bias, ema_bbox_head_multi_level_conv_cls_1_weight, ema_bbox_head_multi_level_conv_cls_1_bias, ema_bbox_head_multi_level_conv_cls_2_weight, ema_bbox_head_multi_level_conv_cls_2_bias, ema_bbox_head_multi_level_conv_reg_0_weight, ema_bbox_head_multi_level_conv_reg_0_bias, ema_bbox_head_multi_level_conv_reg_1_weight, ema_bbox_head_multi_level_conv_reg_1_bias, ema_bbox_head_multi_level_conv_reg_2_weight, ema_bbox_head_multi_level_conv_reg_2_bias, ema_bbox_head_multi_level_conv_obj_0_weight, ema_bbox_head_multi_level_conv_obj_0_bias, ema_bbox_head_multi_level_conv_obj_1_weight, ema_bbox_head_multi_level_conv_obj_1_bias, ema_bbox_head_multi_level_conv_obj_2_weight, ema_bbox_head_multi_level_conv_obj_2_bias

2021-09-25 18:57:58,756 - mmdet - INFO - resumed epoch 2, iter 4884
2021-09-25 18:57:58,759 - mmdet - INFO - Start running, host: root@46052755c54b, work_dir: /root/mmdetection/work_dirs/yolox_s_8x8_300e_coco
2021-09-25 18:57:58,760 - mmdet - INFO - Hooks will be executed in the following order:
before_run:
(VERY_HIGH   ) YOLOXLrUpdaterHook                 
(49          ) ExpMomentumEMAHook                 
(NORMAL      ) CheckpointHook                     
(LOW         ) EvalHook                           
(VERY_LOW    ) TextLoggerHook                     
 -------------------- 
before_train_epoch:
(VERY_HIGH   ) YOLOXLrUpdaterHook                 
(48          ) YOLOXModeSwitchHook                
(48          ) SyncNormHook                       
(49          ) ExpMomentumEMAHook                 
(LOW         ) IterTimerHook                      
(LOW         ) EvalHook                           
(VERY_LOW    ) TextLoggerHook                     
 -------------------- 
before_train_iter:
(VERY_HIGH   ) YOLOXLrUpdaterHook                 
(LOW         ) IterTimerHook                      
(LOW         ) EvalHook                           
 -------------------- 
after_train_iter:
(ABOVE_NORMAL) OptimizerHook                      
(49          ) ExpMomentumEMAHook                 
(NORMAL      ) CheckpointHook                     
(LOW         ) IterTimerHook                      
(LOW         ) EvalHook                           
(VERY_LOW    ) TextLoggerHook                     
 -------------------- 
after_train_epoch:
(48          ) SyncRandomSizeHook                 
(48          ) SyncNormHook                       
(49          ) ExpMomentumEMAHook                 
(NORMAL      ) CheckpointHook                     
(LOW         ) EvalHook                           
(VERY_LOW    ) TextLoggerHook                     
 -------------------- 
before_val_epoch:
(LOW         ) IterTimerHook                      
(VERY_LOW    ) TextLoggerHook                     
 -------------------- 
before_val_iter:
(LOW         ) IterTimerHook                      
 -------------------- 
after_val_iter:
(LOW         ) IterTimerHook                      
 -------------------- 
after_val_epoch:
(VERY_LOW    ) TextLoggerHook                     
 -------------------- 
2021-09-25 18:57:58,760 - mmdet - INFO - workflow: [('train', 1)], max: 300 epochs
loading annotations into memory...
Done (t=0.52s)
creating index...
index created!
loading annotations into memory...
Done (t=0.52s)
creating index...
index created!
2021-09-25 18:59:40,171 - mmdet - INFO - Epoch [3][50/2442]	lr: 1.633e-04, eta: 17 days, 1:36:43, time: 2.026, data_time: 1.797, memory: 3073, loss_cls: 0.8710, loss_bbox: 2.0916, loss_obj: 0.9512, loss: 3.9138
2021-09-25 19:01:16,078 - mmdet - INFO - Epoch [3][100/2442]	lr: 1.666e-04, eta: 16 days, 14:37:59, time: 1.918, data_time: 1.704, memory: 3073, loss_cls: 0.9010, loss_bbox: 2.1205, loss_obj: 0.9837, loss: 4.0053
2021-09-25 19:02:54,034 - mmdet - INFO - Epoch [3][150/2442]	lr: 1.700e-04, eta: 16 days, 13:42:58, time: 1.959, data_time: 1.745, memory: 3073, loss_cls: 0.8658, loss_bbox: 2.0798, loss_obj: 0.9488, loss: 3.8944
2021-09-25 19:04:32,405 - mmdet - INFO - Epoch [3][200/2442]	lr: 1.734e-04, eta: 16 days, 13:39:49, time: 1.967, data_time: 1.754, memory: 3073, loss_cls: 0.8987, loss_bbox: 2.1008, loss_obj: 0.9863, loss: 3.9858
2021-09-25 19:06:08,949 - mmdet - INFO - Epoch [3][250/2442]	lr: 1.768e-04, eta: 16 days, 12:08:37, time: 1.931, data_time: 1.720, memory: 3073, loss_cls: 0.8527, loss_bbox: 2.0790, loss_obj: 0.9570, loss: 3.8887
2021-09-25 19:07:45,677 - mmdet - INFO - Epoch [3][300/2442]	lr: 1.803e-04, eta: 16 days, 11:14:44, time: 1.935, data_time: 1.721, memory: 3073, loss_cls: 0.8614, loss_bbox: 2.1138, loss_obj: 0.9752, loss: 3.9505
2021-09-25 19:09:24,543 - mmdet - INFO - Epoch [3][350/2442]	lr: 1.838e-04, eta: 16 days, 11:49:52, time: 1.977, data_time: 1.763, memory: 3073, loss_cls: 0.8452, loss_bbox: 2.0630, loss_obj: 0.9537, loss: 3.8618
2021-09-25 19:11:04,393 - mmdet - INFO - Epoch [3][400/2442]	lr: 1.873e-04, eta: 16 days, 12:45:36, time: 1.997, data_time: 1.783, memory: 3073, loss_cls: 0.8544, loss_bbox: 2.1017, loss_obj: 0.9550, loss: 3.9111
2021-09-25 19:12:43,980 - mmdet - INFO - Epoch [3][450/2442]	lr: 1.908e-04, eta: 16 days, 13:21:30, time: 1.992, data_time: 1.775, memory: 3073, loss_cls: 0.8599, loss_bbox: 2.0854, loss_obj: 0.9254, loss: 3.8707
2021-09-25 19:14:23,452 - mmdet - INFO - Epoch [3][500/2442]	lr: 1.944e-04, eta: 16 days, 13:47:06, time: 1.989, data_time: 1.774, memory: 3073, loss_cls: 0.8717, loss_bbox: 2.0986, loss_obj: 0.9509, loss: 3.9212
2021-09-25 19:16:01,687 - mmdet - INFO - Epoch [3][550/2442]	lr: 1.981e-04, eta: 16 days, 13:40:30, time: 1.965, data_time: 1.751, memory: 3073, loss_cls: 0.8671, loss_bbox: 2.1075, loss_obj: 0.9527, loss: 3.9273
2021-09-25 19:17:43,643 - mmdet - INFO - Epoch [3][600/2442]	lr: 2.017e-04, eta: 16 days, 14:49:52, time: 2.039, data_time: 1.826, memory: 3073, loss_cls: 0.8402, loss_bbox: 2.0600, loss_obj: 0.8901, loss: 3.7903
2021-09-25 19:19:28,996 - mmdet - INFO - Epoch [3][650/2442]	lr: 2.054e-04, eta: 16 days, 16:51:38, time: 2.107, data_time: 1.895, memory: 3073, loss_cls: 0.8575, loss_bbox: 2.0416, loss_obj: 0.9563, loss: 3.8554
2021-09-25 19:21:13,037 - mmdet - INFO - Epoch [3][700/2442]	lr: 2.092e-04, eta: 16 days, 18:13:04, time: 2.081, data_time: 1.867, memory: 3073, loss_cls: 0.9035, loss_bbox: 2.1071, loss_obj: 1.0000, loss: 4.0106
2021-09-25 19:23:07,853 - mmdet - INFO - Epoch [3][750/2442]	lr: 2.129e-04, eta: 16 days, 22:17:27, time: 2.296, data_time: 2.085, memory: 3073, loss_cls: 0.8506, loss_bbox: 2.0751, loss_obj: 0.9306, loss: 3.8563
2021-09-25 19:25:03,376 - mmdet - INFO - Epoch [3][800/2442]	lr: 2.167e-04, eta: 17 days, 2:01:46, time: 2.310, data_time: 2.097, memory: 3073, loss_cls: 0.8929, loss_bbox: 2.1149, loss_obj: 0.9401, loss: 3.9479
2021-09-25 19:26:55,295 - mmdet - INFO - Epoch [3][850/2442]	lr: 2.205e-04, eta: 17 days, 4:28:06, time: 2.238, data_time: 2.026, memory: 3073, loss_cls: 0.8592, loss_bbox: 2.0789, loss_obj: 0.9068, loss: 3.8449
2021-09-25 19:28:44,540 - mmdet - INFO - Epoch [3][900/2442]	lr: 2.244e-04, eta: 17 days, 6:01:57, time: 2.185, data_time: 1.973, memory: 3073, loss_cls: 0.8605, loss_bbox: 2.0409, loss_obj: 0.9364, loss: 3.8377
2021-09-25 19:30:30,615 - mmdet - INFO - Epoch [3][950/2442]	lr: 2.283e-04, eta: 17 days, 6:45:20, time: 2.121, data_time: 1.909, memory: 3073, loss_cls: 0.8519, loss_bbox: 2.0603, loss_obj: 0.9116, loss: 3.8239
2021-09-25 19:32:19,775 - mmdet - INFO - Epoch [3][1000/2442]	lr: 2.322e-04, eta: 17 days, 8:01:35, time: 2.183, data_time: 1.972, memory: 3073, loss_cls: 0.8418, loss_bbox: 2.0288, loss_obj: 0.9324, loss: 3.8030
2021-09-25 19:34:05,206 - mmdet - INFO - Epoch [3][1050/2442]	lr: 2.362e-04, eta: 17 days, 8:27:22, time: 2.109, data_time: 1.896, memory: 3073, loss_cls: 0.8554, loss_bbox: 2.0331, loss_obj: 0.9230, loss: 3.8116
2021-09-25 19:35:51,228 - mmdet - INFO - Epoch [3][1100/2442]	lr: 2.402e-04, eta: 17 days, 8:57:10, time: 2.120, data_time: 1.908, memory: 3073, loss_cls: 0.8801, loss_bbox: 2.1191, loss_obj: 0.9759, loss: 3.9751
2021-09-25 19:37:35,660 - mmdet - INFO - Epoch [3][1150/2442]	lr: 2.442e-04, eta: 17 days, 9:07:28, time: 2.089, data_time: 1.875, memory: 3073, loss_cls: 0.8784, loss_bbox: 2.1283, loss_obj: 0.9351, loss: 3.9419
2021-09-25 19:39:24,385 - mmdet - INFO - Epoch [3][1200/2442]	lr: 2.483e-04, eta: 17 days, 10:00:05, time: 2.174, data_time: 1.963, memory: 3073, loss_cls: 0.8677, loss_bbox: 2.0565, loss_obj: 0.9478, loss: 3.8719
2021-09-25 19:41:10,928 - mmdet - INFO - Epoch [3][1250/2442]	lr: 2.524e-04, eta: 17 days, 10:27:13, time: 2.131, data_time: 1.917, memory: 3073, loss_cls: 0.8462, loss_bbox: 2.0637, loss_obj: 0.9245, loss: 3.8344
2021-09-25 19:42:57,080 - mmdet - INFO - Epoch [3][1300/2442]	lr: 2.565e-04, eta: 17 days, 10:48:29, time: 2.123, data_time: 1.909, memory: 3073, loss_cls: 0.8412, loss_bbox: 2.0600, loss_obj: 0.8860, loss: 3.7872
2021-09-25 19:44:43,640 - mmdet - INFO - Epoch [3][1350/2442]	lr: 2.607e-04, eta: 17 days, 11:11:42, time: 2.131, data_time: 1.916, memory: 3073, loss_cls: 0.8975, loss_bbox: 2.1143, loss_obj: 0.9933, loss: 4.0051
2021-09-25 19:46:28,977 - mmdet - INFO - Epoch [3][1400/2442]	lr: 2.649e-04, eta: 17 days, 11:22:33, time: 2.107, data_time: 1.890, memory: 3073, loss_cls: 0.8947, loss_bbox: 2.1190, loss_obj: 0.9200, loss: 3.9337
2021-09-25 19:48:11,530 - mmdet - INFO - Epoch [3][1450/2442]	lr: 2.691e-04, eta: 17 days, 11:09:15, time: 2.051, data_time: 1.836, memory: 3073, loss_cls: 0.9072, loss_bbox: 2.1081, loss_obj: 0.9515, loss: 3.9668
2021-09-25 19:49:54,598 - mmdet - INFO - Epoch [3][1500/2442]	lr: 2.734e-04, eta: 17 days, 11:00:58, time: 2.061, data_time: 1.849, memory: 3073, loss_cls: 0.8503, loss_bbox: 2.0603, loss_obj: 0.9074, loss: 3.8181
2021-09-25 19:51:38,792 - mmdet - INFO - Epoch [3][1550/2442]	lr: 2.777e-04, eta: 17 days, 11:01:52, time: 2.084, data_time: 1.871, memory: 3073, loss_cls: 0.8655, loss_bbox: 2.0674, loss_obj: 0.9375, loss: 3.8703
2021-09-25 19:53:21,912 - mmdet - INFO - Epoch [3][1600/2442]	lr: 2.820e-04, eta: 17 days, 10:54:28, time: 2.062, data_time: 1.851, memory: 3073, loss_cls: 0.8493, loss_bbox: 2.0815, loss_obj: 0.9281, loss: 3.8590
2021-09-25 19:55:05,062 - mmdet - INFO - Epoch [3][1650/2442]	lr: 2.864e-04, eta: 17 days, 10:47:38, time: 2.063, data_time: 1.852, memory: 3073, loss_cls: 0.8433, loss_bbox: 2.0678, loss_obj: 0.8841, loss: 3.7952
2021-09-25 19:56:45,308 - mmdet - INFO - Epoch [3][1700/2442]	lr: 2.908e-04, eta: 17 days, 10:20:26, time: 2.005, data_time: 1.795, memory: 3073, loss_cls: 0.8605, loss_bbox: 2.0741, loss_obj: 0.9359, loss: 3.8706
2021-09-25 19:58:25,992 - mmdet - INFO - Epoch [3][1750/2442]	lr: 2.952e-04, eta: 17 days, 9:57:42, time: 2.014, data_time: 1.798, memory: 3073, loss_cls: 0.8652, loss_bbox: 2.0795, loss_obj: 0.8838, loss: 3.8285
2021-09-25 20:00:06,392 - mmdet - INFO - Epoch [3][1800/2442]	lr: 2.997e-04, eta: 17 days, 9:34:16, time: 2.008, data_time: 1.794, memory: 3073, loss_cls: 0.8462, loss_bbox: 2.0671, loss_obj: 0.8966, loss: 3.8099
2021-09-25 20:01:59,696 - mmdet - INFO - Epoch [3][1850/2442]	lr: 3.042e-04, eta: 17 days, 10:36:22, time: 2.266, data_time: 2.052, memory: 3073, loss_cls: 0.8430, loss_bbox: 2.0494, loss_obj: 0.8612, loss: 3.7535
2021-09-25 20:03:55,860 - mmdet - INFO - Epoch [3][1900/2442]	lr: 3.087e-04, eta: 17 days, 11:53:19, time: 2.323, data_time: 2.111, memory: 3073, loss_cls: 0.8460, loss_bbox: 2.0512, loss_obj: 0.9192, loss: 3.8163
2021-09-25 20:05:52,286 - mmdet - INFO - Epoch [3][1950/2442]	lr: 3.133e-04, eta: 17 days, 13:07:49, time: 2.328, data_time: 2.114, memory: 3073, loss_cls: 0.8615, loss_bbox: 2.0850, loss_obj: 0.9294, loss: 3.8760
2021-09-25 20:07:45,997 - mmdet - INFO - Epoch [3][2000/2442]	lr: 3.179e-04, eta: 17 days, 14:02:06, time: 2.274, data_time: 2.059, memory: 3073, loss_cls: 0.8551, loss_bbox: 2.0467, loss_obj: 0.9250, loss: 3.8267
2021-09-25 20:09:40,190 - mmdet - INFO - Epoch [3][2050/2442]	lr: 3.225e-04, eta: 17 days, 14:56:29, time: 2.284, data_time: 2.071, memory: 3073, loss_cls: 0.8654, loss_bbox: 2.0800, loss_obj: 0.9481, loss: 3.8935
2021-09-25 20:11:32,431 - mmdet - INFO - Epoch [3][2100/2442]	lr: 3.272e-04, eta: 17 days, 15:36:57, time: 2.245, data_time: 2.025, memory: 3073, loss_cls: 0.8438, loss_bbox: 2.0743, loss_obj: 0.8670, loss: 3.7851
2021-09-25 20:13:37,335 - mmdet - INFO - Epoch [3][2150/2442]	lr: 3.319e-04, eta: 17 days, 17:26:40, time: 2.498, data_time: 2.282, memory: 3073, loss_cls: 0.8572, loss_bbox: 2.0461, loss_obj: 0.8901, loss: 3.7934
2021-09-25 20:15:41,035 - mmdet - INFO - Epoch [3][2200/2442]	lr: 3.366e-04, eta: 17 days, 19:04:42, time: 2.474, data_time: 2.260, memory: 3073, loss_cls: 0.8467, loss_bbox: 2.0907, loss_obj: 0.9214, loss: 3.8588
2021-09-25 20:17:46,255 - mmdet - INFO - Epoch [3][2250/2442]	lr: 3.414e-04, eta: 17 days, 20:46:26, time: 2.504, data_time: 2.284, memory: 3073, loss_cls: 0.8668, loss_bbox: 2.0888, loss_obj: 0.9019, loss: 3.8575
2021-09-25 20:19:41,706 - mmdet - INFO - Epoch [3][2300/2442]	lr: 3.462e-04, eta: 17 days, 21:32:19, time: 2.309, data_time: 2.093, memory: 3073, loss_cls: 0.8826, loss_bbox: 2.0739, loss_obj: 0.9014, loss: 3.8579
2021-09-25 20:21:34,399 - mmdet - INFO - Epoch [3][2350/2442]	lr: 3.510e-04, eta: 17 days, 22:01:58, time: 2.254, data_time: 2.040, memory: 3073, loss_cls: 0.8271, loss_bbox: 2.0572, loss_obj: 0.8568, loss: 3.7411
2021-09-25 20:23:26,009 - mmdet - INFO - Epoch [3][2400/2442]	lr: 3.559e-04, eta: 17 days, 22:24:51, time: 2.232, data_time: 2.020, memory: 3073, loss_cls: 0.8631, loss_bbox: 2.0698, loss_obj: 0.8840, loss: 3.8168
2021-09-25 20:24:57,230 - mmdet - INFO - Saving checkpoint at 3 epochs
2021-09-25 20:26:45,650 - mmdet - INFO - Epoch [4][50/2442]	lr: 3.649e-04, eta: 17 days, 15:10:23, time: 2.153, data_time: 1.972, memory: 3073, loss_cls: 0.8594, loss_bbox: 2.0893, loss_obj: 0.8125, loss: 3.7612
2021-09-25 20:28:34,213 - mmdet - INFO - Epoch [4][100/2442]	lr: 3.699e-04, eta: 17 days, 15:25:26, time: 2.171, data_time: 1.990, memory: 3073, loss_cls: 0.8692, loss_bbox: 2.0824, loss_obj: 0.8156, loss: 3.7673
2021-09-25 20:30:27,608 - mmdet - INFO - Epoch [4][150/2442]	lr: 3.749e-04, eta: 17 days, 16:02:20, time: 2.268, data_time: 2.081, memory: 3073, loss_cls: 0.9216, loss_bbox: 2.1755, loss_obj: 0.8876, loss: 3.9847
2021-09-25 20:32:19,104 - mmdet - INFO - Epoch [4][200/2442]	lr: 3.799e-04, eta: 17 days, 16:29:06, time: 2.230, data_time: 2.044, memory: 3073, loss_cls: 0.8401, loss_bbox: 2.0352, loss_obj: 0.8205, loss: 3.6959
2021-09-25 20:34:10,403 - mmdet - INFO - Epoch [4][250/2442]	lr: 3.850e-04, eta: 17 days, 16:53:55, time: 2.226, data_time: 2.037, memory: 3073, loss_cls: 0.8847, loss_bbox: 2.1111, loss_obj: 0.8434, loss: 3.8393
2021-09-25 20:35:54,128 - mmdet - INFO - Epoch [4][300/2442]	lr: 3.901e-04, eta: 17 days, 16:44:23, time: 2.074, data_time: 1.895, memory: 3073, loss_cls: 0.8491, loss_bbox: 2.1026, loss_obj: 0.8284, loss: 3.7801
2021-09-25 20:37:35,218 - mmdet - INFO - Epoch [4][350/2442]	lr: 3.952e-04, eta: 17 days, 16:23:43, time: 2.022, data_time: 1.841, memory: 3073, loss_cls: 0.8830, loss_bbox: 2.1017, loss_obj: 0.8813, loss: 3.8660
2021-09-25 20:39:37,810 - mmdet - INFO - Epoch [4][400/2442]	lr: 4.004e-04, eta: 17 days, 17:35:08, time: 2.452, data_time: 2.260, memory: 3073, loss_cls: 0.8722, loss_bbox: 2.0647, loss_obj: 0.8319, loss: 3.7689
2021-09-25 20:41:26,772 - mmdet - INFO - Epoch [4][450/2442]	lr: 4.056e-04, eta: 17 days, 17:47:05, time: 2.179, data_time: 1.998, memory: 3073, loss_cls: 0.8463, loss_bbox: 2.0184, loss_obj: 0.8185, loss: 3.6832
2021-09-25 20:43:12,994 - mmdet - INFO - Epoch [4][500/2442]	lr: 4.108e-04, eta: 17 days, 17:47:18, time: 2.124, data_time: 1.941, memory: 3073, loss_cls: 0.8933, loss_bbox: 2.1413, loss_obj: 0.8627, loss: 3.8973
2021-09-25 20:45:02,171 - mmdet - INFO - Epoch [4][550/2442]	lr: 4.161e-04, eta: 17 days, 17:59:23, time: 2.184, data_time: 2.000, memory: 3073, loss_cls: 0.8648, loss_bbox: 2.0715, loss_obj: 0.8326, loss: 3.7689
2021-09-25 20:46:46,661 - mmdet - INFO - Epoch [4][600/2442]	lr: 4.214e-04, eta: 17 days, 17:52:24, time: 2.090, data_time: 1.910, memory: 3073, loss_cls: 0.8727, loss_bbox: 2.0959, loss_obj: 0.8635, loss: 3.8321
2021-09-25 20:48:29,063 - mmdet - INFO - Epoch [4][650/2442]	lr: 4.267e-04, eta: 17 days, 17:37:26, time: 2.048, data_time: 1.865, memory: 3073, loss_cls: 0.8569, loss_bbox: 2.0737, loss_obj: 0.8300, loss: 3.7606
2021-09-25 20:50:12,878 - mmdet - INFO - Epoch [4][700/2442]	lr: 4.321e-04, eta: 17 days, 17:28:19, time: 2.076, data_time: 1.895, memory: 3073, loss_cls: 0.8879, loss_bbox: 2.1189, loss_obj: 0.8551, loss: 3.8618
2021-09-25 20:51:57,229 - mmdet - INFO - Epoch [4][750/2442]	lr: 4.375e-04, eta: 17 days, 17:21:28, time: 2.087, data_time: 1.904, memory: 3073, loss_cls: 0.8483, loss_bbox: 2.0704, loss_obj: 0.8190, loss: 3.7377
2021-09-25 20:53:39,364 - mmdet - INFO - Epoch [4][800/2442]	lr: 4.429e-04, eta: 17 days, 17:06:31, time: 2.043, data_time: 1.858, memory: 3073, loss_cls: 0.8693, loss_bbox: 2.1215, loss_obj: 0.8457, loss: 3.8366
2021-09-25 20:55:30,664 - mmdet - INFO - Epoch [4][850/2442]	lr: 4.484e-04, eta: 17 days, 17:25:35, time: 2.226, data_time: 2.025, memory: 3073, loss_cls: 0.8538, loss_bbox: 2.0640, loss_obj: 0.8397, loss: 3.7574
2021-09-25 20:57:30,576 - mmdet - INFO - Epoch [4][900/2442]	lr: 4.539e-04, eta: 17 days, 18:15:08, time: 2.398, data_time: 2.186, memory: 3073, loss_cls: 0.8835, loss_bbox: 2.1331, loss_obj: 0.8839, loss: 3.9005
2021-09-25 20:59:32,368 - mmdet - INFO - Epoch [4][950/2442]	lr: 4.594e-04, eta: 17 days, 19:09:51, time: 2.436, data_time: 2.231, memory: 3073, loss_cls: 0.8659, loss_bbox: 2.0640, loss_obj: 0.8076, loss: 3.7375
2021-09-25 21:01:35,035 - mmdet - INFO - Epoch [4][1000/2442]	lr: 4.650e-04, eta: 17 days, 20:05:59, time: 2.453, data_time: 2.251, memory: 3073, loss_cls: 0.8572, loss_bbox: 2.0674, loss_obj: 0.8285, loss: 3.7531
2021-09-25 21:03:38,382 - mmdet - INFO - Epoch [4][1050/2442]	lr: 4.706e-04, eta: 17 days, 21:02:49, time: 2.467, data_time: 2.265, memory: 3073, loss_cls: 0.8540, loss_bbox: 2.0864, loss_obj: 0.8464, loss: 3.7868
2021-09-25 21:05:20,850 - mmdet - INFO - Epoch [4][1100/2442]	lr: 4.762e-04, eta: 17 days, 20:46:50, time: 2.049, data_time: 1.864, memory: 3073, loss_cls: 0.8689, loss_bbox: 2.0909, loss_obj: 0.8458, loss: 3.8056
2021-09-25 21:07:02,106 - mmdet - INFO - Epoch [4][1150/2442]	lr: 4.819e-04, eta: 17 days, 20:27:10, time: 2.025, data_time: 1.843, memory: 3073, loss_cls: 0.8458, loss_bbox: 2.0727, loss_obj: 0.7856, loss: 3.7041
2021-09-25 21:08:46,694 - mmdet - INFO - Epoch [4][1200/2442]	lr: 4.876e-04, eta: 17 days, 20:19:03, time: 2.092, data_time: 1.911, memory: 3073, loss_cls: 0.8124, loss_bbox: 2.0467, loss_obj: 0.8048, loss: 3.6639
2021-09-25 21:10:29,008 - mmdet - INFO - Epoch [4][1250/2442]	lr: 4.933e-04, eta: 17 days, 20:03:40, time: 2.046, data_time: 1.863, memory: 3073, loss_cls: 0.8639, loss_bbox: 2.0963, loss_obj: 0.8247, loss: 3.7848
2021-09-25 21:12:11,718 - mmdet - INFO - Epoch [4][1300/2442]	lr: 4.991e-04, eta: 17 days, 19:49:55, time: 2.054, data_time: 1.869, memory: 3073, loss_cls: 0.8565, loss_bbox: 2.1335, loss_obj: 0.8456, loss: 3.8356
2021-09-25 21:13:52,996 - mmdet - INFO - Epoch [4][1350/2442]	lr: 5.049e-04, eta: 17 days, 19:31:57, time: 2.026, data_time: 1.844, memory: 3073, loss_cls: 0.8605, loss_bbox: 2.0900, loss_obj: 0.7993, loss: 3.7498
2021-09-25 21:15:34,865 - mmdet - INFO - Epoch [4][1400/2442]	lr: 5.107e-04, eta: 17 days, 19:16:14, time: 2.037, data_time: 1.854, memory: 3073, loss_cls: 0.8345, loss_bbox: 2.0423, loss_obj: 0.7616, loss: 3.6384
2021-09-25 21:17:16,219 - mmdet - INFO - Epoch [4][1450/2442]	lr: 5.166e-04, eta: 17 days, 18:59:18, time: 2.027, data_time: 1.846, memory: 3073, loss_cls: 0.8481, loss_bbox: 2.0746, loss_obj: 0.7965, loss: 3.7193
2021-09-25 21:19:17,999 - mmdet - INFO - Epoch [4][1500/2442]	lr: 5.225e-04, eta: 17 days, 19:45:15, time: 2.436, data_time: 2.240, memory: 3073, loss_cls: 0.8547, loss_bbox: 2.0389, loss_obj: 0.8184, loss: 3.7121
2021-09-25 21:21:24,750 - mmdet - INFO - Epoch [4][1550/2442]	lr: 5.284e-04, eta: 17 days, 20:45:02, time: 2.535, data_time: 2.329, memory: 3073, loss_cls: 0.8183, loss_bbox: 2.0339, loss_obj: 0.7684, loss: 3.6205
2021-09-25 21:23:37,359 - mmdet - INFO - Epoch [4][1600/2442]	lr: 5.344e-04, eta: 17 days, 22:00:45, time: 2.652, data_time: 2.429, memory: 3073, loss_cls: 0.8547, loss_bbox: 2.0694, loss_obj: 0.8057, loss: 3.7298
2021-09-25 21:25:51,704 - mmdet - INFO - Epoch [4][1650/2442]	lr: 5.404e-04, eta: 17 days, 23:19:41, time: 2.687, data_time: 2.471, memory: 3073, loss_cls: 0.8279, loss_bbox: 2.0515, loss_obj: 0.7775, loss: 3.6568
2021-09-25 21:27:50,597 - mmdet - INFO - Epoch [4][1700/2442]	lr: 5.465e-04, eta: 17 days, 23:51:40, time: 2.378, data_time: 2.176, memory: 3073, loss_cls: 0.8280, loss_bbox: 2.0361, loss_obj: 0.7799, loss: 3.6440
2021-09-25 21:29:38,735 - mmdet - INFO - Epoch [4][1750/2442]	lr: 5.525e-04, eta: 17 days, 23:51:55, time: 2.163, data_time: 1.970, memory: 3073, loss_cls: 0.8747, loss_bbox: 2.0657, loss_obj: 0.8160, loss: 3.7564
2021-09-25 21:31:20,279 - mmdet - INFO - Epoch [4][1800/2442]	lr: 5.586e-04, eta: 17 days, 23:33:21, time: 2.031, data_time: 1.849, memory: 3073, loss_cls: 0.8451, loss_bbox: 2.0701, loss_obj: 0.8004, loss: 3.7156
2021-09-25 21:32:57,797 - mmdet - INFO - Epoch [4][1850/2442]	lr: 5.648e-04, eta: 17 days, 23:03:53, time: 1.950, data_time: 1.768, memory: 3073, loss_cls: 0.8376, loss_bbox: 2.0458, loss_obj: 0.8176, loss: 3.7010
2021-09-25 21:34:34,913 - mmdet - INFO - Epoch [4][1900/2442]	lr: 5.709e-04, eta: 17 days, 22:33:56, time: 1.942, data_time: 1.757, memory: 3073, loss_cls: 0.8283, loss_bbox: 2.0410, loss_obj: 0.7889, loss: 3.6582
2021-09-25 21:36:15,481 - mmdet - INFO - Epoch [4][1950/2442]	lr: 5.772e-04, eta: 17 days, 22:14:07, time: 2.011, data_time: 1.832, memory: 3073, loss_cls: 0.8542, loss_bbox: 2.1000, loss_obj: 0.8266, loss: 3.7808
2021-09-25 21:37:54,277 - mmdet - INFO - Epoch [4][2000/2442]	lr: 5.834e-04, eta: 17 days, 21:49:53, time: 1.976, data_time: 1.792, memory: 3073, loss_cls: 0.8508, loss_bbox: 2.0842, loss_obj: 0.7804, loss: 3.7154
2021-09-25 21:39:33,378 - mmdet - INFO - Epoch [4][2050/2442]	lr: 5.897e-04, eta: 17 days, 21:26:59, time: 1.982, data_time: 1.800, memory: 3073, loss_cls: 0.8502, loss_bbox: 2.0718, loss_obj: 0.7845, loss: 3.7064
2021-09-25 21:41:19,497 - mmdet - INFO - Epoch [4][2100/2442]	lr: 5.960e-04, eta: 17 days, 21:23:10, time: 2.122, data_time: 1.940, memory: 3073, loss_cls: 0.8120, loss_bbox: 1.9842, loss_obj: 0.7794, loss: 3.5756
2021-09-25 21:43:22,415 - mmdet - INFO - Epoch [4][2150/2442]	lr: 6.023e-04, eta: 17 days, 22:03:29, time: 2.458, data_time: 2.250, memory: 3073, loss_cls: 0.8472, loss_bbox: 2.0719, loss_obj: 0.8444, loss: 3.7635
2021-09-25 21:45:27,818 - mmdet - INFO - Epoch [4][2200/2442]	lr: 6.087e-04, eta: 17 days, 22:49:21, time: 2.508, data_time: 2.308, memory: 3073, loss_cls: 0.8121, loss_bbox: 2.0237, loss_obj: 0.7864, loss: 3.6222
2021-09-25 21:47:32,271 - mmdet - INFO - Epoch [4][2250/2442]	lr: 6.151e-04, eta: 17 days, 23:31:45, time: 2.489, data_time: 2.297, memory: 3073, loss_cls: 0.8523, loss_bbox: 2.0851, loss_obj: 0.8208, loss: 3.7582
2021-09-25 21:49:33,850 - mmdet - INFO - Epoch [4][2300/2442]	lr: 6.215e-04, eta: 18 days, 0:05:55, time: 2.432, data_time: 2.242, memory: 3073, loss_cls: 0.8352, loss_bbox: 2.0629, loss_obj: 0.8125, loss: 3.7105
2021-09-25 21:51:24,670 - mmdet - INFO - Epoch [4][2350/2442]	lr: 6.280e-04, eta: 18 days, 0:12:16, time: 2.216, data_time: 2.031, memory: 3073, loss_cls: 0.8565, loss_bbox: 2.0419, loss_obj: 0.8541, loss: 3.7525
2021-09-25 21:53:10,697 - mmdet - INFO - Epoch [4][2400/2442]	lr: 6.345e-04, eta: 18 days, 0:06:31, time: 2.121, data_time: 1.937, memory: 3073, loss_cls: 0.8197, loss_bbox: 2.0435, loss_obj: 0.7789, loss: 3.6421
2021-09-25 21:54:38,178 - mmdet - INFO - Saving checkpoint at 4 epochs
2021-09-25 21:56:27,631 - mmdet - INFO - Epoch [5][50/2442]	lr: 6.466e-04, eta: 17 days, 20:25:35, time: 2.177, data_time: 1.962, memory: 3075, loss_cls: 0.7952, loss_bbox: 2.0505, loss_obj: 0.8207, loss: 3.6664
ERROR: Unexpected bus error encountered in worker. This might be caused by insufficient shared memory (shm).
 Traceback (most recent call last):
  File "/root/anaconda3/envs/openmmlab/lib/python3.7/site-packages/torch/utils/data/dataloader.py", line 990, in _try_get_data
    data = self._data_queue.get(timeout=timeout)
  File "/root/anaconda3/envs/openmmlab/lib/python3.7/multiprocessing/queues.py", line 104, in get
    if not self._poll(timeout):
  File "/root/anaconda3/envs/openmmlab/lib/python3.7/multiprocessing/connection.py", line 257, in poll
    return self._poll(timeout)
  File "/root/anaconda3/envs/openmmlab/lib/python3.7/multiprocessing/connection.py", line 414, in _poll
    r = wait([self], timeout)
  File "/root/anaconda3/envs/openmmlab/lib/python3.7/multiprocessing/connection.py", line 921, in wait
    ready = selector.select(timeout)
  File "/root/anaconda3/envs/openmmlab/lib/python3.7/selectors.py", line 415, in select
    fd_event_list = self._selector.poll(timeout)
  File "/root/anaconda3/envs/openmmlab/lib/python3.7/site-packages/torch/utils/data/_utils/signal_handling.py", line 66, in handler
    _error_if_any_worker_fails()
RuntimeError: DataLoader worker (pid 25929) is killed by signal: Bus error. It is possible that dataloader's workers are out of shared memory. Please try to raise your shared memory limit.

The above exception was the direct cause of the following exception:

Traceback (most recent call last):
  File "tools/train.py", line 189, in <module>
    main()
  File "tools/train.py", line 185, in main
    meta=meta)
  File "/root/mmdetection/mmdet/apis/train.py", line 174, in train_detector
    runner.run(data_loaders, cfg.workflow)
  File "/root/anaconda3/envs/openmmlab/lib/python3.7/site-packages/mmcv/runner/epoch_based_runner.py", line 127, in run
    epoch_runner(data_loaders[i], **kwargs)
  File "/root/anaconda3/envs/openmmlab/lib/python3.7/site-packages/mmcv/runner/epoch_based_runner.py", line 47, in train
    for i, data_batch in enumerate(self.data_loader):
  File "/root/anaconda3/envs/openmmlab/lib/python3.7/site-packages/torch/utils/data/dataloader.py", line 521, in __next__
    data = self._next_data()
  File "/root/anaconda3/envs/openmmlab/lib/python3.7/site-packages/torch/utils/data/dataloader.py", line 1186, in _next_data
    idx, data = self._get_data()
  File "/root/anaconda3/envs/openmmlab/lib/python3.7/site-packages/torch/utils/data/dataloader.py", line 1152, in _get_data
    success, data = self._try_get_data()
  File "/root/anaconda3/envs/openmmlab/lib/python3.7/site-packages/torch/utils/data/dataloader.py", line 1003, in _try_get_data
    raise RuntimeError('DataLoader worker (pid(s) {}) exited unexpectedly'.format(pids_str)) from e
RuntimeError: DataLoader worker (pid(s) 25929) exited unexpectedly
