fatal: not a git repository (or any of the parent directories): .git
2021-09-25 15:14:37,277 - mmdet - INFO - Environment info:
------------------------------------------------------------
sys.platform: linux
Python: 3.7.11 (default, Jul 27 2021, 14:32:16) [GCC 7.5.0]
CUDA available: True
GPU 0,1,2,3,4,5: GeForce GTX 1080 Ti
GPU 6,7: GeForce GTX 1080
CUDA_HOME: /usr/local/cuda
NVCC: Cuda compilation tools, release 10.1, V10.1.243
GCC: gcc (Ubuntu 7.5.0-3ubuntu1~18.04) 7.5.0
PyTorch: 1.9.1
PyTorch compiling details: PyTorch built with:
  - GCC 7.3
  - C++ Version: 201402
  - Intel(R) oneAPI Math Kernel Library Version 2021.3-Product Build 20210617 for Intel(R) 64 architecture applications
  - Intel(R) MKL-DNN v2.1.2 (Git Hash 98be7e8afa711dc9b66c8ff3504129cb82013cdb)
  - OpenMP 201511 (a.k.a. OpenMP 4.5)
  - NNPACK is enabled
  - CPU capability usage: AVX2
  - CUDA Runtime 10.2
  - NVCC architecture flags: -gencode;arch=compute_37,code=sm_37;-gencode;arch=compute_50,code=sm_50;-gencode;arch=compute_60,code=sm_60;-gencode;arch=compute_61,code=sm_61;-gencode;arch=compute_70,code=sm_70;-gencode;arch=compute_75,code=sm_75;-gencode;arch=compute_37,code=compute_37
  - CuDNN 7.6.5
  - Magma 2.5.2
  - Build settings: BLAS_INFO=mkl, BUILD_TYPE=Release, CUDA_VERSION=10.2, CUDNN_VERSION=7.6.5, CXX_COMPILER=/opt/rh/devtoolset-7/root/usr/bin/c++, CXX_FLAGS= -Wno-deprecated -fvisibility-inlines-hidden -DUSE_PTHREADPOOL -fopenmp -DNDEBUG -DUSE_KINETO -DUSE_FBGEMM -DUSE_QNNPACK -DUSE_PYTORCH_QNNPACK -DUSE_XNNPACK -DSYMBOLICATE_MOBILE_DEBUG_HANDLE -O2 -fPIC -Wno-narrowing -Wall -Wextra -Werror=return-type -Wno-missing-field-initializers -Wno-type-limits -Wno-array-bounds -Wno-unknown-pragmas -Wno-sign-compare -Wno-unused-parameter -Wno-unused-variable -Wno-unused-function -Wno-unused-result -Wno-unused-local-typedefs -Wno-strict-overflow -Wno-strict-aliasing -Wno-error=deprecated-declarations -Wno-stringop-overflow -Wno-psabi -Wno-error=pedantic -Wno-error=redundant-decls -Wno-error=old-style-cast -fdiagnostics-color=always -faligned-new -Wno-unused-but-set-variable -Wno-maybe-uninitialized -fno-math-errno -fno-trapping-math -Werror=format -Wno-stringop-overflow, LAPACK_INFO=mkl, PERF_WITH_AVX=1, PERF_WITH_AVX2=1, PERF_WITH_AVX512=1, TORCH_VERSION=1.9.1, USE_CUDA=ON, USE_CUDNN=ON, USE_EXCEPTION_PTR=1, USE_GFLAGS=OFF, USE_GLOG=OFF, USE_MKL=ON, USE_MKLDNN=ON, USE_MPI=OFF, USE_NCCL=ON, USE_NNPACK=ON, USE_OPENMP=ON, 

TorchVision: 0.10.1
OpenCV: 4.5.3
MMCV: 1.3.8
MMCV Compiler: GCC 7.5
MMCV CUDA Compiler: 10.1
MMDetection: 2.16.0+
------------------------------------------------------------

2021-09-25 15:14:38,080 - mmdet - INFO - Distributed training: False
2021-09-25 15:14:38,835 - mmdet - INFO - Config:
optimizer = dict(
    type='SGD',
    lr=0.001,
    momentum=0.9,
    weight_decay=0.0005,
    nesterov=True,
    paramwise_cfg=dict(norm_decay_mult=0.0, bias_decay_mult=0.0))
optimizer_config = dict(grad_clip=None)
lr_config = dict(
    policy='YOLOX',
    warmup='exp',
    by_epoch=False,
    warmup_by_epoch=True,
    warmup_ratio=1,
    warmup_iters=5,
    num_last_epochs=15,
    min_lr_ratio=0.05)
runner = dict(type='EpochBasedRunner', max_epochs=300)
checkpoint_config = dict(interval=1)
log_config = dict(interval=50, hooks=[dict(type='TextLoggerHook')])
custom_hooks = [
    dict(type='YOLOXModeSwitchHook', num_last_epochs=15, priority=48),
    dict(
        type='SyncRandomSizeHook',
        ratio_range=(14, 26),
        img_scale=(640, 640),
        priority=48),
    dict(type='SyncNormHook', num_last_epochs=15, interval=10, priority=48),
    dict(type='ExpMomentumEMAHook', resume_from=None, priority=49)
]
dist_params = dict(backend='nccl')
log_level = 'INFO'
load_from = None
resume_from = '/root/mmdetection/epoch_2.pth'
workflow = [('train', 1)]
model = dict(
    type='YOLOX',
    backbone=dict(type='CSPDarknet', deepen_factor=0.33, widen_factor=0.5),
    neck=dict(
        type='YOLOXPAFPN',
        in_channels=[128, 256, 512],
        out_channels=128,
        num_csp_blocks=1),
    bbox_head=dict(
        type='YOLOXHead', num_classes=10, in_channels=128, feat_channels=128),
    train_cfg=dict(assigner=dict(type='SimOTAAssigner', center_radius=2.5)),
    test_cfg=dict(score_thr=0.01, nms=dict(type='nms', iou_threshold=0.65)))
data_root = '/ayb/UVM_Datasets/'
dataset_type = 'CocoDataset'
img_norm_cfg = dict(
    mean=[123.675, 116.28, 103.53], std=[58.395, 57.12, 57.375], to_rgb=True)
img_scale = (640, 640)
train_pipeline = [
    dict(type='Mosaic', img_scale=(640, 640), pad_val=114.0),
    dict(
        type='RandomAffine', scaling_ratio_range=(0.1, 2),
        border=(-320, -320)),
    dict(
        type='MixUp',
        img_scale=(640, 640),
        ratio_range=(0.8, 1.6),
        pad_val=114.0),
    dict(
        type='PhotoMetricDistortion',
        brightness_delta=32,
        contrast_range=(0.5, 1.5),
        saturation_range=(0.5, 1.5),
        hue_delta=18),
    dict(type='RandomFlip', flip_ratio=0.5),
    dict(type='Resize', keep_ratio=True),
    dict(type='Pad', pad_to_square=True, pad_val=114.0),
    dict(
        type='Normalize',
        mean=[123.675, 116.28, 103.53],
        std=[58.395, 57.12, 57.375],
        to_rgb=True),
    dict(type='DefaultFormatBundle'),
    dict(type='Collect', keys=['img', 'gt_bboxes', 'gt_labels'])
]
train_dataset = dict(
    type='MultiImageMixDataset',
    dataset=dict(
        type='CocoDataset',
        ann_file='/ayb/UVM_Datasets/voc_train3.json',
        img_prefix='/ayb/UVM_Datasets/voc8/VOCdevkit/VOC2007/JPEGImages',
        pipeline=[
            dict(type='LoadImageFromFile', to_float32=True),
            dict(type='LoadAnnotations', with_bbox=True)
        ],
        filter_empty_gt=False),
    pipeline=[
        dict(type='Mosaic', img_scale=(640, 640), pad_val=114.0),
        dict(
            type='RandomAffine',
            scaling_ratio_range=(0.1, 2),
            border=(-320, -320)),
        dict(
            type='MixUp',
            img_scale=(640, 640),
            ratio_range=(0.8, 1.6),
            pad_val=114.0),
        dict(
            type='PhotoMetricDistortion',
            brightness_delta=32,
            contrast_range=(0.5, 1.5),
            saturation_range=(0.5, 1.5),
            hue_delta=18),
        dict(type='RandomFlip', flip_ratio=0.5),
        dict(type='Resize', keep_ratio=True),
        dict(type='Pad', pad_to_square=True, pad_val=114.0),
        dict(
            type='Normalize',
            mean=[123.675, 116.28, 103.53],
            std=[58.395, 57.12, 57.375],
            to_rgb=True),
        dict(type='DefaultFormatBundle'),
        dict(type='Collect', keys=['img', 'gt_bboxes', 'gt_labels'])
    ],
    dynamic_scale=(640, 640))
test_pipeline = [
    dict(type='LoadImageFromFile'),
    dict(
        type='MultiScaleFlipAug',
        img_scale=(640, 640),
        flip=False,
        transforms=[
            dict(type='Resize', keep_ratio=True),
            dict(type='RandomFlip'),
            dict(type='Pad', size=(640, 640), pad_val=114.0),
            dict(
                type='Normalize',
                mean=[123.675, 116.28, 103.53],
                std=[58.395, 57.12, 57.375],
                to_rgb=True),
            dict(type='DefaultFormatBundle'),
            dict(type='Collect', keys=['img'])
        ])
]
data = dict(
    samples_per_gpu=6,
    workers_per_gpu=1,
    train=dict(
        type='MultiImageMixDataset',
        dataset=dict(
            type='CocoDataset',
            ann_file='/ayb/UVM_Datasets/voc_train3.json',
            img_prefix='/ayb/UVM_Datasets/voc8/VOCdevkit/VOC2007/JPEGImages',
            pipeline=[
                dict(type='LoadImageFromFile', to_float32=True),
                dict(type='LoadAnnotations', with_bbox=True)
            ],
            filter_empty_gt=False),
        pipeline=[
            dict(type='Mosaic', img_scale=(640, 640), pad_val=114.0),
            dict(
                type='RandomAffine',
                scaling_ratio_range=(0.1, 2),
                border=(-320, -320)),
            dict(
                type='MixUp',
                img_scale=(640, 640),
                ratio_range=(0.8, 1.6),
                pad_val=114.0),
            dict(
                type='PhotoMetricDistortion',
                brightness_delta=32,
                contrast_range=(0.5, 1.5),
                saturation_range=(0.5, 1.5),
                hue_delta=18),
            dict(type='RandomFlip', flip_ratio=0.5),
            dict(type='Resize', keep_ratio=True),
            dict(type='Pad', pad_to_square=True, pad_val=114.0),
            dict(
                type='Normalize',
                mean=[123.675, 116.28, 103.53],
                std=[58.395, 57.12, 57.375],
                to_rgb=True),
            dict(type='DefaultFormatBundle'),
            dict(type='Collect', keys=['img', 'gt_bboxes', 'gt_labels'])
        ],
        dynamic_scale=(640, 640)),
    val=dict(
        type='CocoDataset',
        ann_file='/ayb/UVM_Datasets/voc_valid3.json',
        img_prefix='/ayb/UVM_Datasets/voc8/VOCdevkit/VOC2007/JPEGImages',
        pipeline=[
            dict(type='LoadImageFromFile'),
            dict(
                type='MultiScaleFlipAug',
                img_scale=(640, 640),
                flip=False,
                transforms=[
                    dict(type='Resize', keep_ratio=True),
                    dict(type='RandomFlip'),
                    dict(type='Pad', size=(640, 640), pad_val=114.0),
                    dict(
                        type='Normalize',
                        mean=[123.675, 116.28, 103.53],
                        std=[58.395, 57.12, 57.375],
                        to_rgb=True),
                    dict(type='DefaultFormatBundle'),
                    dict(type='Collect', keys=['img'])
                ])
        ]),
    test=dict(
        type='CocoDataset',
        ann_file='/ayb/UVM_Datasets/voc_test3.json',
        img_prefix='/ayb/UVM_Datasets/voc8/VOCdevkit/VOC2007/JPEGImages',
        pipeline=[
            dict(type='LoadImageFromFile'),
            dict(
                type='MultiScaleFlipAug',
                img_scale=(640, 640),
                flip=False,
                transforms=[
                    dict(type='Resize', keep_ratio=True),
                    dict(type='RandomFlip'),
                    dict(type='Pad', size=(640, 640), pad_val=114.0),
                    dict(
                        type='Normalize',
                        mean=[123.675, 116.28, 103.53],
                        std=[58.395, 57.12, 57.375],
                        to_rgb=True),
                    dict(type='DefaultFormatBundle'),
                    dict(type='Collect', keys=['img'])
                ])
        ]))
interval = 10
evaluation = dict(interval=10, metric='bbox')
work_dir = './work_dirs/yolox_s_8x8_300e_coco'
gpu_ids = [5]

fatal: not a git repository (or any of the parent directories): .git
/root/mmdetection/mmdet/core/hook/sync_random_size_hook.py:38: UserWarning: DeprecationWarning: SyncRandomSizeHook is deprecated. Please use Resize pipeline to achieve similar functions. Due to the multi-process dataloader, its behavior is different from YOLOX's official implementation, the official is to change the size every fixed iteration interval and what we achieved is a fixed epoch interval.
  warnings.warn('DeprecationWarning: SyncRandomSizeHook is deprecated. '
2021-09-25 15:14:45,499 - mmdet - INFO - load checkpoint from /root/mmdetection/epoch_2.pth
2021-09-25 15:14:45,499 - mmdet - INFO - Use load_from_local loader
2021-09-25 15:14:52,338 - mmdet - WARNING - The model and loaded state dict do not match exactly

unexpected key in source state_dict: ema_backbone_stem_conv_conv_weight, ema_backbone_stem_conv_bn_weight, ema_backbone_stem_conv_bn_bias, ema_backbone_stem_conv_bn_running_mean, ema_backbone_stem_conv_bn_running_var, ema_backbone_stem_conv_bn_num_batches_tracked, ema_backbone_stage1_0_conv_weight, ema_backbone_stage1_0_bn_weight, ema_backbone_stage1_0_bn_bias, ema_backbone_stage1_0_bn_running_mean, ema_backbone_stage1_0_bn_running_var, ema_backbone_stage1_0_bn_num_batches_tracked, ema_backbone_stage1_1_main_conv_conv_weight, ema_backbone_stage1_1_main_conv_bn_weight, ema_backbone_stage1_1_main_conv_bn_bias, ema_backbone_stage1_1_main_conv_bn_running_mean, ema_backbone_stage1_1_main_conv_bn_running_var, ema_backbone_stage1_1_main_conv_bn_num_batches_tracked, ema_backbone_stage1_1_short_conv_conv_weight, ema_backbone_stage1_1_short_conv_bn_weight, ema_backbone_stage1_1_short_conv_bn_bias, ema_backbone_stage1_1_short_conv_bn_running_mean, ema_backbone_stage1_1_short_conv_bn_running_var, ema_backbone_stage1_1_short_conv_bn_num_batches_tracked, ema_backbone_stage1_1_final_conv_conv_weight, ema_backbone_stage1_1_final_conv_bn_weight, ema_backbone_stage1_1_final_conv_bn_bias, ema_backbone_stage1_1_final_conv_bn_running_mean, ema_backbone_stage1_1_final_conv_bn_running_var, ema_backbone_stage1_1_final_conv_bn_num_batches_tracked, ema_backbone_stage1_1_blocks_0_conv1_conv_weight, ema_backbone_stage1_1_blocks_0_conv1_bn_weight, ema_backbone_stage1_1_blocks_0_conv1_bn_bias, ema_backbone_stage1_1_blocks_0_conv1_bn_running_mean, ema_backbone_stage1_1_blocks_0_conv1_bn_running_var, ema_backbone_stage1_1_blocks_0_conv1_bn_num_batches_tracked, ema_backbone_stage1_1_blocks_0_conv2_conv_weight, ema_backbone_stage1_1_blocks_0_conv2_bn_weight, ema_backbone_stage1_1_blocks_0_conv2_bn_bias, ema_backbone_stage1_1_blocks_0_conv2_bn_running_mean, ema_backbone_stage1_1_blocks_0_conv2_bn_running_var, ema_backbone_stage1_1_blocks_0_conv2_bn_num_batches_tracked, ema_backbone_stage2_0_conv_weight, ema_backbone_stage2_0_bn_weight, ema_backbone_stage2_0_bn_bias, ema_backbone_stage2_0_bn_running_mean, ema_backbone_stage2_0_bn_running_var, ema_backbone_stage2_0_bn_num_batches_tracked, ema_backbone_stage2_1_main_conv_conv_weight, ema_backbone_stage2_1_main_conv_bn_weight, ema_backbone_stage2_1_main_conv_bn_bias, ema_backbone_stage2_1_main_conv_bn_running_mean, ema_backbone_stage2_1_main_conv_bn_running_var, ema_backbone_stage2_1_main_conv_bn_num_batches_tracked, ema_backbone_stage2_1_short_conv_conv_weight, ema_backbone_stage2_1_short_conv_bn_weight, ema_backbone_stage2_1_short_conv_bn_bias, ema_backbone_stage2_1_short_conv_bn_running_mean, ema_backbone_stage2_1_short_conv_bn_running_var, ema_backbone_stage2_1_short_conv_bn_num_batches_tracked, ema_backbone_stage2_1_final_conv_conv_weight, ema_backbone_stage2_1_final_conv_bn_weight, ema_backbone_stage2_1_final_conv_bn_bias, ema_backbone_stage2_1_final_conv_bn_running_mean, ema_backbone_stage2_1_final_conv_bn_running_var, ema_backbone_stage2_1_final_conv_bn_num_batches_tracked, ema_backbone_stage2_1_blocks_0_conv1_conv_weight, ema_backbone_stage2_1_blocks_0_conv1_bn_weight, ema_backbone_stage2_1_blocks_0_conv1_bn_bias, ema_backbone_stage2_1_blocks_0_conv1_bn_running_mean, ema_backbone_stage2_1_blocks_0_conv1_bn_running_var, ema_backbone_stage2_1_blocks_0_conv1_bn_num_batches_tracked, ema_backbone_stage2_1_blocks_0_conv2_conv_weight, ema_backbone_stage2_1_blocks_0_conv2_bn_weight, ema_backbone_stage2_1_blocks_0_conv2_bn_bias, ema_backbone_stage2_1_blocks_0_conv2_bn_running_mean, ema_backbone_stage2_1_blocks_0_conv2_bn_running_var, ema_backbone_stage2_1_blocks_0_conv2_bn_num_batches_tracked, ema_backbone_stage2_1_blocks_1_conv1_conv_weight, ema_backbone_stage2_1_blocks_1_conv1_bn_weight, ema_backbone_stage2_1_blocks_1_conv1_bn_bias, ema_backbone_stage2_1_blocks_1_conv1_bn_running_mean, ema_backbone_stage2_1_blocks_1_conv1_bn_running_var, ema_backbone_stage2_1_blocks_1_conv1_bn_num_batches_tracked, ema_backbone_stage2_1_blocks_1_conv2_conv_weight, ema_backbone_stage2_1_blocks_1_conv2_bn_weight, ema_backbone_stage2_1_blocks_1_conv2_bn_bias, ema_backbone_stage2_1_blocks_1_conv2_bn_running_mean, ema_backbone_stage2_1_blocks_1_conv2_bn_running_var, ema_backbone_stage2_1_blocks_1_conv2_bn_num_batches_tracked, ema_backbone_stage2_1_blocks_2_conv1_conv_weight, ema_backbone_stage2_1_blocks_2_conv1_bn_weight, ema_backbone_stage2_1_blocks_2_conv1_bn_bias, ema_backbone_stage2_1_blocks_2_conv1_bn_running_mean, ema_backbone_stage2_1_blocks_2_conv1_bn_running_var, ema_backbone_stage2_1_blocks_2_conv1_bn_num_batches_tracked, ema_backbone_stage2_1_blocks_2_conv2_conv_weight, ema_backbone_stage2_1_blocks_2_conv2_bn_weight, ema_backbone_stage2_1_blocks_2_conv2_bn_bias, ema_backbone_stage2_1_blocks_2_conv2_bn_running_mean, ema_backbone_stage2_1_blocks_2_conv2_bn_running_var, ema_backbone_stage2_1_blocks_2_conv2_bn_num_batches_tracked, ema_backbone_stage3_0_conv_weight, ema_backbone_stage3_0_bn_weight, ema_backbone_stage3_0_bn_bias, ema_backbone_stage3_0_bn_running_mean, ema_backbone_stage3_0_bn_running_var, ema_backbone_stage3_0_bn_num_batches_tracked, ema_backbone_stage3_1_main_conv_conv_weight, ema_backbone_stage3_1_main_conv_bn_weight, ema_backbone_stage3_1_main_conv_bn_bias, ema_backbone_stage3_1_main_conv_bn_running_mean, ema_backbone_stage3_1_main_conv_bn_running_var, ema_backbone_stage3_1_main_conv_bn_num_batches_tracked, ema_backbone_stage3_1_short_conv_conv_weight, ema_backbone_stage3_1_short_conv_bn_weight, ema_backbone_stage3_1_short_conv_bn_bias, ema_backbone_stage3_1_short_conv_bn_running_mean, ema_backbone_stage3_1_short_conv_bn_running_var, ema_backbone_stage3_1_short_conv_bn_num_batches_tracked, ema_backbone_stage3_1_final_conv_conv_weight, ema_backbone_stage3_1_final_conv_bn_weight, ema_backbone_stage3_1_final_conv_bn_bias, ema_backbone_stage3_1_final_conv_bn_running_mean, ema_backbone_stage3_1_final_conv_bn_running_var, ema_backbone_stage3_1_final_conv_bn_num_batches_tracked, ema_backbone_stage3_1_blocks_0_conv1_conv_weight, ema_backbone_stage3_1_blocks_0_conv1_bn_weight, ema_backbone_stage3_1_blocks_0_conv1_bn_bias, ema_backbone_stage3_1_blocks_0_conv1_bn_running_mean, ema_backbone_stage3_1_blocks_0_conv1_bn_running_var, ema_backbone_stage3_1_blocks_0_conv1_bn_num_batches_tracked, ema_backbone_stage3_1_blocks_0_conv2_conv_weight, ema_backbone_stage3_1_blocks_0_conv2_bn_weight, ema_backbone_stage3_1_blocks_0_conv2_bn_bias, ema_backbone_stage3_1_blocks_0_conv2_bn_running_mean, ema_backbone_stage3_1_blocks_0_conv2_bn_running_var, ema_backbone_stage3_1_blocks_0_conv2_bn_num_batches_tracked, ema_backbone_stage3_1_blocks_1_conv1_conv_weight, ema_backbone_stage3_1_blocks_1_conv1_bn_weight, ema_backbone_stage3_1_blocks_1_conv1_bn_bias, ema_backbone_stage3_1_blocks_1_conv1_bn_running_mean, ema_backbone_stage3_1_blocks_1_conv1_bn_running_var, ema_backbone_stage3_1_blocks_1_conv1_bn_num_batches_tracked, ema_backbone_stage3_1_blocks_1_conv2_conv_weight, ema_backbone_stage3_1_blocks_1_conv2_bn_weight, ema_backbone_stage3_1_blocks_1_conv2_bn_bias, ema_backbone_stage3_1_blocks_1_conv2_bn_running_mean, ema_backbone_stage3_1_blocks_1_conv2_bn_running_var, ema_backbone_stage3_1_blocks_1_conv2_bn_num_batches_tracked, ema_backbone_stage3_1_blocks_2_conv1_conv_weight, ema_backbone_stage3_1_blocks_2_conv1_bn_weight, ema_backbone_stage3_1_blocks_2_conv1_bn_bias, ema_backbone_stage3_1_blocks_2_conv1_bn_running_mean, ema_backbone_stage3_1_blocks_2_conv1_bn_running_var, ema_backbone_stage3_1_blocks_2_conv1_bn_num_batches_tracked, ema_backbone_stage3_1_blocks_2_conv2_conv_weight, ema_backbone_stage3_1_blocks_2_conv2_bn_weight, ema_backbone_stage3_1_blocks_2_conv2_bn_bias, ema_backbone_stage3_1_blocks_2_conv2_bn_running_mean, ema_backbone_stage3_1_blocks_2_conv2_bn_running_var, ema_backbone_stage3_1_blocks_2_conv2_bn_num_batches_tracked, ema_backbone_stage4_0_conv_weight, ema_backbone_stage4_0_bn_weight, ema_backbone_stage4_0_bn_bias, ema_backbone_stage4_0_bn_running_mean, ema_backbone_stage4_0_bn_running_var, ema_backbone_stage4_0_bn_num_batches_tracked, ema_backbone_stage4_1_conv1_conv_weight, ema_backbone_stage4_1_conv1_bn_weight, ema_backbone_stage4_1_conv1_bn_bias, ema_backbone_stage4_1_conv1_bn_running_mean, ema_backbone_stage4_1_conv1_bn_running_var, ema_backbone_stage4_1_conv1_bn_num_batches_tracked, ema_backbone_stage4_1_conv2_conv_weight, ema_backbone_stage4_1_conv2_bn_weight, ema_backbone_stage4_1_conv2_bn_bias, ema_backbone_stage4_1_conv2_bn_running_mean, ema_backbone_stage4_1_conv2_bn_running_var, ema_backbone_stage4_1_conv2_bn_num_batches_tracked, ema_backbone_stage4_2_main_conv_conv_weight, ema_backbone_stage4_2_main_conv_bn_weight, ema_backbone_stage4_2_main_conv_bn_bias, ema_backbone_stage4_2_main_conv_bn_running_mean, ema_backbone_stage4_2_main_conv_bn_running_var, ema_backbone_stage4_2_main_conv_bn_num_batches_tracked, ema_backbone_stage4_2_short_conv_conv_weight, ema_backbone_stage4_2_short_conv_bn_weight, ema_backbone_stage4_2_short_conv_bn_bias, ema_backbone_stage4_2_short_conv_bn_running_mean, ema_backbone_stage4_2_short_conv_bn_running_var, ema_backbone_stage4_2_short_conv_bn_num_batches_tracked, ema_backbone_stage4_2_final_conv_conv_weight, ema_backbone_stage4_2_final_conv_bn_weight, ema_backbone_stage4_2_final_conv_bn_bias, ema_backbone_stage4_2_final_conv_bn_running_mean, ema_backbone_stage4_2_final_conv_bn_running_var, ema_backbone_stage4_2_final_conv_bn_num_batches_tracked, ema_backbone_stage4_2_blocks_0_conv1_conv_weight, ema_backbone_stage4_2_blocks_0_conv1_bn_weight, ema_backbone_stage4_2_blocks_0_conv1_bn_bias, ema_backbone_stage4_2_blocks_0_conv1_bn_running_mean, ema_backbone_stage4_2_blocks_0_conv1_bn_running_var, ema_backbone_stage4_2_blocks_0_conv1_bn_num_batches_tracked, ema_backbone_stage4_2_blocks_0_conv2_conv_weight, ema_backbone_stage4_2_blocks_0_conv2_bn_weight, ema_backbone_stage4_2_blocks_0_conv2_bn_bias, ema_backbone_stage4_2_blocks_0_conv2_bn_running_mean, ema_backbone_stage4_2_blocks_0_conv2_bn_running_var, ema_backbone_stage4_2_blocks_0_conv2_bn_num_batches_tracked, ema_neck_reduce_layers_0_conv_weight, ema_neck_reduce_layers_0_bn_weight, ema_neck_reduce_layers_0_bn_bias, ema_neck_reduce_layers_0_bn_running_mean, ema_neck_reduce_layers_0_bn_running_var, ema_neck_reduce_layers_0_bn_num_batches_tracked, ema_neck_reduce_layers_1_conv_weight, ema_neck_reduce_layers_1_bn_weight, ema_neck_reduce_layers_1_bn_bias, ema_neck_reduce_layers_1_bn_running_mean, ema_neck_reduce_layers_1_bn_running_var, ema_neck_reduce_layers_1_bn_num_batches_tracked, ema_neck_top_down_blocks_0_main_conv_conv_weight, ema_neck_top_down_blocks_0_main_conv_bn_weight, ema_neck_top_down_blocks_0_main_conv_bn_bias, ema_neck_top_down_blocks_0_main_conv_bn_running_mean, ema_neck_top_down_blocks_0_main_conv_bn_running_var, ema_neck_top_down_blocks_0_main_conv_bn_num_batches_tracked, ema_neck_top_down_blocks_0_short_conv_conv_weight, ema_neck_top_down_blocks_0_short_conv_bn_weight, ema_neck_top_down_blocks_0_short_conv_bn_bias, ema_neck_top_down_blocks_0_short_conv_bn_running_mean, ema_neck_top_down_blocks_0_short_conv_bn_running_var, ema_neck_top_down_blocks_0_short_conv_bn_num_batches_tracked, ema_neck_top_down_blocks_0_final_conv_conv_weight, ema_neck_top_down_blocks_0_final_conv_bn_weight, ema_neck_top_down_blocks_0_final_conv_bn_bias, ema_neck_top_down_blocks_0_final_conv_bn_running_mean, ema_neck_top_down_blocks_0_final_conv_bn_running_var, ema_neck_top_down_blocks_0_final_conv_bn_num_batches_tracked, ema_neck_top_down_blocks_0_blocks_0_conv1_conv_weight, ema_neck_top_down_blocks_0_blocks_0_conv1_bn_weight, ema_neck_top_down_blocks_0_blocks_0_conv1_bn_bias, ema_neck_top_down_blocks_0_blocks_0_conv1_bn_running_mean, ema_neck_top_down_blocks_0_blocks_0_conv1_bn_running_var, ema_neck_top_down_blocks_0_blocks_0_conv1_bn_num_batches_tracked, ema_neck_top_down_blocks_0_blocks_0_conv2_conv_weight, ema_neck_top_down_blocks_0_blocks_0_conv2_bn_weight, ema_neck_top_down_blocks_0_blocks_0_conv2_bn_bias, ema_neck_top_down_blocks_0_blocks_0_conv2_bn_running_mean, ema_neck_top_down_blocks_0_blocks_0_conv2_bn_running_var, ema_neck_top_down_blocks_0_blocks_0_conv2_bn_num_batches_tracked, ema_neck_top_down_blocks_1_main_conv_conv_weight, ema_neck_top_down_blocks_1_main_conv_bn_weight, ema_neck_top_down_blocks_1_main_conv_bn_bias, ema_neck_top_down_blocks_1_main_conv_bn_running_mean, ema_neck_top_down_blocks_1_main_conv_bn_running_var, ema_neck_top_down_blocks_1_main_conv_bn_num_batches_tracked, ema_neck_top_down_blocks_1_short_conv_conv_weight, ema_neck_top_down_blocks_1_short_conv_bn_weight, ema_neck_top_down_blocks_1_short_conv_bn_bias, ema_neck_top_down_blocks_1_short_conv_bn_running_mean, ema_neck_top_down_blocks_1_short_conv_bn_running_var, ema_neck_top_down_blocks_1_short_conv_bn_num_batches_tracked, ema_neck_top_down_blocks_1_final_conv_conv_weight, ema_neck_top_down_blocks_1_final_conv_bn_weight, ema_neck_top_down_blocks_1_final_conv_bn_bias, ema_neck_top_down_blocks_1_final_conv_bn_running_mean, ema_neck_top_down_blocks_1_final_conv_bn_running_var, ema_neck_top_down_blocks_1_final_conv_bn_num_batches_tracked, ema_neck_top_down_blocks_1_blocks_0_conv1_conv_weight, ema_neck_top_down_blocks_1_blocks_0_conv1_bn_weight, ema_neck_top_down_blocks_1_blocks_0_conv1_bn_bias, ema_neck_top_down_blocks_1_blocks_0_conv1_bn_running_mean, ema_neck_top_down_blocks_1_blocks_0_conv1_bn_running_var, ema_neck_top_down_blocks_1_blocks_0_conv1_bn_num_batches_tracked, ema_neck_top_down_blocks_1_blocks_0_conv2_conv_weight, ema_neck_top_down_blocks_1_blocks_0_conv2_bn_weight, ema_neck_top_down_blocks_1_blocks_0_conv2_bn_bias, ema_neck_top_down_blocks_1_blocks_0_conv2_bn_running_mean, ema_neck_top_down_blocks_1_blocks_0_conv2_bn_running_var, ema_neck_top_down_blocks_1_blocks_0_conv2_bn_num_batches_tracked, ema_neck_downsamples_0_conv_weight, ema_neck_downsamples_0_bn_weight, ema_neck_downsamples_0_bn_bias, ema_neck_downsamples_0_bn_running_mean, ema_neck_downsamples_0_bn_running_var, ema_neck_downsamples_0_bn_num_batches_tracked, ema_neck_downsamples_1_conv_weight, ema_neck_downsamples_1_bn_weight, ema_neck_downsamples_1_bn_bias, ema_neck_downsamples_1_bn_running_mean, ema_neck_downsamples_1_bn_running_var, ema_neck_downsamples_1_bn_num_batches_tracked, ema_neck_bottom_up_blocks_0_main_conv_conv_weight, ema_neck_bottom_up_blocks_0_main_conv_bn_weight, ema_neck_bottom_up_blocks_0_main_conv_bn_bias, ema_neck_bottom_up_blocks_0_main_conv_bn_running_mean, ema_neck_bottom_up_blocks_0_main_conv_bn_running_var, ema_neck_bottom_up_blocks_0_main_conv_bn_num_batches_tracked, ema_neck_bottom_up_blocks_0_short_conv_conv_weight, ema_neck_bottom_up_blocks_0_short_conv_bn_weight, ema_neck_bottom_up_blocks_0_short_conv_bn_bias, ema_neck_bottom_up_blocks_0_short_conv_bn_running_mean, ema_neck_bottom_up_blocks_0_short_conv_bn_running_var, ema_neck_bottom_up_blocks_0_short_conv_bn_num_batches_tracked, ema_neck_bottom_up_blocks_0_final_conv_conv_weight, ema_neck_bottom_up_blocks_0_final_conv_bn_weight, ema_neck_bottom_up_blocks_0_final_conv_bn_bias, ema_neck_bottom_up_blocks_0_final_conv_bn_running_mean, ema_neck_bottom_up_blocks_0_final_conv_bn_running_var, ema_neck_bottom_up_blocks_0_final_conv_bn_num_batches_tracked, ema_neck_bottom_up_blocks_0_blocks_0_conv1_conv_weight, ema_neck_bottom_up_blocks_0_blocks_0_conv1_bn_weight, ema_neck_bottom_up_blocks_0_blocks_0_conv1_bn_bias, ema_neck_bottom_up_blocks_0_blocks_0_conv1_bn_running_mean, ema_neck_bottom_up_blocks_0_blocks_0_conv1_bn_running_var, ema_neck_bottom_up_blocks_0_blocks_0_conv1_bn_num_batches_tracked, ema_neck_bottom_up_blocks_0_blocks_0_conv2_conv_weight, ema_neck_bottom_up_blocks_0_blocks_0_conv2_bn_weight, ema_neck_bottom_up_blocks_0_blocks_0_conv2_bn_bias, ema_neck_bottom_up_blocks_0_blocks_0_conv2_bn_running_mean, ema_neck_bottom_up_blocks_0_blocks_0_conv2_bn_running_var, ema_neck_bottom_up_blocks_0_blocks_0_conv2_bn_num_batches_tracked, ema_neck_bottom_up_blocks_1_main_conv_conv_weight, ema_neck_bottom_up_blocks_1_main_conv_bn_weight, ema_neck_bottom_up_blocks_1_main_conv_bn_bias, ema_neck_bottom_up_blocks_1_main_conv_bn_running_mean, ema_neck_bottom_up_blocks_1_main_conv_bn_running_var, ema_neck_bottom_up_blocks_1_main_conv_bn_num_batches_tracked, ema_neck_bottom_up_blocks_1_short_conv_conv_weight, ema_neck_bottom_up_blocks_1_short_conv_bn_weight, ema_neck_bottom_up_blocks_1_short_conv_bn_bias, ema_neck_bottom_up_blocks_1_short_conv_bn_running_mean, ema_neck_bottom_up_blocks_1_short_conv_bn_running_var, ema_neck_bottom_up_blocks_1_short_conv_bn_num_batches_tracked, ema_neck_bottom_up_blocks_1_final_conv_conv_weight, ema_neck_bottom_up_blocks_1_final_conv_bn_weight, ema_neck_bottom_up_blocks_1_final_conv_bn_bias, ema_neck_bottom_up_blocks_1_final_conv_bn_running_mean, ema_neck_bottom_up_blocks_1_final_conv_bn_running_var, ema_neck_bottom_up_blocks_1_final_conv_bn_num_batches_tracked, ema_neck_bottom_up_blocks_1_blocks_0_conv1_conv_weight, ema_neck_bottom_up_blocks_1_blocks_0_conv1_bn_weight, ema_neck_bottom_up_blocks_1_blocks_0_conv1_bn_bias, ema_neck_bottom_up_blocks_1_blocks_0_conv1_bn_running_mean, ema_neck_bottom_up_blocks_1_blocks_0_conv1_bn_running_var, ema_neck_bottom_up_blocks_1_blocks_0_conv1_bn_num_batches_tracked, ema_neck_bottom_up_blocks_1_blocks_0_conv2_conv_weight, ema_neck_bottom_up_blocks_1_blocks_0_conv2_bn_weight, ema_neck_bottom_up_blocks_1_blocks_0_conv2_bn_bias, ema_neck_bottom_up_blocks_1_blocks_0_conv2_bn_running_mean, ema_neck_bottom_up_blocks_1_blocks_0_conv2_bn_running_var, ema_neck_bottom_up_blocks_1_blocks_0_conv2_bn_num_batches_tracked, ema_neck_out_convs_0_conv_weight, ema_neck_out_convs_0_bn_weight, ema_neck_out_convs_0_bn_bias, ema_neck_out_convs_0_bn_running_mean, ema_neck_out_convs_0_bn_running_var, ema_neck_out_convs_0_bn_num_batches_tracked, ema_neck_out_convs_1_conv_weight, ema_neck_out_convs_1_bn_weight, ema_neck_out_convs_1_bn_bias, ema_neck_out_convs_1_bn_running_mean, ema_neck_out_convs_1_bn_running_var, ema_neck_out_convs_1_bn_num_batches_tracked, ema_neck_out_convs_2_conv_weight, ema_neck_out_convs_2_bn_weight, ema_neck_out_convs_2_bn_bias, ema_neck_out_convs_2_bn_running_mean, ema_neck_out_convs_2_bn_running_var, ema_neck_out_convs_2_bn_num_batches_tracked, ema_bbox_head_multi_level_cls_convs_0_0_conv_weight, ema_bbox_head_multi_level_cls_convs_0_0_bn_weight, ema_bbox_head_multi_level_cls_convs_0_0_bn_bias, ema_bbox_head_multi_level_cls_convs_0_0_bn_running_mean, ema_bbox_head_multi_level_cls_convs_0_0_bn_running_var, ema_bbox_head_multi_level_cls_convs_0_0_bn_num_batches_tracked, ema_bbox_head_multi_level_cls_convs_0_1_conv_weight, ema_bbox_head_multi_level_cls_convs_0_1_bn_weight, ema_bbox_head_multi_level_cls_convs_0_1_bn_bias, ema_bbox_head_multi_level_cls_convs_0_1_bn_running_mean, ema_bbox_head_multi_level_cls_convs_0_1_bn_running_var, ema_bbox_head_multi_level_cls_convs_0_1_bn_num_batches_tracked, ema_bbox_head_multi_level_cls_convs_1_0_conv_weight, ema_bbox_head_multi_level_cls_convs_1_0_bn_weight, ema_bbox_head_multi_level_cls_convs_1_0_bn_bias, ema_bbox_head_multi_level_cls_convs_1_0_bn_running_mean, ema_bbox_head_multi_level_cls_convs_1_0_bn_running_var, ema_bbox_head_multi_level_cls_convs_1_0_bn_num_batches_tracked, ema_bbox_head_multi_level_cls_convs_1_1_conv_weight, ema_bbox_head_multi_level_cls_convs_1_1_bn_weight, ema_bbox_head_multi_level_cls_convs_1_1_bn_bias, ema_bbox_head_multi_level_cls_convs_1_1_bn_running_mean, ema_bbox_head_multi_level_cls_convs_1_1_bn_running_var, ema_bbox_head_multi_level_cls_convs_1_1_bn_num_batches_tracked, ema_bbox_head_multi_level_cls_convs_2_0_conv_weight, ema_bbox_head_multi_level_cls_convs_2_0_bn_weight, ema_bbox_head_multi_level_cls_convs_2_0_bn_bias, ema_bbox_head_multi_level_cls_convs_2_0_bn_running_mean, ema_bbox_head_multi_level_cls_convs_2_0_bn_running_var, ema_bbox_head_multi_level_cls_convs_2_0_bn_num_batches_tracked, ema_bbox_head_multi_level_cls_convs_2_1_conv_weight, ema_bbox_head_multi_level_cls_convs_2_1_bn_weight, ema_bbox_head_multi_level_cls_convs_2_1_bn_bias, ema_bbox_head_multi_level_cls_convs_2_1_bn_running_mean, ema_bbox_head_multi_level_cls_convs_2_1_bn_running_var, ema_bbox_head_multi_level_cls_convs_2_1_bn_num_batches_tracked, ema_bbox_head_multi_level_reg_convs_0_0_conv_weight, ema_bbox_head_multi_level_reg_convs_0_0_bn_weight, ema_bbox_head_multi_level_reg_convs_0_0_bn_bias, ema_bbox_head_multi_level_reg_convs_0_0_bn_running_mean, ema_bbox_head_multi_level_reg_convs_0_0_bn_running_var, ema_bbox_head_multi_level_reg_convs_0_0_bn_num_batches_tracked, ema_bbox_head_multi_level_reg_convs_0_1_conv_weight, ema_bbox_head_multi_level_reg_convs_0_1_bn_weight, ema_bbox_head_multi_level_reg_convs_0_1_bn_bias, ema_bbox_head_multi_level_reg_convs_0_1_bn_running_mean, ema_bbox_head_multi_level_reg_convs_0_1_bn_running_var, ema_bbox_head_multi_level_reg_convs_0_1_bn_num_batches_tracked, ema_bbox_head_multi_level_reg_convs_1_0_conv_weight, ema_bbox_head_multi_level_reg_convs_1_0_bn_weight, ema_bbox_head_multi_level_reg_convs_1_0_bn_bias, ema_bbox_head_multi_level_reg_convs_1_0_bn_running_mean, ema_bbox_head_multi_level_reg_convs_1_0_bn_running_var, ema_bbox_head_multi_level_reg_convs_1_0_bn_num_batches_tracked, ema_bbox_head_multi_level_reg_convs_1_1_conv_weight, ema_bbox_head_multi_level_reg_convs_1_1_bn_weight, ema_bbox_head_multi_level_reg_convs_1_1_bn_bias, ema_bbox_head_multi_level_reg_convs_1_1_bn_running_mean, ema_bbox_head_multi_level_reg_convs_1_1_bn_running_var, ema_bbox_head_multi_level_reg_convs_1_1_bn_num_batches_tracked, ema_bbox_head_multi_level_reg_convs_2_0_conv_weight, ema_bbox_head_multi_level_reg_convs_2_0_bn_weight, ema_bbox_head_multi_level_reg_convs_2_0_bn_bias, ema_bbox_head_multi_level_reg_convs_2_0_bn_running_mean, ema_bbox_head_multi_level_reg_convs_2_0_bn_running_var, ema_bbox_head_multi_level_reg_convs_2_0_bn_num_batches_tracked, ema_bbox_head_multi_level_reg_convs_2_1_conv_weight, ema_bbox_head_multi_level_reg_convs_2_1_bn_weight, ema_bbox_head_multi_level_reg_convs_2_1_bn_bias, ema_bbox_head_multi_level_reg_convs_2_1_bn_running_mean, ema_bbox_head_multi_level_reg_convs_2_1_bn_running_var, ema_bbox_head_multi_level_reg_convs_2_1_bn_num_batches_tracked, ema_bbox_head_multi_level_conv_cls_0_weight, ema_bbox_head_multi_level_conv_cls_0_bias, ema_bbox_head_multi_level_conv_cls_1_weight, ema_bbox_head_multi_level_conv_cls_1_bias, ema_bbox_head_multi_level_conv_cls_2_weight, ema_bbox_head_multi_level_conv_cls_2_bias, ema_bbox_head_multi_level_conv_reg_0_weight, ema_bbox_head_multi_level_conv_reg_0_bias, ema_bbox_head_multi_level_conv_reg_1_weight, ema_bbox_head_multi_level_conv_reg_1_bias, ema_bbox_head_multi_level_conv_reg_2_weight, ema_bbox_head_multi_level_conv_reg_2_bias, ema_bbox_head_multi_level_conv_obj_0_weight, ema_bbox_head_multi_level_conv_obj_0_bias, ema_bbox_head_multi_level_conv_obj_1_weight, ema_bbox_head_multi_level_conv_obj_1_bias, ema_bbox_head_multi_level_conv_obj_2_weight, ema_bbox_head_multi_level_conv_obj_2_bias

2021-09-25 15:14:52,476 - mmdet - INFO - resumed epoch 2, iter 4884
2021-09-25 15:14:52,479 - mmdet - INFO - Start running, host: root@46052755c54b, work_dir: /root/mmdetection/work_dirs/yolox_s_8x8_300e_coco
2021-09-25 15:14:52,480 - mmdet - INFO - Hooks will be executed in the following order:
before_run:
(VERY_HIGH   ) YOLOXLrUpdaterHook                 
(49          ) ExpMomentumEMAHook                 
(NORMAL      ) CheckpointHook                     
(LOW         ) EvalHook                           
(VERY_LOW    ) TextLoggerHook                     
 -------------------- 
before_train_epoch:
(VERY_HIGH   ) YOLOXLrUpdaterHook                 
(48          ) YOLOXModeSwitchHook                
(48          ) SyncNormHook                       
(49          ) ExpMomentumEMAHook                 
(LOW         ) IterTimerHook                      
(LOW         ) EvalHook                           
(VERY_LOW    ) TextLoggerHook                     
 -------------------- 
before_train_iter:
(VERY_HIGH   ) YOLOXLrUpdaterHook                 
(LOW         ) IterTimerHook                      
(LOW         ) EvalHook                           
 -------------------- 
after_train_iter:
(ABOVE_NORMAL) OptimizerHook                      
(49          ) ExpMomentumEMAHook                 
(NORMAL      ) CheckpointHook                     
(LOW         ) IterTimerHook                      
(LOW         ) EvalHook                           
(VERY_LOW    ) TextLoggerHook                     
 -------------------- 
after_train_epoch:
(48          ) SyncRandomSizeHook                 
(48          ) SyncNormHook                       
(49          ) ExpMomentumEMAHook                 
(NORMAL      ) CheckpointHook                     
(LOW         ) EvalHook                           
(VERY_LOW    ) TextLoggerHook                     
 -------------------- 
before_val_epoch:
(LOW         ) IterTimerHook                      
(VERY_LOW    ) TextLoggerHook                     
 -------------------- 
before_val_iter:
(LOW         ) IterTimerHook                      
 -------------------- 
after_val_iter:
(LOW         ) IterTimerHook                      
 -------------------- 
after_val_epoch:
(VERY_LOW    ) TextLoggerHook                     
 -------------------- 
2021-09-25 15:14:52,481 - mmdet - INFO - workflow: [('train', 1)], max: 300 epochs
loading annotations into memory...
Done (t=0.55s)
creating index...
index created!
loading annotations into memory...
Done (t=0.50s)
creating index...
index created!
2021-09-25 15:16:48,399 - mmdet - INFO - Epoch [3][50/2442]	lr: 1.633e-04, eta: 19 days, 12:16:54, time: 2.317, data_time: 2.083, memory: 3072, loss_cls: 1.6664, loss_bbox: 2.9806, loss_obj: 2.9628, loss: 7.6098
2021-09-25 15:18:40,905 - mmdet - INFO - Epoch [3][100/2442]	lr: 1.666e-04, eta: 19 days, 5:30:59, time: 2.250, data_time: 2.038, memory: 3072, loss_cls: 1.6347, loss_bbox: 2.9459, loss_obj: 2.8205, loss: 7.4011
2021-09-25 15:20:34,156 - mmdet - INFO - Epoch [3][150/2442]	lr: 1.700e-04, eta: 19 days, 4:14:33, time: 2.265, data_time: 2.053, memory: 3072, loss_cls: 1.6220, loss_bbox: 2.9498, loss_obj: 2.8031, loss: 7.3749
2021-09-25 15:22:25,580 - mmdet - INFO - Epoch [3][200/2442]	lr: 1.734e-04, eta: 19 days, 1:44:43, time: 2.228, data_time: 2.013, memory: 3072, loss_cls: 1.5748, loss_bbox: 2.9278, loss_obj: 2.7826, loss: 7.2852
2021-09-25 15:24:18,165 - mmdet - INFO - Epoch [3][250/2442]	lr: 1.768e-04, eta: 19 days, 1:10:18, time: 2.252, data_time: 2.039, memory: 3072, loss_cls: 1.6000, loss_bbox: 2.8866, loss_obj: 2.6421, loss: 7.1287
2021-09-25 15:26:10,023 - mmdet - INFO - Epoch [3][300/2442]	lr: 1.803e-04, eta: 19 days, 0:17:25, time: 2.237, data_time: 2.023, memory: 3072, loss_cls: 1.5585, loss_bbox: 2.8470, loss_obj: 2.5954, loss: 7.0009
2021-09-25 15:27:58,281 - mmdet - INFO - Epoch [3][350/2442]	lr: 1.838e-04, eta: 18 days, 21:34:22, time: 2.165, data_time: 1.954, memory: 3072, loss_cls: 1.5668, loss_bbox: 2.8537, loss_obj: 2.6934, loss: 7.1139
2021-09-25 15:29:48,830 - mmdet - INFO - Epoch [3][400/2442]	lr: 1.873e-04, eta: 18 days, 20:41:03, time: 2.211, data_time: 1.998, memory: 3072, loss_cls: 1.5388, loss_bbox: 2.7935, loss_obj: 2.4783, loss: 6.8106
2021-09-25 15:31:36,636 - mmdet - INFO - Epoch [3][450/2442]	lr: 1.908e-04, eta: 18 days, 18:45:20, time: 2.156, data_time: 1.942, memory: 3072, loss_cls: 1.5248, loss_bbox: 2.7874, loss_obj: 2.4437, loss: 6.7558
2021-09-25 15:33:22,461 - mmdet - INFO - Epoch [3][500/2442]	lr: 1.944e-04, eta: 18 days, 16:24:21, time: 2.116, data_time: 1.903, memory: 3072, loss_cls: 1.4890, loss_bbox: 2.7783, loss_obj: 2.5251, loss: 6.7925
2021-09-25 15:35:07,466 - mmdet - INFO - Epoch [3][550/2442]	lr: 1.981e-04, eta: 18 days, 14:10:37, time: 2.100, data_time: 1.886, memory: 3072, loss_cls: 1.4708, loss_bbox: 2.7681, loss_obj: 2.4331, loss: 6.6721
2021-09-25 15:36:53,893 - mmdet - INFO - Epoch [3][600/2442]	lr: 2.017e-04, eta: 18 days, 12:47:35, time: 2.129, data_time: 1.919, memory: 3072, loss_cls: 1.4770, loss_bbox: 2.7738, loss_obj: 2.4539, loss: 6.7046
2021-09-25 15:38:40,316 - mmdet - INFO - Epoch [3][650/2442]	lr: 2.054e-04, eta: 18 days, 11:37:01, time: 2.128, data_time: 1.917, memory: 3072, loss_cls: 1.4866, loss_bbox: 2.7452, loss_obj: 2.3402, loss: 6.5720
2021-09-25 15:40:25,145 - mmdet - INFO - Epoch [3][700/2442]	lr: 2.092e-04, eta: 18 days, 10:08:40, time: 2.097, data_time: 1.883, memory: 3072, loss_cls: 1.4612, loss_bbox: 2.7375, loss_obj: 2.3215, loss: 6.5203
2021-09-25 15:42:11,826 - mmdet - INFO - Epoch [3][750/2442]	lr: 2.129e-04, eta: 18 days, 9:21:46, time: 2.134, data_time: 1.920, memory: 3075, loss_cls: 1.4334, loss_bbox: 2.7159, loss_obj: 2.2866, loss: 6.4359
2021-09-25 15:43:59,366 - mmdet - INFO - Epoch [3][800/2442]	lr: 2.167e-04, eta: 18 days, 8:53:33, time: 2.151, data_time: 1.934, memory: 3075, loss_cls: 1.4127, loss_bbox: 2.6996, loss_obj: 2.2760, loss: 6.3883
2021-09-25 15:45:41,835 - mmdet - INFO - Epoch [3][850/2442]	lr: 2.205e-04, eta: 18 days, 7:16:09, time: 2.049, data_time: 1.839, memory: 3075, loss_cls: 1.4115, loss_bbox: 2.6617, loss_obj: 2.3159, loss: 6.3891
2021-09-25 15:47:25,177 - mmdet - INFO - Epoch [3][900/2442]	lr: 2.244e-04, eta: 18 days, 6:01:06, time: 2.067, data_time: 1.852, memory: 3075, loss_cls: 1.3983, loss_bbox: 2.7047, loss_obj: 2.1915, loss: 6.2945
2021-09-25 15:49:07,900 - mmdet - INFO - Epoch [3][950/2442]	lr: 2.283e-04, eta: 18 days, 4:45:56, time: 2.054, data_time: 1.844, memory: 3075, loss_cls: 1.3758, loss_bbox: 2.6414, loss_obj: 2.2088, loss: 6.2260
2021-09-25 15:50:54,396 - mmdet - INFO - Epoch [3][1000/2442]	lr: 2.322e-04, eta: 18 days, 4:23:47, time: 2.130, data_time: 1.916, memory: 3075, loss_cls: 1.3939, loss_bbox: 2.6564, loss_obj: 2.1493, loss: 6.1997
2021-09-25 15:52:37,192 - mmdet - INFO - Epoch [3][1050/2442]	lr: 2.362e-04, eta: 18 days, 3:20:54, time: 2.056, data_time: 1.844, memory: 3075, loss_cls: 1.3716, loss_bbox: 2.6384, loss_obj: 2.1400, loss: 6.1500
2021-09-25 15:54:19,089 - mmdet - INFO - Epoch [3][1100/2442]	lr: 2.402e-04, eta: 18 days, 2:13:41, time: 2.038, data_time: 1.822, memory: 3075, loss_cls: 1.3434, loss_bbox: 2.5905, loss_obj: 2.0517, loss: 5.9857
2021-09-25 15:56:04,366 - mmdet - INFO - Epoch [3][1150/2442]	lr: 2.442e-04, eta: 18 days, 1:47:45, time: 2.106, data_time: 1.889, memory: 3075, loss_cls: 1.3187, loss_bbox: 2.5609, loss_obj: 2.0073, loss: 5.8869
2021-09-25 15:57:44,909 - mmdet - INFO - Epoch [3][1200/2442]	lr: 2.483e-04, eta: 18 days, 0:36:04, time: 2.011, data_time: 1.797, memory: 3075, loss_cls: 1.3445, loss_bbox: 2.5925, loss_obj: 2.0170, loss: 5.9540
2021-09-25 15:59:26,644 - mmdet - INFO - Epoch [3][1250/2442]	lr: 2.524e-04, eta: 17 days, 23:41:32, time: 2.035, data_time: 1.822, memory: 3075, loss_cls: 1.3558, loss_bbox: 2.5885, loss_obj: 1.9925, loss: 5.9367
2021-09-25 16:01:06,764 - mmdet - INFO - Epoch [3][1300/2442]	lr: 2.565e-04, eta: 17 days, 22:36:00, time: 2.002, data_time: 1.787, memory: 3075, loss_cls: 1.3102, loss_bbox: 2.5718, loss_obj: 1.9963, loss: 5.8783
2021-09-25 16:02:47,385 - mmdet - INFO - Epoch [3][1350/2442]	lr: 2.607e-04, eta: 17 days, 21:39:43, time: 2.012, data_time: 1.798, memory: 3075, loss_cls: 1.3127, loss_bbox: 2.5788, loss_obj: 2.0353, loss: 5.9268
2021-09-25 16:04:29,638 - mmdet - INFO - Epoch [3][1400/2442]	lr: 2.649e-04, eta: 17 days, 21:01:26, time: 2.045, data_time: 1.830, memory: 3075, loss_cls: 1.3168, loss_bbox: 2.5837, loss_obj: 1.9820, loss: 5.8825
2021-09-25 16:06:12,587 - mmdet - INFO - Epoch [3][1450/2442]	lr: 2.691e-04, eta: 17 days, 20:31:29, time: 2.059, data_time: 1.848, memory: 3075, loss_cls: 1.2964, loss_bbox: 2.5660, loss_obj: 1.9072, loss: 5.7695
2021-09-25 16:07:55,549 - mmdet - INFO - Epoch [3][1500/2442]	lr: 2.734e-04, eta: 17 days, 20:03:32, time: 2.059, data_time: 1.846, memory: 3075, loss_cls: 1.2537, loss_bbox: 2.5543, loss_obj: 1.8948, loss: 5.7028
2021-09-25 16:09:36,377 - mmdet - INFO - Epoch [3][1550/2442]	lr: 2.777e-04, eta: 17 days, 19:20:36, time: 2.017, data_time: 1.801, memory: 3075, loss_cls: 1.2665, loss_bbox: 2.5559, loss_obj: 1.8889, loss: 5.7114
2021-09-25 16:11:18,706 - mmdet - INFO - Epoch [3][1600/2442]	lr: 2.820e-04, eta: 17 days, 18:51:36, time: 2.047, data_time: 1.832, memory: 3075, loss_cls: 1.2673, loss_bbox: 2.5295, loss_obj: 1.8074, loss: 5.6042
2021-09-25 16:13:00,356 - mmdet - INFO - Epoch [3][1650/2442]	lr: 2.864e-04, eta: 17 days, 18:19:16, time: 2.033, data_time: 1.818, memory: 3075, loss_cls: 1.2507, loss_bbox: 2.5336, loss_obj: 1.8255, loss: 5.6097
2021-09-25 16:14:40,622 - mmdet - INFO - Epoch [3][1700/2442]	lr: 2.908e-04, eta: 17 days, 17:38:54, time: 2.005, data_time: 1.790, memory: 3075, loss_cls: 1.2289, loss_bbox: 2.5271, loss_obj: 1.7972, loss: 5.5532
2021-09-25 16:16:22,839 - mmdet - INFO - Epoch [3][1750/2442]	lr: 2.952e-04, eta: 17 days, 17:14:14, time: 2.044, data_time: 1.831, memory: 3075, loss_cls: 1.2747, loss_bbox: 2.5313, loss_obj: 1.7995, loss: 5.6055
2021-09-25 16:18:04,953 - mmdet - INFO - Epoch [3][1800/2442]	lr: 2.997e-04, eta: 17 days, 16:50:08, time: 2.042, data_time: 1.827, memory: 3075, loss_cls: 1.2644, loss_bbox: 2.4947, loss_obj: 1.7897, loss: 5.5488
2021-09-25 16:19:47,369 - mmdet - INFO - Epoch [3][1850/2442]	lr: 3.042e-04, eta: 17 days, 16:29:14, time: 2.048, data_time: 1.833, memory: 3075, loss_cls: 1.2581, loss_bbox: 2.5111, loss_obj: 1.7760, loss: 5.5452
2021-09-25 16:21:29,390 - mmdet - INFO - Epoch [3][1900/2442]	lr: 3.087e-04, eta: 17 days, 16:06:50, time: 2.040, data_time: 1.823, memory: 3075, loss_cls: 1.2228, loss_bbox: 2.4680, loss_obj: 1.7110, loss: 5.4018
2021-09-25 16:23:09,876 - mmdet - INFO - Epoch [3][1950/2442]	lr: 3.133e-04, eta: 17 days, 15:35:57, time: 2.010, data_time: 1.795, memory: 3075, loss_cls: 1.2045, loss_bbox: 2.4555, loss_obj: 1.6580, loss: 5.3180
2021-09-25 16:24:51,255 - mmdet - INFO - Epoch [3][2000/2442]	lr: 3.179e-04, eta: 17 days, 15:11:57, time: 2.028, data_time: 1.812, memory: 3075, loss_cls: 1.1576, loss_bbox: 2.4023, loss_obj: 1.5830, loss: 5.1429
2021-09-25 16:26:31,682 - mmdet - INFO - Epoch [3][2050/2442]	lr: 3.225e-04, eta: 17 days, 14:43:24, time: 2.008, data_time: 1.796, memory: 3075, loss_cls: 1.1989, loss_bbox: 2.5071, loss_obj: 1.7427, loss: 5.4487
2021-09-25 16:28:09,751 - mmdet - INFO - Epoch [3][2100/2442]	lr: 3.272e-04, eta: 17 days, 14:02:35, time: 1.961, data_time: 1.746, memory: 3075, loss_cls: 1.2246, loss_bbox: 2.4611, loss_obj: 1.6886, loss: 5.3743
2021-09-25 16:29:46,060 - mmdet - INFO - Epoch [3][2150/2442]	lr: 3.319e-04, eta: 17 days, 13:13:40, time: 1.926, data_time: 1.710, memory: 3075, loss_cls: 1.1843, loss_bbox: 2.3927, loss_obj: 1.6310, loss: 5.2080
2021-09-25 16:31:26,497 - mmdet - INFO - Epoch [3][2200/2442]	lr: 3.366e-04, eta: 17 days, 12:49:36, time: 2.009, data_time: 1.795, memory: 3075, loss_cls: 1.1198, loss_bbox: 2.4304, loss_obj: 1.6094, loss: 5.1596
2021-09-25 16:33:07,063 - mmdet - INFO - Epoch [3][2250/2442]	lr: 3.414e-04, eta: 17 days, 12:27:13, time: 2.011, data_time: 1.796, memory: 3075, loss_cls: 1.1835, loss_bbox: 2.4286, loss_obj: 1.5453, loss: 5.1574
2021-09-25 16:34:46,995 - mmdet - INFO - Epoch [3][2300/2442]	lr: 3.462e-04, eta: 17 days, 12:02:24, time: 1.999, data_time: 1.785, memory: 3075, loss_cls: 1.1364, loss_bbox: 2.3764, loss_obj: 1.5422, loss: 5.0549
2021-09-25 16:36:25,650 - mmdet - INFO - Epoch [3][2350/2442]	lr: 3.510e-04, eta: 17 days, 11:32:00, time: 1.973, data_time: 1.759, memory: 3075, loss_cls: 1.1406, loss_bbox: 2.4138, loss_obj: 1.5551, loss: 5.1095
2021-09-25 16:38:04,520 - mmdet - INFO - Epoch [3][2400/2442]	lr: 3.559e-04, eta: 17 days, 11:03:52, time: 1.977, data_time: 1.763, memory: 3075, loss_cls: 1.1224, loss_bbox: 2.4177, loss_obj: 1.6211, loss: 5.1612
2021-09-25 16:39:26,322 - mmdet - INFO - Saving checkpoint at 3 epochs
2021-09-25 16:41:09,738 - mmdet - INFO - Epoch [4][50/2442]	lr: 3.649e-04, eta: 17 days, 3:52:24, time: 2.061, data_time: 1.854, memory: 3077, loss_cls: 1.1706, loss_bbox: 2.4453, loss_obj: 1.5875, loss: 5.2034
2021-09-25 16:42:48,961 - mmdet - INFO - Epoch [4][100/2442]	lr: 3.699e-04, eta: 17 days, 3:36:25, time: 1.984, data_time: 1.779, memory: 3077, loss_cls: 1.1150, loss_bbox: 2.3869, loss_obj: 1.4396, loss: 4.9416
2021-09-25 16:44:28,886 - mmdet - INFO - Epoch [4][150/2442]	lr: 3.749e-04, eta: 17 days, 3:24:15, time: 1.998, data_time: 1.789, memory: 3077, loss_cls: 1.1581, loss_bbox: 2.4214, loss_obj: 1.4473, loss: 5.0268
2021-09-25 16:46:07,112 - mmdet - INFO - Epoch [4][200/2442]	lr: 3.799e-04, eta: 17 days, 3:04:42, time: 1.964, data_time: 1.756, memory: 3077, loss_cls: 1.1266, loss_bbox: 2.3935, loss_obj: 1.4983, loss: 5.0184
2021-09-25 16:47:46,328 - mmdet - INFO - Epoch [4][250/2442]	lr: 3.850e-04, eta: 17 days, 2:50:17, time: 1.984, data_time: 1.779, memory: 3077, loss_cls: 1.1154, loss_bbox: 2.3755, loss_obj: 1.3844, loss: 4.8752
2021-09-25 16:49:26,838 - mmdet - INFO - Epoch [4][300/2442]	lr: 3.901e-04, eta: 17 days, 2:42:01, time: 2.010, data_time: 1.807, memory: 3077, loss_cls: 1.1091, loss_bbox: 2.3004, loss_obj: 1.4629, loss: 4.8724
2021-09-25 16:51:06,987 - mmdet - INFO - Epoch [4][350/2442]	lr: 3.952e-04, eta: 17 days, 2:32:26, time: 2.003, data_time: 1.797, memory: 3077, loss_cls: 1.0883, loss_bbox: 2.3074, loss_obj: 1.3495, loss: 4.7451
2021-09-25 16:52:45,115 - mmdet - INFO - Epoch [4][400/2442]	lr: 4.004e-04, eta: 17 days, 2:14:31, time: 1.963, data_time: 1.755, memory: 3077, loss_cls: 1.1000, loss_bbox: 2.2938, loss_obj: 1.3728, loss: 4.7666
2021-09-25 16:54:23,920 - mmdet - INFO - Epoch [4][450/2442]	lr: 4.056e-04, eta: 17 days, 2:00:01, time: 1.976, data_time: 1.770, memory: 3077, loss_cls: 1.0859, loss_bbox: 2.3340, loss_obj: 1.3565, loss: 4.7763
2021-09-25 16:56:02,991 - mmdet - INFO - Epoch [4][500/2442]	lr: 4.108e-04, eta: 17 days, 1:47:02, time: 1.981, data_time: 1.776, memory: 3077, loss_cls: 1.0774, loss_bbox: 2.3555, loss_obj: 1.3558, loss: 4.7886
2021-09-25 16:57:44,279 - mmdet - INFO - Epoch [4][550/2442]	lr: 4.161e-04, eta: 17 days, 1:43:23, time: 2.026, data_time: 1.820, memory: 3077, loss_cls: 1.0592, loss_bbox: 2.2977, loss_obj: 1.3985, loss: 4.7554
2021-09-25 16:59:25,743 - mmdet - INFO - Epoch [4][600/2442]	lr: 4.214e-04, eta: 17 days, 1:40:30, time: 2.029, data_time: 1.824, memory: 3077, loss_cls: 1.0804, loss_bbox: 2.3473, loss_obj: 1.3776, loss: 4.8053
2021-09-25 17:01:05,154 - mmdet - INFO - Epoch [4][650/2442]	lr: 4.267e-04, eta: 17 days, 1:29:38, time: 1.988, data_time: 1.782, memory: 3077, loss_cls: 1.0474, loss_bbox: 2.3048, loss_obj: 1.3233, loss: 4.6755
2021-09-25 17:02:43,646 - mmdet - INFO - Epoch [4][700/2442]	lr: 4.321e-04, eta: 17 days, 1:15:32, time: 1.970, data_time: 1.766, memory: 3077, loss_cls: 1.0457, loss_bbox: 2.2924, loss_obj: 1.3604, loss: 4.6984
2021-09-25 17:04:25,810 - mmdet - INFO - Epoch [4][750/2442]	lr: 4.375e-04, eta: 17 days, 1:15:42, time: 2.043, data_time: 1.838, memory: 3077, loss_cls: 1.0159, loss_bbox: 2.2622, loss_obj: 1.2601, loss: 4.5382
2021-09-25 17:06:06,194 - mmdet - INFO - Epoch [4][800/2442]	lr: 4.429e-04, eta: 17 days, 1:09:11, time: 2.008, data_time: 1.803, memory: 3077, loss_cls: 1.0415, loss_bbox: 2.3189, loss_obj: 1.2793, loss: 4.6397
2021-09-25 17:07:45,447 - mmdet - INFO - Epoch [4][850/2442]	lr: 4.484e-04, eta: 17 days, 0:58:41, time: 1.985, data_time: 1.778, memory: 3077, loss_cls: 1.0589, loss_bbox: 2.3449, loss_obj: 1.2997, loss: 4.7036
2021-09-25 17:09:25,587 - mmdet - INFO - Epoch [4][900/2442]	lr: 4.539e-04, eta: 17 days, 0:51:38, time: 2.003, data_time: 1.800, memory: 3077, loss_cls: 1.0196, loss_bbox: 2.2765, loss_obj: 1.2862, loss: 4.5823
2021-09-25 17:11:03,942 - mmdet - INFO - Epoch [4][950/2442]	lr: 4.594e-04, eta: 17 days, 0:38:24, time: 1.967, data_time: 1.764, memory: 3077, loss_cls: 1.0535, loss_bbox: 2.2748, loss_obj: 1.2955, loss: 4.6238
2021-09-25 17:12:41,036 - mmdet - INFO - Epoch [4][1000/2442]	lr: 4.650e-04, eta: 17 days, 0:21:04, time: 1.942, data_time: 1.738, memory: 3077, loss_cls: 1.0336, loss_bbox: 2.2583, loss_obj: 1.2321, loss: 4.5239
2021-09-25 17:14:20,755 - mmdet - INFO - Epoch [4][1050/2442]	lr: 4.706e-04, eta: 17 days, 0:13:16, time: 1.994, data_time: 1.790, memory: 3077, loss_cls: 0.9813, loss_bbox: 2.2338, loss_obj: 1.1770, loss: 4.3921
2021-09-25 17:15:59,973 - mmdet - INFO - Epoch [4][1100/2442]	lr: 4.762e-04, eta: 17 days, 0:03:56, time: 1.984, data_time: 1.779, memory: 3077, loss_cls: 1.0111, loss_bbox: 2.2617, loss_obj: 1.2492, loss: 4.5220
2021-09-25 17:17:39,150 - mmdet - INFO - Epoch [4][1150/2442]	lr: 4.819e-04, eta: 16 days, 23:54:41, time: 1.984, data_time: 1.776, memory: 3077, loss_cls: 1.0098, loss_bbox: 2.2351, loss_obj: 1.1960, loss: 4.4409
2021-09-25 17:19:18,064 - mmdet - INFO - Epoch [4][1200/2442]	lr: 4.876e-04, eta: 16 days, 23:44:45, time: 1.978, data_time: 1.770, memory: 3077, loss_cls: 1.0102, loss_bbox: 2.2637, loss_obj: 1.2486, loss: 4.5225
2021-09-25 17:20:58,427 - mmdet - INFO - Epoch [4][1250/2442]	lr: 4.933e-04, eta: 16 days, 23:39:48, time: 2.007, data_time: 1.803, memory: 3077, loss_cls: 1.0070, loss_bbox: 2.2509, loss_obj: 1.2096, loss: 4.4675
2021-09-25 17:22:35,492 - mmdet - INFO - Epoch [4][1300/2442]	lr: 4.991e-04, eta: 16 days, 23:24:17, time: 1.941, data_time: 1.735, memory: 3077, loss_cls: 0.9745, loss_bbox: 2.2052, loss_obj: 1.1767, loss: 4.3563
2021-09-25 17:24:13,878 - mmdet - INFO - Epoch [4][1350/2442]	lr: 5.049e-04, eta: 16 days, 23:13:21, time: 1.968, data_time: 1.765, memory: 3077, loss_cls: 1.0266, loss_bbox: 2.2841, loss_obj: 1.2517, loss: 4.5624
2021-09-25 17:25:51,411 - mmdet - INFO - Epoch [4][1400/2442]	lr: 5.107e-04, eta: 16 days, 22:59:59, time: 1.951, data_time: 1.749, memory: 3077, loss_cls: 1.0105, loss_bbox: 2.2454, loss_obj: 1.2225, loss: 4.4784
2021-09-25 17:27:29,758 - mmdet - INFO - Epoch [4][1450/2442]	lr: 5.166e-04, eta: 16 days, 22:49:26, time: 1.967, data_time: 1.761, memory: 3077, loss_cls: 0.9774, loss_bbox: 2.2469, loss_obj: 1.2206, loss: 4.4449
2021-09-25 17:29:08,074 - mmdet - INFO - Epoch [4][1500/2442]	lr: 5.225e-04, eta: 16 days, 22:39:00, time: 1.966, data_time: 1.761, memory: 3077, loss_cls: 0.9624, loss_bbox: 2.1925, loss_obj: 1.1062, loss: 4.2611
2021-09-25 17:30:44,160 - mmdet - INFO - Epoch [4][1550/2442]	lr: 5.284e-04, eta: 16 days, 22:22:04, time: 1.922, data_time: 1.718, memory: 3077, loss_cls: 0.9970, loss_bbox: 2.2361, loss_obj: 1.2052, loss: 4.4383
2021-09-25 17:32:21,330 - mmdet - INFO - Epoch [4][1600/2442]	lr: 5.344e-04, eta: 16 days, 22:08:45, time: 1.943, data_time: 1.740, memory: 3077, loss_cls: 0.9956, loss_bbox: 2.2793, loss_obj: 1.1592, loss: 4.4342
2021-09-25 17:33:57,741 - mmdet - INFO - Epoch [4][1650/2442]	lr: 5.404e-04, eta: 16 days, 21:53:29, time: 1.928, data_time: 1.723, memory: 3077, loss_cls: 0.9715, loss_bbox: 2.2438, loss_obj: 1.1408, loss: 4.3561
2021-09-25 17:35:35,155 - mmdet - INFO - Epoch [4][1700/2442]	lr: 5.465e-04, eta: 16 days, 21:41:27, time: 1.948, data_time: 1.742, memory: 3077, loss_cls: 0.9769, loss_bbox: 2.2369, loss_obj: 1.1243, loss: 4.3381
2021-09-25 17:37:12,182 - mmdet - INFO - Epoch [4][1750/2442]	lr: 5.525e-04, eta: 16 days, 21:28:34, time: 1.941, data_time: 1.736, memory: 3077, loss_cls: 0.9946, loss_bbox: 2.2703, loss_obj: 1.1826, loss: 4.4475
2021-09-25 17:38:49,834 - mmdet - INFO - Epoch [4][1800/2442]	lr: 5.586e-04, eta: 16 days, 21:17:43, time: 1.953, data_time: 1.749, memory: 3077, loss_cls: 0.9454, loss_bbox: 2.2291, loss_obj: 1.0331, loss: 4.2076
2021-09-25 17:40:28,227 - mmdet - INFO - Epoch [4][1850/2442]	lr: 5.648e-04, eta: 16 days, 21:09:10, time: 1.968, data_time: 1.765, memory: 3077, loss_cls: 0.9371, loss_bbox: 2.2165, loss_obj: 1.0652, loss: 4.2187
2021-09-25 17:42:06,322 - mmdet - INFO - Epoch [4][1900/2442]	lr: 5.709e-04, eta: 16 days, 20:59:57, time: 1.962, data_time: 1.759, memory: 3077, loss_cls: 0.9642, loss_bbox: 2.2541, loss_obj: 1.1069, loss: 4.3253
2021-09-25 17:43:42,748 - mmdet - INFO - Epoch [4][1950/2442]	lr: 5.772e-04, eta: 16 days, 20:46:20, time: 1.929, data_time: 1.724, memory: 3077, loss_cls: 0.9768, loss_bbox: 2.2546, loss_obj: 1.1455, loss: 4.3769
2021-09-25 17:45:20,163 - mmdet - INFO - Epoch [4][2000/2442]	lr: 5.834e-04, eta: 16 days, 20:35:39, time: 1.948, data_time: 1.746, memory: 3077, loss_cls: 0.9838, loss_bbox: 2.2727, loss_obj: 1.1167, loss: 4.3732
2021-09-25 17:47:29,892 - mmdet - INFO - Epoch [4][2050/2442]	lr: 5.897e-04, eta: 16 days, 21:51:53, time: 2.595, data_time: 2.367, memory: 3077, loss_cls: 0.9938, loss_bbox: 2.2264, loss_obj: 1.1172, loss: 4.3374
2021-09-25 17:49:22,798 - mmdet - INFO - Epoch [4][2100/2442]	lr: 5.960e-04, eta: 16 days, 22:21:46, time: 2.258, data_time: 2.042, memory: 3077, loss_cls: 0.9458, loss_bbox: 2.2035, loss_obj: 1.0935, loss: 4.2428
2021-09-25 17:50:59,951 - mmdet - INFO - Epoch [4][2150/2442]	lr: 6.023e-04, eta: 16 days, 22:09:36, time: 1.943, data_time: 1.738, memory: 3077, loss_cls: 0.9438, loss_bbox: 2.2249, loss_obj: 1.0855, loss: 4.2542
2021-09-25 17:52:38,214 - mmdet - INFO - Epoch [4][2200/2442]	lr: 6.087e-04, eta: 16 days, 22:00:33, time: 1.965, data_time: 1.762, memory: 3077, loss_cls: 0.9501, loss_bbox: 2.1750, loss_obj: 1.0955, loss: 4.2206
2021-09-25 17:54:16,626 - mmdet - INFO - Epoch [4][2250/2442]	lr: 6.151e-04, eta: 16 days, 21:52:02, time: 1.968, data_time: 1.764, memory: 3077, loss_cls: 0.9522, loss_bbox: 2.2009, loss_obj: 1.0667, loss: 4.2198
2021-09-25 17:55:51,570 - mmdet - INFO - Epoch [4][2300/2442]	lr: 6.215e-04, eta: 16 days, 21:34:51, time: 1.899, data_time: 1.693, memory: 3077, loss_cls: 0.9468, loss_bbox: 2.2115, loss_obj: 1.1170, loss: 4.2754
2021-09-25 17:57:27,790 - mmdet - INFO - Epoch [4][2350/2442]	lr: 6.280e-04, eta: 16 days, 21:21:11, time: 1.924, data_time: 1.718, memory: 3077, loss_cls: 0.9309, loss_bbox: 2.2107, loss_obj: 1.0425, loss: 4.1841
2021-09-25 17:59:05,355 - mmdet - INFO - Epoch [4][2400/2442]	lr: 6.345e-04, eta: 16 days, 21:11:08, time: 1.951, data_time: 1.747, memory: 3077, loss_cls: 0.9243, loss_bbox: 2.1667, loss_obj: 1.0284, loss: 4.1193
2021-09-25 18:00:27,081 - mmdet - INFO - Saving checkpoint at 4 epochs
ERROR: Unexpected bus error encountered in worker. This might be caused by insufficient shared memory (shm).
 Traceback (most recent call last):
  File "/root/anaconda3/envs/openmmlab/lib/python3.7/site-packages/torch/utils/data/dataloader.py", line 990, in _try_get_data
    data = self._data_queue.get(timeout=timeout)
  File "/root/anaconda3/envs/openmmlab/lib/python3.7/multiprocessing/queues.py", line 104, in get
    if not self._poll(timeout):
  File "/root/anaconda3/envs/openmmlab/lib/python3.7/multiprocessing/connection.py", line 257, in poll
    return self._poll(timeout)
  File "/root/anaconda3/envs/openmmlab/lib/python3.7/multiprocessing/connection.py", line 414, in _poll
    r = wait([self], timeout)
  File "/root/anaconda3/envs/openmmlab/lib/python3.7/multiprocessing/connection.py", line 921, in wait
    ready = selector.select(timeout)
  File "/root/anaconda3/envs/openmmlab/lib/python3.7/selectors.py", line 415, in select
    fd_event_list = self._selector.poll(timeout)
  File "/root/anaconda3/envs/openmmlab/lib/python3.7/site-packages/torch/utils/data/_utils/signal_handling.py", line 66, in handler
    _error_if_any_worker_fails()
RuntimeError: DataLoader worker (pid 27799) is killed by signal: Bus error. It is possible that dataloader's workers are out of shared memory. Please try to raise your shared memory limit.

The above exception was the direct cause of the following exception:

Traceback (most recent call last):
  File "tools/train.py", line 189, in <module>
    main()
  File "tools/train.py", line 185, in main
    meta=meta)
  File "/root/mmdetection/mmdet/apis/train.py", line 174, in train_detector
    runner.run(data_loaders, cfg.workflow)
  File "/root/anaconda3/envs/openmmlab/lib/python3.7/site-packages/mmcv/runner/epoch_based_runner.py", line 127, in run
    epoch_runner(data_loaders[i], **kwargs)
  File "/root/anaconda3/envs/openmmlab/lib/python3.7/site-packages/mmcv/runner/epoch_based_runner.py", line 47, in train
    for i, data_batch in enumerate(self.data_loader):
  File "/root/anaconda3/envs/openmmlab/lib/python3.7/site-packages/torch/utils/data/dataloader.py", line 521, in __next__
    data = self._next_data()
  File "/root/anaconda3/envs/openmmlab/lib/python3.7/site-packages/torch/utils/data/dataloader.py", line 1186, in _next_data
    idx, data = self._get_data()
  File "/root/anaconda3/envs/openmmlab/lib/python3.7/site-packages/torch/utils/data/dataloader.py", line 1152, in _get_data
    success, data = self._try_get_data()
  File "/root/anaconda3/envs/openmmlab/lib/python3.7/site-packages/torch/utils/data/dataloader.py", line 1003, in _try_get_data
    raise RuntimeError('DataLoader worker (pid(s) {}) exited unexpectedly'.format(pids_str)) from e
RuntimeError: DataLoader worker (pid(s) 27799) exited unexpectedly
