fatal: not a git repository (or any of the parent directories): .git
2021-09-24 17:34:11,588 - mmdet - INFO - Environment info:
------------------------------------------------------------
sys.platform: linux
Python: 3.7.11 (default, Jul 27 2021, 14:32:16) [GCC 7.5.0]
CUDA available: True
GPU 0,1,2,3,4,5: GeForce GTX 1080 Ti
GPU 6,7: GeForce GTX 1080
CUDA_HOME: /usr/local/cuda
NVCC: Cuda compilation tools, release 10.1, V10.1.243
GCC: gcc (Ubuntu 7.5.0-3ubuntu1~18.04) 7.5.0
PyTorch: 1.9.1
PyTorch compiling details: PyTorch built with:
  - GCC 7.3
  - C++ Version: 201402
  - Intel(R) oneAPI Math Kernel Library Version 2021.3-Product Build 20210617 for Intel(R) 64 architecture applications
  - Intel(R) MKL-DNN v2.1.2 (Git Hash 98be7e8afa711dc9b66c8ff3504129cb82013cdb)
  - OpenMP 201511 (a.k.a. OpenMP 4.5)
  - NNPACK is enabled
  - CPU capability usage: AVX2
  - CUDA Runtime 10.2
  - NVCC architecture flags: -gencode;arch=compute_37,code=sm_37;-gencode;arch=compute_50,code=sm_50;-gencode;arch=compute_60,code=sm_60;-gencode;arch=compute_61,code=sm_61;-gencode;arch=compute_70,code=sm_70;-gencode;arch=compute_75,code=sm_75;-gencode;arch=compute_37,code=compute_37
  - CuDNN 7.6.5
  - Magma 2.5.2
  - Build settings: BLAS_INFO=mkl, BUILD_TYPE=Release, CUDA_VERSION=10.2, CUDNN_VERSION=7.6.5, CXX_COMPILER=/opt/rh/devtoolset-7/root/usr/bin/c++, CXX_FLAGS= -Wno-deprecated -fvisibility-inlines-hidden -DUSE_PTHREADPOOL -fopenmp -DNDEBUG -DUSE_KINETO -DUSE_FBGEMM -DUSE_QNNPACK -DUSE_PYTORCH_QNNPACK -DUSE_XNNPACK -DSYMBOLICATE_MOBILE_DEBUG_HANDLE -O2 -fPIC -Wno-narrowing -Wall -Wextra -Werror=return-type -Wno-missing-field-initializers -Wno-type-limits -Wno-array-bounds -Wno-unknown-pragmas -Wno-sign-compare -Wno-unused-parameter -Wno-unused-variable -Wno-unused-function -Wno-unused-result -Wno-unused-local-typedefs -Wno-strict-overflow -Wno-strict-aliasing -Wno-error=deprecated-declarations -Wno-stringop-overflow -Wno-psabi -Wno-error=pedantic -Wno-error=redundant-decls -Wno-error=old-style-cast -fdiagnostics-color=always -faligned-new -Wno-unused-but-set-variable -Wno-maybe-uninitialized -fno-math-errno -fno-trapping-math -Werror=format -Wno-stringop-overflow, LAPACK_INFO=mkl, PERF_WITH_AVX=1, PERF_WITH_AVX2=1, PERF_WITH_AVX512=1, TORCH_VERSION=1.9.1, USE_CUDA=ON, USE_CUDNN=ON, USE_EXCEPTION_PTR=1, USE_GFLAGS=OFF, USE_GLOG=OFF, USE_MKL=ON, USE_MKLDNN=ON, USE_MPI=OFF, USE_NCCL=ON, USE_NNPACK=ON, USE_OPENMP=ON, 

TorchVision: 0.10.1
OpenCV: 4.5.3
MMCV: 1.3.8
MMCV Compiler: GCC 7.5
MMCV CUDA Compiler: 10.1
MMDetection: 2.16.0+
------------------------------------------------------------

2021-09-24 17:34:12,354 - mmdet - INFO - Distributed training: False
2021-09-24 17:34:13,088 - mmdet - INFO - Config:
optimizer = dict(
    type='SGD',
    lr=0.001,
    momentum=0.9,
    weight_decay=0.0005,
    nesterov=True,
    paramwise_cfg=dict(norm_decay_mult=0.0, bias_decay_mult=0.0))
optimizer_config = dict(grad_clip=None)
lr_config = dict(
    policy='YOLOX',
    warmup='exp',
    by_epoch=False,
    warmup_by_epoch=True,
    warmup_ratio=1,
    warmup_iters=5,
    num_last_epochs=15,
    min_lr_ratio=0.05)
runner = dict(type='EpochBasedRunner', max_epochs=300)
checkpoint_config = dict(interval=10)
log_config = dict(interval=50, hooks=[dict(type='TextLoggerHook')])
custom_hooks = [
    dict(type='YOLOXModeSwitchHook', num_last_epochs=15, priority=48),
    dict(
        type='SyncRandomSizeHook',
        ratio_range=(14, 26),
        img_scale=(640, 640),
        priority=48),
    dict(type='SyncNormHook', num_last_epochs=15, interval=10, priority=48),
    dict(type='ExpMomentumEMAHook', resume_from=None, priority=49)
]
dist_params = dict(backend='nccl')
log_level = 'INFO'
load_from = None
resume_from = None
workflow = [('train', 1)]
model = dict(
    type='YOLOX',
    backbone=dict(type='CSPDarknet', deepen_factor=0.33, widen_factor=0.5),
    neck=dict(
        type='YOLOXPAFPN',
        in_channels=[128, 256, 512],
        out_channels=128,
        num_csp_blocks=1),
    bbox_head=dict(
        type='YOLOXHead', num_classes=10, in_channels=128, feat_channels=128),
    train_cfg=dict(assigner=dict(type='SimOTAAssigner', center_radius=2.5)),
    test_cfg=dict(score_thr=0.01, nms=dict(type='nms', iou_threshold=0.65)))
data_root = '/ayb/UVM_Datasets/'
dataset_type = 'CocoDataset'
img_norm_cfg = dict(
    mean=[123.675, 116.28, 103.53], std=[58.395, 57.12, 57.375], to_rgb=True)
img_scale = (640, 640)
train_pipeline = [
    dict(type='Mosaic', img_scale=(640, 640), pad_val=114.0),
    dict(
        type='RandomAffine', scaling_ratio_range=(0.1, 2),
        border=(-320, -320)),
    dict(
        type='MixUp',
        img_scale=(640, 640),
        ratio_range=(0.8, 1.6),
        pad_val=114.0),
    dict(
        type='PhotoMetricDistortion',
        brightness_delta=32,
        contrast_range=(0.5, 1.5),
        saturation_range=(0.5, 1.5),
        hue_delta=18),
    dict(type='RandomFlip', flip_ratio=0.5),
    dict(type='Resize', keep_ratio=True),
    dict(type='Pad', pad_to_square=True, pad_val=114.0),
    dict(
        type='Normalize',
        mean=[123.675, 116.28, 103.53],
        std=[58.395, 57.12, 57.375],
        to_rgb=True),
    dict(type='DefaultFormatBundle'),
    dict(type='Collect', keys=['img', 'gt_bboxes', 'gt_labels'])
]
train_dataset = dict(
    type='MultiImageMixDataset',
    dataset=dict(
        type='CocoDataset',
        ann_file='/ayb/UVM_Datasets/voc_train3.json',
        img_prefix='/ayb/UVM_Datasets/voc8/VOCdevkit/VOC2007/JPEGImages',
        pipeline=[
            dict(type='LoadImageFromFile', to_float32=True),
            dict(type='LoadAnnotations', with_bbox=True)
        ],
        filter_empty_gt=False),
    pipeline=[
        dict(type='Mosaic', img_scale=(640, 640), pad_val=114.0),
        dict(
            type='RandomAffine',
            scaling_ratio_range=(0.1, 2),
            border=(-320, -320)),
        dict(
            type='MixUp',
            img_scale=(640, 640),
            ratio_range=(0.8, 1.6),
            pad_val=114.0),
        dict(
            type='PhotoMetricDistortion',
            brightness_delta=32,
            contrast_range=(0.5, 1.5),
            saturation_range=(0.5, 1.5),
            hue_delta=18),
        dict(type='RandomFlip', flip_ratio=0.5),
        dict(type='Resize', keep_ratio=True),
        dict(type='Pad', pad_to_square=True, pad_val=114.0),
        dict(
            type='Normalize',
            mean=[123.675, 116.28, 103.53],
            std=[58.395, 57.12, 57.375],
            to_rgb=True),
        dict(type='DefaultFormatBundle'),
        dict(type='Collect', keys=['img', 'gt_bboxes', 'gt_labels'])
    ],
    dynamic_scale=(640, 640))
test_pipeline = [
    dict(type='LoadImageFromFile'),
    dict(
        type='MultiScaleFlipAug',
        img_scale=(640, 640),
        flip=False,
        transforms=[
            dict(type='Resize', keep_ratio=True),
            dict(type='RandomFlip'),
            dict(type='Pad', size=(640, 640), pad_val=114.0),
            dict(
                type='Normalize',
                mean=[123.675, 116.28, 103.53],
                std=[58.395, 57.12, 57.375],
                to_rgb=True),
            dict(type='DefaultFormatBundle'),
            dict(type='Collect', keys=['img'])
        ])
]
data = dict(
    samples_per_gpu=2,
    workers_per_gpu=4,
    train=dict(
        type='MultiImageMixDataset',
        dataset=dict(
            type='CocoDataset',
            ann_file='/ayb/UVM_Datasets/voc_train3.json',
            img_prefix='/ayb/UVM_Datasets/voc8/VOCdevkit/VOC2007/JPEGImages',
            pipeline=[
                dict(type='LoadImageFromFile', to_float32=True),
                dict(type='LoadAnnotations', with_bbox=True)
            ],
            filter_empty_gt=False),
        pipeline=[
            dict(type='Mosaic', img_scale=(640, 640), pad_val=114.0),
            dict(
                type='RandomAffine',
                scaling_ratio_range=(0.1, 2),
                border=(-320, -320)),
            dict(
                type='MixUp',
                img_scale=(640, 640),
                ratio_range=(0.8, 1.6),
                pad_val=114.0),
            dict(
                type='PhotoMetricDistortion',
                brightness_delta=32,
                contrast_range=(0.5, 1.5),
                saturation_range=(0.5, 1.5),
                hue_delta=18),
            dict(type='RandomFlip', flip_ratio=0.5),
            dict(type='Resize', keep_ratio=True),
            dict(type='Pad', pad_to_square=True, pad_val=114.0),
            dict(
                type='Normalize',
                mean=[123.675, 116.28, 103.53],
                std=[58.395, 57.12, 57.375],
                to_rgb=True),
            dict(type='DefaultFormatBundle'),
            dict(type='Collect', keys=['img', 'gt_bboxes', 'gt_labels'])
        ],
        dynamic_scale=(640, 640)),
    val=dict(
        type='CocoDataset',
        ann_file='/ayb/UVM_Datasets/voc_valid3.json',
        img_prefix='/ayb/UVM_Datasets/voc8/VOCdevkit/VOC2007/JPEGImages',
        pipeline=[
            dict(type='LoadImageFromFile'),
            dict(
                type='MultiScaleFlipAug',
                img_scale=(640, 640),
                flip=False,
                transforms=[
                    dict(type='Resize', keep_ratio=True),
                    dict(type='RandomFlip'),
                    dict(type='Pad', size=(640, 640), pad_val=114.0),
                    dict(
                        type='Normalize',
                        mean=[123.675, 116.28, 103.53],
                        std=[58.395, 57.12, 57.375],
                        to_rgb=True),
                    dict(type='DefaultFormatBundle'),
                    dict(type='Collect', keys=['img'])
                ])
        ]),
    test=dict(
        type='CocoDataset',
        ann_file='/ayb/UVM_Datasets/voc_test3.json',
        img_prefix='/ayb/UVM_Datasets/voc8/VOCdevkit/VOC2007/JPEGImages',
        pipeline=[
            dict(type='LoadImageFromFile'),
            dict(
                type='MultiScaleFlipAug',
                img_scale=(640, 640),
                flip=False,
                transforms=[
                    dict(type='Resize', keep_ratio=True),
                    dict(type='RandomFlip'),
                    dict(type='Pad', size=(640, 640), pad_val=114.0),
                    dict(
                        type='Normalize',
                        mean=[123.675, 116.28, 103.53],
                        std=[58.395, 57.12, 57.375],
                        to_rgb=True),
                    dict(type='DefaultFormatBundle'),
                    dict(type='Collect', keys=['img'])
                ])
        ]))
interval = 10
evaluation = dict(interval=10, metric='bbox')
work_dir = './work_dirs/yolox_s_8x8_300e_coco'
gpu_ids = [6]

fatal: not a git repository (or any of the parent directories): .git
/root/mmdetection/mmdet/core/hook/sync_random_size_hook.py:38: UserWarning: DeprecationWarning: SyncRandomSizeHook is deprecated. Please use Resize pipeline to achieve similar functions. Due to the multi-process dataloader, its behavior is different from YOLOX's official implementation, the official is to change the size every fixed iteration interval and what we achieved is a fixed epoch interval.
  warnings.warn('DeprecationWarning: SyncRandomSizeHook is deprecated. '
2021-09-24 17:34:18,969 - mmdet - INFO - Start running, host: root@46052755c54b, work_dir: /root/mmdetection/work_dirs/yolox_s_8x8_300e_coco
2021-09-24 17:34:18,970 - mmdet - INFO - Hooks will be executed in the following order:
before_run:
(VERY_HIGH   ) YOLOXLrUpdaterHook                 
(49          ) ExpMomentumEMAHook                 
(NORMAL      ) CheckpointHook                     
(LOW         ) EvalHook                           
(VERY_LOW    ) TextLoggerHook                     
 -------------------- 
before_train_epoch:
(VERY_HIGH   ) YOLOXLrUpdaterHook                 
(48          ) YOLOXModeSwitchHook                
(48          ) SyncNormHook                       
(49          ) ExpMomentumEMAHook                 
(LOW         ) IterTimerHook                      
(LOW         ) EvalHook                           
(VERY_LOW    ) TextLoggerHook                     
 -------------------- 
before_train_iter:
(VERY_HIGH   ) YOLOXLrUpdaterHook                 
(LOW         ) IterTimerHook                      
(LOW         ) EvalHook                           
 -------------------- 
after_train_iter:
(ABOVE_NORMAL) OptimizerHook                      
(49          ) ExpMomentumEMAHook                 
(NORMAL      ) CheckpointHook                     
(LOW         ) IterTimerHook                      
(LOW         ) EvalHook                           
(VERY_LOW    ) TextLoggerHook                     
 -------------------- 
after_train_epoch:
(48          ) SyncRandomSizeHook                 
(48          ) SyncNormHook                       
(49          ) ExpMomentumEMAHook                 
(NORMAL      ) CheckpointHook                     
(LOW         ) EvalHook                           
(VERY_LOW    ) TextLoggerHook                     
 -------------------- 
before_val_epoch:
(LOW         ) IterTimerHook                      
(VERY_LOW    ) TextLoggerHook                     
 -------------------- 
before_val_iter:
(LOW         ) IterTimerHook                      
 -------------------- 
after_val_iter:
(LOW         ) IterTimerHook                      
 -------------------- 
after_val_epoch:
(VERY_LOW    ) TextLoggerHook                     
 -------------------- 
2021-09-24 17:34:18,970 - mmdet - INFO - workflow: [('train', 1)], max: 300 epochs
loading annotations into memory...
Done (t=0.61s)
creating index...
index created!
loading annotations into memory...
Done (t=0.50s)
creating index...
index created!
ERROR: Unexpected bus error encountered in worker. This might be caused by insufficient shared memory (shm).
 
fatal: not a git repository (or any of the parent directories): .git
2021-09-24 17:46:16,570 - mmdet - INFO - Environment info:
------------------------------------------------------------
sys.platform: linux
Python: 3.7.11 (default, Jul 27 2021, 14:32:16) [GCC 7.5.0]
CUDA available: True
GPU 0,1,2,3,4,5: GeForce GTX 1080 Ti
GPU 6,7: GeForce GTX 1080
CUDA_HOME: /usr/local/cuda
NVCC: Cuda compilation tools, release 10.1, V10.1.243
GCC: gcc (Ubuntu 7.5.0-3ubuntu1~18.04) 7.5.0
PyTorch: 1.9.1
PyTorch compiling details: PyTorch built with:
  - GCC 7.3
  - C++ Version: 201402
  - Intel(R) oneAPI Math Kernel Library Version 2021.3-Product Build 20210617 for Intel(R) 64 architecture applications
  - Intel(R) MKL-DNN v2.1.2 (Git Hash 98be7e8afa711dc9b66c8ff3504129cb82013cdb)
  - OpenMP 201511 (a.k.a. OpenMP 4.5)
  - NNPACK is enabled
  - CPU capability usage: AVX2
  - CUDA Runtime 10.2
  - NVCC architecture flags: -gencode;arch=compute_37,code=sm_37;-gencode;arch=compute_50,code=sm_50;-gencode;arch=compute_60,code=sm_60;-gencode;arch=compute_61,code=sm_61;-gencode;arch=compute_70,code=sm_70;-gencode;arch=compute_75,code=sm_75;-gencode;arch=compute_37,code=compute_37
  - CuDNN 7.6.5
  - Magma 2.5.2
  - Build settings: BLAS_INFO=mkl, BUILD_TYPE=Release, CUDA_VERSION=10.2, CUDNN_VERSION=7.6.5, CXX_COMPILER=/opt/rh/devtoolset-7/root/usr/bin/c++, CXX_FLAGS= -Wno-deprecated -fvisibility-inlines-hidden -DUSE_PTHREADPOOL -fopenmp -DNDEBUG -DUSE_KINETO -DUSE_FBGEMM -DUSE_QNNPACK -DUSE_PYTORCH_QNNPACK -DUSE_XNNPACK -DSYMBOLICATE_MOBILE_DEBUG_HANDLE -O2 -fPIC -Wno-narrowing -Wall -Wextra -Werror=return-type -Wno-missing-field-initializers -Wno-type-limits -Wno-array-bounds -Wno-unknown-pragmas -Wno-sign-compare -Wno-unused-parameter -Wno-unused-variable -Wno-unused-function -Wno-unused-result -Wno-unused-local-typedefs -Wno-strict-overflow -Wno-strict-aliasing -Wno-error=deprecated-declarations -Wno-stringop-overflow -Wno-psabi -Wno-error=pedantic -Wno-error=redundant-decls -Wno-error=old-style-cast -fdiagnostics-color=always -faligned-new -Wno-unused-but-set-variable -Wno-maybe-uninitialized -fno-math-errno -fno-trapping-math -Werror=format -Wno-stringop-overflow, LAPACK_INFO=mkl, PERF_WITH_AVX=1, PERF_WITH_AVX2=1, PERF_WITH_AVX512=1, TORCH_VERSION=1.9.1, USE_CUDA=ON, USE_CUDNN=ON, USE_EXCEPTION_PTR=1, USE_GFLAGS=OFF, USE_GLOG=OFF, USE_MKL=ON, USE_MKLDNN=ON, USE_MPI=OFF, USE_NCCL=ON, USE_NNPACK=ON, USE_OPENMP=ON, 

TorchVision: 0.10.1
OpenCV: 4.5.3
MMCV: 1.3.8
MMCV Compiler: GCC 7.5
MMCV CUDA Compiler: 10.1
MMDetection: 2.16.0+
------------------------------------------------------------

2021-09-24 17:46:17,388 - mmdet - INFO - Distributed training: False
2021-09-24 17:46:18,173 - mmdet - INFO - Config:
optimizer = dict(
    type='SGD',
    lr=0.001,
    momentum=0.9,
    weight_decay=0.0005,
    nesterov=True,
    paramwise_cfg=dict(norm_decay_mult=0.0, bias_decay_mult=0.0))
optimizer_config = dict(grad_clip=None)
lr_config = dict(
    policy='YOLOX',
    warmup='exp',
    by_epoch=False,
    warmup_by_epoch=True,
    warmup_ratio=1,
    warmup_iters=5,
    num_last_epochs=15,
    min_lr_ratio=0.05)
runner = dict(type='EpochBasedRunner', max_epochs=300)
checkpoint_config = dict(interval=10)
log_config = dict(interval=50, hooks=[dict(type='TextLoggerHook')])
custom_hooks = [
    dict(type='YOLOXModeSwitchHook', num_last_epochs=15, priority=48),
    dict(
        type='SyncRandomSizeHook',
        ratio_range=(14, 26),
        img_scale=(640, 640),
        priority=48),
    dict(type='SyncNormHook', num_last_epochs=15, interval=10, priority=48),
    dict(type='ExpMomentumEMAHook', resume_from=None, priority=49)
]
dist_params = dict(backend='nccl')
log_level = 'INFO'
load_from = None
resume_from = None
workflow = [('train', 1)]
model = dict(
    type='YOLOX',
    backbone=dict(type='CSPDarknet', deepen_factor=0.33, widen_factor=0.5),
    neck=dict(
        type='YOLOXPAFPN',
        in_channels=[128, 256, 512],
        out_channels=128,
        num_csp_blocks=1),
    bbox_head=dict(
        type='YOLOXHead', num_classes=10, in_channels=128, feat_channels=128),
    train_cfg=dict(assigner=dict(type='SimOTAAssigner', center_radius=2.5)),
    test_cfg=dict(score_thr=0.01, nms=dict(type='nms', iou_threshold=0.65)))
data_root = '/ayb/UVM_Datasets/'
dataset_type = 'CocoDataset'
img_norm_cfg = dict(
    mean=[123.675, 116.28, 103.53], std=[58.395, 57.12, 57.375], to_rgb=True)
img_scale = (640, 640)
train_pipeline = [
    dict(type='Mosaic', img_scale=(640, 640), pad_val=114.0),
    dict(
        type='RandomAffine', scaling_ratio_range=(0.1, 2),
        border=(-320, -320)),
    dict(
        type='MixUp',
        img_scale=(640, 640),
        ratio_range=(0.8, 1.6),
        pad_val=114.0),
    dict(
        type='PhotoMetricDistortion',
        brightness_delta=32,
        contrast_range=(0.5, 1.5),
        saturation_range=(0.5, 1.5),
        hue_delta=18),
    dict(type='RandomFlip', flip_ratio=0.5),
    dict(type='Resize', keep_ratio=True),
    dict(type='Pad', pad_to_square=True, pad_val=114.0),
    dict(
        type='Normalize',
        mean=[123.675, 116.28, 103.53],
        std=[58.395, 57.12, 57.375],
        to_rgb=True),
    dict(type='DefaultFormatBundle'),
    dict(type='Collect', keys=['img', 'gt_bboxes', 'gt_labels'])
]
train_dataset = dict(
    type='MultiImageMixDataset',
    dataset=dict(
        type='CocoDataset',
        ann_file='/ayb/UVM_Datasets/voc_train3.json',
        img_prefix='/ayb/UVM_Datasets/voc8/VOCdevkit/VOC2007/JPEGImages',
        pipeline=[
            dict(type='LoadImageFromFile', to_float32=True),
            dict(type='LoadAnnotations', with_bbox=True)
        ],
        filter_empty_gt=False),
    pipeline=[
        dict(type='Mosaic', img_scale=(640, 640), pad_val=114.0),
        dict(
            type='RandomAffine',
            scaling_ratio_range=(0.1, 2),
            border=(-320, -320)),
        dict(
            type='MixUp',
            img_scale=(640, 640),
            ratio_range=(0.8, 1.6),
            pad_val=114.0),
        dict(
            type='PhotoMetricDistortion',
            brightness_delta=32,
            contrast_range=(0.5, 1.5),
            saturation_range=(0.5, 1.5),
            hue_delta=18),
        dict(type='RandomFlip', flip_ratio=0.5),
        dict(type='Resize', keep_ratio=True),
        dict(type='Pad', pad_to_square=True, pad_val=114.0),
        dict(
            type='Normalize',
            mean=[123.675, 116.28, 103.53],
            std=[58.395, 57.12, 57.375],
            to_rgb=True),
        dict(type='DefaultFormatBundle'),
        dict(type='Collect', keys=['img', 'gt_bboxes', 'gt_labels'])
    ],
    dynamic_scale=(640, 640))
test_pipeline = [
    dict(type='LoadImageFromFile'),
    dict(
        type='MultiScaleFlipAug',
        img_scale=(640, 640),
        flip=False,
        transforms=[
            dict(type='Resize', keep_ratio=True),
            dict(type='RandomFlip'),
            dict(type='Pad', size=(640, 640), pad_val=114.0),
            dict(
                type='Normalize',
                mean=[123.675, 116.28, 103.53],
                std=[58.395, 57.12, 57.375],
                to_rgb=True),
            dict(type='DefaultFormatBundle'),
            dict(type='Collect', keys=['img'])
        ])
]
data = dict(
    samples_per_gpu=2,
    workers_per_gpu=4,
    train=dict(
        type='MultiImageMixDataset',
        dataset=dict(
            type='CocoDataset',
            ann_file='/ayb/UVM_Datasets/voc_train3.json',
            img_prefix='/ayb/UVM_Datasets/voc8/VOCdevkit/VOC2007/JPEGImages',
            pipeline=[
                dict(type='LoadImageFromFile', to_float32=True),
                dict(type='LoadAnnotations', with_bbox=True)
            ],
            filter_empty_gt=False),
        pipeline=[
            dict(type='Mosaic', img_scale=(640, 640), pad_val=114.0),
            dict(
                type='RandomAffine',
                scaling_ratio_range=(0.1, 2),
                border=(-320, -320)),
            dict(
                type='MixUp',
                img_scale=(640, 640),
                ratio_range=(0.8, 1.6),
                pad_val=114.0),
            dict(
                type='PhotoMetricDistortion',
                brightness_delta=32,
                contrast_range=(0.5, 1.5),
                saturation_range=(0.5, 1.5),
                hue_delta=18),
            dict(type='RandomFlip', flip_ratio=0.5),
            dict(type='Resize', keep_ratio=True),
            dict(type='Pad', pad_to_square=True, pad_val=114.0),
            dict(
                type='Normalize',
                mean=[123.675, 116.28, 103.53],
                std=[58.395, 57.12, 57.375],
                to_rgb=True),
            dict(type='DefaultFormatBundle'),
            dict(type='Collect', keys=['img', 'gt_bboxes', 'gt_labels'])
        ],
        dynamic_scale=(640, 640)),
    val=dict(
        type='CocoDataset',
        ann_file='/ayb/UVM_Datasets/voc_valid3.json',
        img_prefix='/ayb/UVM_Datasets/voc8/VOCdevkit/VOC2007/JPEGImages',
        pipeline=[
            dict(type='LoadImageFromFile'),
            dict(
                type='MultiScaleFlipAug',
                img_scale=(640, 640),
                flip=False,
                transforms=[
                    dict(type='Resize', keep_ratio=True),
                    dict(type='RandomFlip'),
                    dict(type='Pad', size=(640, 640), pad_val=114.0),
                    dict(
                        type='Normalize',
                        mean=[123.675, 116.28, 103.53],
                        std=[58.395, 57.12, 57.375],
                        to_rgb=True),
                    dict(type='DefaultFormatBundle'),
                    dict(type='Collect', keys=['img'])
                ])
        ]),
    test=dict(
        type='CocoDataset',
        ann_file='/ayb/UVM_Datasets/voc_test3.json',
        img_prefix='/ayb/UVM_Datasets/voc8/VOCdevkit/VOC2007/JPEGImages',
        pipeline=[
            dict(type='LoadImageFromFile'),
            dict(
                type='MultiScaleFlipAug',
                img_scale=(640, 640),
                flip=False,
                transforms=[
                    dict(type='Resize', keep_ratio=True),
                    dict(type='RandomFlip'),
                    dict(type='Pad', size=(640, 640), pad_val=114.0),
                    dict(
                        type='Normalize',
                        mean=[123.675, 116.28, 103.53],
                        std=[58.395, 57.12, 57.375],
                        to_rgb=True),
                    dict(type='DefaultFormatBundle'),
                    dict(type='Collect', keys=['img'])
                ])
        ]))
interval = 10
evaluation = dict(interval=10, metric='bbox')
work_dir = './work_dirs/yolox_s_8x8_300e_coco'
gpu_ids = [6]

fatal: not a git repository (or any of the parent directories): .git
/root/mmdetection/mmdet/core/hook/sync_random_size_hook.py:38: UserWarning: DeprecationWarning: SyncRandomSizeHook is deprecated. Please use Resize pipeline to achieve similar functions. Due to the multi-process dataloader, its behavior is different from YOLOX's official implementation, the official is to change the size every fixed iteration interval and what we achieved is a fixed epoch interval.
  warnings.warn('DeprecationWarning: SyncRandomSizeHook is deprecated. '
2021-09-24 17:46:24,669 - mmdet - INFO - Start running, host: root@46052755c54b, work_dir: /root/mmdetection/work_dirs/yolox_s_8x8_300e_coco
2021-09-24 17:46:24,670 - mmdet - INFO - Hooks will be executed in the following order:
before_run:
(VERY_HIGH   ) YOLOXLrUpdaterHook                 
(49          ) ExpMomentumEMAHook                 
(NORMAL      ) CheckpointHook                     
(LOW         ) EvalHook                           
(VERY_LOW    ) TextLoggerHook                     
 -------------------- 
before_train_epoch:
(VERY_HIGH   ) YOLOXLrUpdaterHook                 
(48          ) YOLOXModeSwitchHook                
(48          ) SyncNormHook                       
(49          ) ExpMomentumEMAHook                 
(LOW         ) IterTimerHook                      
(LOW         ) EvalHook                           
(VERY_LOW    ) TextLoggerHook                     
 -------------------- 
before_train_iter:
(VERY_HIGH   ) YOLOXLrUpdaterHook                 
(LOW         ) IterTimerHook                      
(LOW         ) EvalHook                           
 -------------------- 
after_train_iter:
(ABOVE_NORMAL) OptimizerHook                      
(49          ) ExpMomentumEMAHook                 
(NORMAL      ) CheckpointHook                     
(LOW         ) IterTimerHook                      
(LOW         ) EvalHook                           
(VERY_LOW    ) TextLoggerHook                     
 -------------------- 
after_train_epoch:
(48          ) SyncRandomSizeHook                 
(48          ) SyncNormHook                       
(49          ) ExpMomentumEMAHook                 
(NORMAL      ) CheckpointHook                     
(LOW         ) EvalHook                           
(VERY_LOW    ) TextLoggerHook                     
 -------------------- 
before_val_epoch:
(LOW         ) IterTimerHook                      
(VERY_LOW    ) TextLoggerHook                     
 -------------------- 
before_val_iter:
(LOW         ) IterTimerHook                      
 -------------------- 
after_val_iter:
(LOW         ) IterTimerHook                      
 -------------------- 
after_val_epoch:
(VERY_LOW    ) TextLoggerHook                     
 -------------------- 
2021-09-24 17:46:24,670 - mmdet - INFO - workflow: [('train', 1)], max: 300 epochs
loading annotations into memory...
Done (t=0.71s)
creating index...
index created!
loading annotations into memory...
Done (t=0.64s)
creating index...
index created!
ERROR: Unexpected bus error encountered in worker. This might be caused by insufficient shared memory (shm).
 ERROR: Unexpected bus error encountered in worker. This might be caused by insufficient shared memory (shm).
 Traceback (most recent call last):
  File "/root/anaconda3/envs/openmmlab/lib/python3.7/multiprocessing/queues.py", line 236, in _feed
    obj = _ForkingPickler.dumps(obj)
  File "/root/anaconda3/envs/openmmlab/lib/python3.7/multiprocessing/reduction.py", line 51, in dumps
    cls(buf, protocol).dump(obj)
  File "/root/anaconda3/envs/openmmlab/lib/python3.7/site-packages/torch/multiprocessing/reductions.py", line 328, in reduce_storage
    fd, size = storage._share_fd_()
RuntimeError: unable to write to file </torch_3121_2615107068>
Traceback (most recent call last):
  File "tools/train.py", line 189, in <module>
    main()
  File "tools/train.py", line 185, in main
    meta=meta)
  File "/root/mmdetection/mmdet/apis/train.py", line 174, in train_detector
    runner.run(data_loaders, cfg.workflow)
  File "/root/anaconda3/envs/openmmlab/lib/python3.7/site-packages/mmcv/runner/epoch_based_runner.py", line 127, in run
    epoch_runner(data_loaders[i], **kwargs)
  File "/root/anaconda3/envs/openmmlab/lib/python3.7/site-packages/mmcv/runner/epoch_based_runner.py", line 50, in train
    self.run_iter(data_batch, train_mode=True, **kwargs)
  File "/root/anaconda3/envs/openmmlab/lib/python3.7/site-packages/mmcv/runner/epoch_based_runner.py", line 30, in run_iter
    **kwargs)
  File "/root/anaconda3/envs/openmmlab/lib/python3.7/site-packages/mmcv/parallel/data_parallel.py", line 67, in train_step
    return self.module.train_step(*inputs[0], **kwargs[0])
  File "/root/mmdetection/mmdet/models/detectors/base.py", line 238, in train_step
    losses = self(**data)
  File "/root/anaconda3/envs/openmmlab/lib/python3.7/site-packages/torch/nn/modules/module.py", line 1051, in _call_impl
    return forward_call(*input, **kwargs)
  File "/root/anaconda3/envs/openmmlab/lib/python3.7/site-packages/mmcv/runner/fp16_utils.py", line 97, in new_func
    return old_func(*args, **kwargs)
  File "/root/mmdetection/mmdet/models/detectors/base.py", line 172, in forward
    return self.forward_train(img, img_metas, **kwargs)
  File "/root/mmdetection/mmdet/models/detectors/single_stage.py", line 82, in forward_train
    x = self.extract_feat(img)
  File "/root/mmdetection/mmdet/models/detectors/single_stage.py", line 43, in extract_feat
    x = self.backbone(img)
  File "/root/anaconda3/envs/openmmlab/lib/python3.7/site-packages/torch/nn/modules/module.py", line 1051, in _call_impl
    return forward_call(*input, **kwargs)
  File "/root/mmdetection/mmdet/models/backbones/csp_darknet.py", line 281, in forward
    x = layer(x)
  File "/root/anaconda3/envs/openmmlab/lib/python3.7/site-packages/torch/nn/modules/module.py", line 1051, in _call_impl
    return forward_call(*input, **kwargs)
  File "/root/mmdetection/mmdet/models/backbones/csp_darknet.py", line 64, in forward
    return self.conv(x)
  File "/root/anaconda3/envs/openmmlab/lib/python3.7/site-packages/torch/nn/modules/module.py", line 1051, in _call_impl
    return forward_call(*input, **kwargs)
  File "/root/anaconda3/envs/openmmlab/lib/python3.7/site-packages/mmcv/cnn/bricks/conv_module.py", line 198, in forward
    x = self.conv(x)
  File "/root/anaconda3/envs/openmmlab/lib/python3.7/site-packages/torch/nn/modules/module.py", line 1051, in _call_impl
    return forward_call(*input, **kwargs)
  File "/root/anaconda3/envs/openmmlab/lib/python3.7/site-packages/torch/nn/modules/conv.py", line 443, in forward
    return self._conv_forward(input, self.weight, self.bias)
  File "/root/anaconda3/envs/openmmlab/lib/python3.7/site-packages/torch/nn/modules/conv.py", line 440, in _conv_forward
    self.padding, self.dilation, self.groups)
  File "/root/anaconda3/envs/openmmlab/lib/python3.7/site-packages/torch/utils/data/_utils/signal_handling.py", line 66, in handler
    _error_if_any_worker_fails()
RuntimeError: DataLoader worker (pid 3057) is killed by signal: Bus error. It is possible that dataloader's workers are out of shared memory. Please try to raise your shared memory limit.
Traceback (most recent call last):
  File "/home/ayb/origin1/tools/train.py", line 189, in <module>
    main()
  File "/home/ayb/origin1/tools/train.py", line 90, in main
    cfg = Config.fromfile(args.config)
  File "/home/ayb/.conda/envs/mmdetection/lib/python3.9/site-packages/mmcv/utils/config.py", line 331, in fromfile
    cfg_dict, cfg_text = Config._file2dict(filename,
  File "/home/ayb/.conda/envs/mmdetection/lib/python3.9/site-packages/mmcv/utils/config.py", line 194, in _file2dict
    Config._substitute_predefined_vars(filename,
  File "/home/ayb/.conda/envs/mmdetection/lib/python3.9/site-packages/mmcv/utils/config.py", line 119, in _substitute_predefined_vars
    config_file = f.read()
  File "/home/ayb/.conda/envs/mmdetection/lib/python3.9/codecs.py", line 322, in decode
    (result, consumed) = self._buffer_decode(data, self.errors, final)
UnicodeDecodeError: 'utf-8' codec can't decode byte 0xa3 in position 31: invalid start byte
Exception ignored in: <function _TemporaryFileCloser.__del__ at 0x7fc88634b790>
Traceback (most recent call last):
  File "/home/ayb/.conda/envs/mmdetection/lib/python3.9/tempfile.py", line 441, in __del__
    self.close()
  File "/home/ayb/.conda/envs/mmdetection/lib/python3.9/tempfile.py", line 437, in close
    unlink(self.name)
FileNotFoundError: [Errno 2] No such file or directory: '/tmp/tmpcdqi776k/tmpec22tx42.py'
